# JRE version: OpenJDK Runtime Environment (11.0+28) (build 11+28)
# Java VM: OpenJDK 64-Bit Server VM (11+28, mixed mode, tiered, compressed oops, parallel gc, windows-amd64)
Heap:
 PSYoungGen      total 21504K, used 8593K [0x00000000eab00000, 0x00000000ed180000, 0x0000000100000000)
  eden space 19456K, 40% used [0x00000000eab00000,0x00000000eb2a8610,0x00000000ebe00000)
  from space 2048K, 36% used [0x00000000ecd80000,0x00000000ece3c010,0x00000000ecf80000)
  to   space 1536K, 0% used [0x00000000ed000000,0x00000000ed000000,0x00000000ed180000)
 ParOldGen       total 211456K, used 171322K [0x00000000c0000000, 0x00000000cce80000, 0x00000000eab00000)
  object space 211456K, 81% used [0x00000000c0000000,0x00000000ca74eb78,0x00000000cce80000)
 Metaspace       used 93984K, capacity 97941K, committed 98068K, reserved 1138688K
  class space    used 8449K, capacity 9833K, committed 9856K, reserved 1048576K
GC Heap History (10 events):
Event: 10493.325 GC heap before
{Heap before GC invocations=13148 (full 344):
 PSYoungGen      total 19968K, used 19866K [0x00000000eab00000, 0x00000000ed300000, 0x0000000100000000)
  eden space 19456K, 100% used [0x00000000eab00000,0x00000000ebe00000,0x00000000ebe00000)
  from space 512K, 80% used [0x00000000ed280000,0x00000000ed2e6900,0x00000000ed300000)
  to   space 7168K, 0% used [0x00000000ec500000,0x00000000ec500000,0x00000000ecc00000)
 ParOldGen       total 211456K, used 167947K [0x00000000c0000000, 0x00000000cce80000, 0x00000000eab00000)
  object space 211456K, 79% used [0x00000000c0000000,0x00000000ca402c80,0x00000000cce80000)
 Metaspace       used 93952K, capacity 97877K, committed 98068K, reserved 1138688K
  class space    used 8449K, capacity 9833K, committed 9856K, reserved 1048576K
}
Event: 10493.331 GC heap after
{Heap after GC invocations=13148 (full 344):
 PSYoungGen      total 26624K, used 480K [0x00000000eab00000, 0x00000000ed300000, 0x0000000100000000)
  eden space 19456K, 0% used [0x00000000eab00000,0x00000000eab00000,0x00000000ebe00000)
  from space 7168K, 6% used [0x00000000ec500000,0x00000000ec578040,0x00000000ecc00000)
  to   space 2048K, 0% used [0x00000000ed100000,0x00000000ed100000,0x00000000ed300000)
 ParOldGen       total 211456K, used 168199K [0x00000000c0000000, 0x00000000cce80000, 0x00000000eab00000)
  object space 211456K, 79% used [0x00000000c0000000,0x00000000ca441e80,0x00000000cce80000)
 Metaspace       used 93952K, capacity 97877K, committed 98068K, reserved 1138688K
  class space    used 8449K, capacity 9833K, committed 9856K, reserved 1048576K
}
Event: 10493.390 GC heap before
{Heap before GC invocations=13149 (full 344):
 PSYoungGen      total 26624K, used 19936K [0x00000000eab00000, 0x00000000ed300000, 0x0000000100000000)
  eden space 19456K, 100% used [0x00000000eab00000,0x00000000ebe00000,0x00000000ebe00000)
  from space 7168K, 6% used [0x00000000ec500000,0x00000000ec578040,0x00000000ecc00000)
  to   space 2048K, 0% used [0x00000000ed100000,0x00000000ed100000,0x00000000ed300000)
 ParOldGen       total 211456K, used 168199K [0x00000000c0000000, 0x00000000cce80000, 0x00000000eab00000)
  object space 211456K, 79% used [0x00000000c0000000,0x00000000ca441e80,0x00000000cce80000)
 Metaspace       used 93952K, capacity 97877K, committed 98068K, reserved 1138688K
  class space    used 8449K, capacity 9833K, committed 9856K, reserved 1048576K
}
Event: 10493.394 GC heap after
{Heap after GC invocations=13149 (full 344):
 PSYoungGen      total 20992K, used 1120K [0x00000000eab00000, 0x00000000ed280000, 0x0000000100000000)
  eden space 19456K, 0% used [0x00000000eab00000,0x00000000eab00000,0x00000000ebe00000)
  from space 1536K, 72% used [0x00000000ed100000,0x00000000ed218000,0x00000000ed280000)
  to   space 1536K, 0% used [0x00000000ecf80000,0x00000000ecf80000,0x00000000ed100000)
 ParOldGen       total 211456K, used 168551K [0x00000000c0000000, 0x00000000cce80000, 0x00000000eab00000)
  object space 211456K, 79% used [0x00000000c0000000,0x00000000ca499ec0,0x00000000cce80000)
 Metaspace       used 93952K, capacity 97877K, committed 98068K, reserved 1138688K
  class space    used 8449K, capacity 9833K, committed 9856K, reserved 1048576K
}
Event: 10493.474 GC heap before
{Heap before GC invocations=13150 (full 344):
 PSYoungGen      total 20992K, used 20576K [0x00000000eab00000, 0x00000000ed280000, 0x0000000100000000)
  eden space 19456K, 100% used [0x00000000eab00000,0x00000000ebe00000,0x00000000ebe00000)
  from space 1536K, 72% used [0x00000000ed100000,0x00000000ed218000,0x00000000ed280000)
  to   space 1536K, 0% used [0x00000000ecf80000,0x00000000ecf80000,0x00000000ed100000)
 ParOldGen       total 211456K, used 168551K [0x00000000c0000000, 0x00000000cce80000, 0x00000000eab00000)
  object space 211456K, 79% used [0x00000000c0000000,0x00000000ca499ec0,0x00000000cce80000)
 Metaspace       used 93952K, capacity 97877K, committed 98068K, reserved 1138688K
  class space    used 8449K, capacity 9833K, committed 9856K, reserved 1048576K
}
Event: 10493.480 GC heap after
{Heap after GC invocations=13150 (full 344):
 PSYoungGen      total 20992K, used 1498K [0x00000000eab00000, 0x00000000ed180000, 0x0000000100000000)
  eden space 19456K, 0% used [0x00000000eab00000,0x00000000eab00000,0x00000000ebe00000)
  from space 1536K, 97% used [0x00000000ecf80000,0x00000000ed0f6900,0x00000000ed100000)
  to   space 512K, 0% used [0x00000000ed100000,0x00000000ed100000,0x00000000ed180000)
 ParOldGen       total 211456K, used 169555K [0x00000000c0000000, 0x00000000cce80000, 0x00000000eab00000)
  object space 211456K, 80% used [0x00000000c0000000,0x00000000ca594f30,0x00000000cce80000)
 Metaspace       used 93952K, capacity 97877K, committed 98068K, reserved 1138688K
  class space    used 8449K, capacity 9833K, committed 9856K, reserved 1048576K
}
Event: 10493.533 GC heap before
{Heap before GC invocations=13151 (full 344):
 PSYoungGen      total 20992K, used 20954K [0x00000000eab00000, 0x00000000ed180000, 0x0000000100000000)
  eden space 19456K, 100% used [0x00000000eab00000,0x00000000ebe00000,0x00000000ebe00000)
  from space 1536K, 97% used [0x00000000ecf80000,0x00000000ed0f6900,0x00000000ed100000)
  to   space 512K, 0% used [0x00000000ed100000,0x00000000ed100000,0x00000000ed180000)
 ParOldGen       total 211456K, used 169555K [0x00000000c0000000, 0x00000000cce80000, 0x00000000eab00000)
  object space 211456K, 80% used [0x00000000c0000000,0x00000000ca594f30,0x00000000cce80000)
 Metaspace       used 93952K, capacity 97877K, committed 98068K, reserved 1138688K
  class space    used 8449K, capacity 9833K, committed 9856K, reserved 1048576K
}
Event: 10493.538 GC heap after
{Heap after GC invocations=13151 (full 344):
 PSYoungGen      total 19968K, used 512K [0x00000000eab00000, 0x00000000ed180000, 0x0000000100000000)
  eden space 19456K, 0% used [0x00000000eab00000,0x00000000eab00000,0x00000000ebe00000)
  from space 512K, 100% used [0x00000000ed100000,0x00000000ed180000,0x00000000ed180000)
  to   space 2048K, 0% used [0x00000000ecd80000,0x00000000ecd80000,0x00000000ecf80000)
 ParOldGen       total 211456K, used 170798K [0x00000000c0000000, 0x00000000cce80000, 0x00000000eab00000)
  object space 211456K, 80% used [0x00000000c0000000,0x00000000ca6cbb68,0x00000000cce80000)
 Metaspace       used 93952K, capacity 97877K, committed 98068K, reserved 1138688K
  class space    used 8449K, capacity 9833K, committed 9856K, reserved 1048576K
}
Event: 10516.214 GC heap before
{Heap before GC invocations=13152 (full 344):
 PSYoungGen      total 19968K, used 19968K [0x00000000eab00000, 0x00000000ed180000, 0x0000000100000000)
  eden space 19456K, 100% used [0x00000000eab00000,0x00000000ebe00000,0x00000000ebe00000)
  from space 512K, 100% used [0x00000000ed100000,0x00000000ed180000,0x00000000ed180000)
  to   space 2048K, 0% used [0x00000000ecd80000,0x00000000ecd80000,0x00000000ecf80000)
 ParOldGen       total 211456K, used 170798K [0x00000000c0000000, 0x00000000cce80000, 0x00000000eab00000)
  object space 211456K, 80% used [0x00000000c0000000,0x00000000ca6cbb68,0x00000000cce80000)
 Metaspace       used 93953K, capacity 97877K, committed 98068K, reserved 1138688K
  class space    used 8449K, capacity 9833K, committed 9856K, reserved 1048576K
}
Event: 10516.220 GC heap after
{Heap after GC invocations=13152 (full 344):
 PSYoungGen      total 21504K, used 752K [0x00000000eab00000, 0x00000000ed180000, 0x0000000100000000)
  eden space 19456K, 0% used [0x00000000eab00000,0x00000000eab00000,0x00000000ebe00000)
  from space 2048K, 36% used [0x00000000ecd80000,0x00000000ece3c010,0x00000000ecf80000)
  to   space 1536K, 0% used [0x00000000ed000000,0x00000000ed000000,0x00000000ed180000)
 ParOldGen       total 211456K, used 171322K [0x00000000c0000000, 0x00000000cce80000, 0x00000000eab00000)
  object space 211456K, 81% used [0x00000000c0000000,0x00000000ca74eb78,0x00000000cce80000)
 Metaspace       used 93953K, capacity 97877K, committed 98068K, reserved 1138688K
  class space    used 8449K, capacity 9833K, committed 9856K, reserved 1048576K
}

