-------------------------------------------------------------------------------
Test set: es.ucm.fdi.iw.gotour.GotourApplicationTests
-------------------------------------------------------------------------------
Tests run: 1, Failures: 0, Errors: 1, Skipped: 0, Time elapsed: 5.649 s <<< FAILURE! - in es.ucm.fdi.iw.gotour.GotourApplicationTests
contextLoads  Time elapsed: 0.001 s  <<< ERROR!
java.lang.IllegalStateException: Failed to load ApplicationContext
Caused by: org.springframework.beans.factory.BeanCreationException: 
Error creating bean with name 'entityManagerFactory' defined in class path resource [org/springframework/boot/autoconfigure/orm/jpa/HibernateJpaConfiguration.class]: Invocation of init method failed; nested exception is javax.persistence.PersistenceException: [PersistenceUnit: default] Unable to build Hibernate SessionFactory; nested exception is org.hibernate.HibernateException: Errors in named queries: 
userDrop failed because of: org.hibernate.hql.internal.ast.QuerySyntaxException: unexpected token: from near line 1, column 10 [delete u from es.ucm.fdi.iw.gotour.model.User u where u.username = :username]
Caused by: javax.persistence.PersistenceException: 
[PersistenceUnit: default] Unable to build Hibernate SessionFactory; nested exception is org.hibernate.HibernateException: Errors in named queries: 
userDrop failed because of: org.hibernate.hql.internal.ast.QuerySyntaxException: unexpected token: from near line 1, column 10 [delete u from es.ucm.fdi.iw.gotour.model.User u where u.username = :username]
Caused by: org.hibernate.HibernateException: 
Errors in named queries: 
userDrop failed because of: org.hibernate.hql.internal.ast.QuerySyntaxException: unexpected token: from near line 1, column 10 [delete u from es.ucm.fdi.iw.gotour.model.User u where u.username = :username]

