13:08:30.544 [main] INFO  o.s.b.t.c.SpringBootTestContextBootstrapper - Neither @ContextConfiguration nor @ContextHierarchy found for test class [es.ucm.fdi.iw.gotour.GotourApplicationTests], using SpringBootContextLoader
13:08:30.552 [main] INFO  o.s.t.c.s.AbstractContextLoader - Could not detect default resource locations for test class [es.ucm.fdi.iw.gotour.GotourApplicationTests]: no resource found for suffixes {-context.xml, Context.groovy}.
13:08:30.553 [main] INFO  o.s.t.c.s.AnnotationConfigContextLoaderUtils - Could not detect default configuration classes for test class [es.ucm.fdi.iw.gotour.GotourApplicationTests]: GotourApplicationTests does not declare any static, non-private, non-final, nested classes annotated with @Configuration.
13:08:30.684 [main] INFO  o.s.b.t.c.SpringBootTestContextBootstrapper - Found @SpringBootConfiguration es.ucm.fdi.iw.gotour.IwApplication for test class es.ucm.fdi.iw.gotour.GotourApplicationTests
13:08:30.778 [main] INFO  o.s.b.t.c.SpringBootTestContextBootstrapper - Loaded default TestExecutionListener class names from location [META-INF/spring.factories]: [org.springframework.boot.test.mock.mockito.MockitoTestExecutionListener, org.springframework.boot.test.mock.mockito.ResetMocksTestExecutionListener, org.springframework.boot.test.autoconfigure.restdocs.RestDocsTestExecutionListener, org.springframework.boot.test.autoconfigure.web.client.MockRestServiceServerResetTestExecutionListener, org.springframework.boot.test.autoconfigure.web.servlet.MockMvcPrintOnlyOnFailureTestExecutionListener, org.springframework.boot.test.autoconfigure.web.servlet.WebDriverTestExecutionListener, org.springframework.boot.test.autoconfigure.webservices.client.MockWebServiceServerTestExecutionListener, org.springframework.test.context.web.ServletTestExecutionListener, org.springframework.test.context.support.DirtiesContextBeforeModesTestExecutionListener, org.springframework.test.context.support.DependencyInjectionTestExecutionListener, org.springframework.test.context.support.DirtiesContextTestExecutionListener, org.springframework.test.context.transaction.TransactionalTestExecutionListener, org.springframework.test.context.jdbc.SqlScriptsTestExecutionListener, org.springframework.test.context.event.EventPublishingTestExecutionListener, org.springframework.security.test.context.support.WithSecurityContextTestExecutionListener, org.springframework.security.test.context.support.ReactorContextTestExecutionListener]
13:08:30.807 [main] INFO  o.s.b.t.c.SpringBootTestContextBootstrapper - Using TestExecutionListeners: [org.springframework.test.context.web.ServletTestExecutionListener@5f59185e, org.springframework.test.context.support.DirtiesContextBeforeModesTestExecutionListener@60bdf15d, org.springframework.boot.test.mock.mockito.MockitoTestExecutionListener@47da3952, org.springframework.boot.test.autoconfigure.SpringBootDependencyInjectionTestExecutionListener@51e4ccb3, org.springframework.test.context.support.DirtiesContextTestExecutionListener@46e8a539, org.springframework.test.context.transaction.TransactionalTestExecutionListener@495083a0, org.springframework.test.context.jdbc.SqlScriptsTestExecutionListener@5fd62371, org.springframework.test.context.event.EventPublishingTestExecutionListener@28a0fd6c, org.springframework.security.test.context.support.WithSecurityContextTestExecutionListener@2b62442c, org.springframework.security.test.context.support.ReactorContextTestExecutionListener@66629f63, org.springframework.boot.test.mock.mockito.ResetMocksTestExecutionListener@841e575, org.springframework.boot.test.autoconfigure.restdocs.RestDocsTestExecutionListener@27a5328c, org.springframework.boot.test.autoconfigure.web.client.MockRestServiceServerResetTestExecutionListener@1e5f4170, org.springframework.boot.test.autoconfigure.web.servlet.MockMvcPrintOnlyOnFailureTestExecutionListener@6c345c5f, org.springframework.boot.test.autoconfigure.web.servlet.WebDriverTestExecutionListener@6b5966e1, org.springframework.boot.test.autoconfigure.webservices.client.MockWebServiceServerTestExecutionListener@65e61854]
13:08:31.159 [main] INFO  e.u.f.i.g.GotourApplicationTests - Starting GotourApplicationTests using Java 11.0.10 on LAPTOP-4284717P with PID 17264 (started by ferna in C:\Users\ferna\OneDrive\Documentos\GitHub\GoTour\GoTour)
13:08:31.160 [main] INFO  e.u.f.i.g.GotourApplicationTests - The following profiles are active: default
13:08:31.203 [main] DEBUG o.s.w.c.s.GenericWebApplicationContext - Refreshing org.springframework.web.context.support.GenericWebApplicationContext@4c9e9fb8
13:08:31.940 [main] INFO  o.s.d.r.c.RepositoryConfigurationDelegate - Bootstrapping Spring Data JPA repositories in DEFERRED mode.
13:08:31.972 [main] INFO  o.s.d.r.c.RepositoryConfigurationDelegate - Finished Spring Data repository scanning in 21 ms. Found 0 JPA repository interfaces.
13:08:32.606 [main] INFO  com.zaxxer.hikari.HikariDataSource - HikariPool-1 - Starting...
13:08:32.796 [main] INFO  com.zaxxer.hikari.HikariDataSource - HikariPool-1 - Start completed.
13:08:32.871 [main] INFO  o.h.jpa.internal.util.LogHelper - HHH000204: Processing PersistenceUnitInfo [name: default]
13:08:32.936 [main] INFO  org.hibernate.Version - HHH000412: Hibernate ORM core version 5.4.23.Final
13:08:33.112 [main] INFO  o.h.annotations.common.Version - HCANN000001: Hibernate Commons Annotations {5.1.2.Final}
13:08:33.344 [main] DEBUG org.hibernate.type.BasicTypeRegistry - Adding type registration boolean -> org.hibernate.type.BooleanType@37c1cfa
13:08:33.344 [main] DEBUG org.hibernate.type.BasicTypeRegistry - Adding type registration boolean -> org.hibernate.type.BooleanType@37c1cfa
13:08:33.344 [main] DEBUG org.hibernate.type.BasicTypeRegistry - Adding type registration java.lang.Boolean -> org.hibernate.type.BooleanType@37c1cfa
13:08:33.345 [main] DEBUG org.hibernate.type.BasicTypeRegistry - Adding type registration numeric_boolean -> org.hibernate.type.NumericBooleanType@537b3b2e
13:08:33.346 [main] DEBUG org.hibernate.type.BasicTypeRegistry - Adding type registration true_false -> org.hibernate.type.TrueFalseType@221ca495
13:08:33.346 [main] DEBUG org.hibernate.type.BasicTypeRegistry - Adding type registration yes_no -> org.hibernate.type.YesNoType@3a38e4dc
13:08:33.347 [main] DEBUG org.hibernate.type.BasicTypeRegistry - Adding type registration byte -> org.hibernate.type.ByteType@4628a02b
13:08:33.348 [main] DEBUG org.hibernate.type.BasicTypeRegistry - Adding type registration byte -> org.hibernate.type.ByteType@4628a02b
13:08:33.348 [main] DEBUG org.hibernate.type.BasicTypeRegistry - Adding type registration java.lang.Byte -> org.hibernate.type.ByteType@4628a02b
13:08:33.350 [main] DEBUG org.hibernate.type.BasicTypeRegistry - Adding type registration character -> org.hibernate.type.CharacterType@5203c80f
13:08:33.350 [main] DEBUG org.hibernate.type.BasicTypeRegistry - Adding type registration char -> org.hibernate.type.CharacterType@5203c80f
13:08:33.350 [main] DEBUG org.hibernate.type.BasicTypeRegistry - Adding type registration java.lang.Character -> org.hibernate.type.CharacterType@5203c80f
13:08:33.352 [main] DEBUG org.hibernate.type.BasicTypeRegistry - Adding type registration short -> org.hibernate.type.ShortType@4cae66a8
13:08:33.352 [main] DEBUG org.hibernate.type.BasicTypeRegistry - Adding type registration short -> org.hibernate.type.ShortType@4cae66a8
13:08:33.352 [main] DEBUG org.hibernate.type.BasicTypeRegistry - Adding type registration java.lang.Short -> org.hibernate.type.ShortType@4cae66a8
13:08:33.354 [main] DEBUG org.hibernate.type.BasicTypeRegistry - Adding type registration integer -> org.hibernate.type.IntegerType@3181d4de
13:08:33.355 [main] DEBUG org.hibernate.type.BasicTypeRegistry - Adding type registration int -> org.hibernate.type.IntegerType@3181d4de
13:08:33.355 [main] DEBUG org.hibernate.type.BasicTypeRegistry - Adding type registration java.lang.Integer -> org.hibernate.type.IntegerType@3181d4de
13:08:33.358 [main] DEBUG org.hibernate.type.BasicTypeRegistry - Adding type registration long -> org.hibernate.type.LongType@3cf55e0c
13:08:33.358 [main] DEBUG org.hibernate.type.BasicTypeRegistry - Adding type registration long -> org.hibernate.type.LongType@3cf55e0c
13:08:33.358 [main] DEBUG org.hibernate.type.BasicTypeRegistry - Adding type registration java.lang.Long -> org.hibernate.type.LongType@3cf55e0c
13:08:33.360 [main] DEBUG org.hibernate.type.BasicTypeRegistry - Adding type registration float -> org.hibernate.type.FloatType@3afca2c
13:08:33.360 [main] DEBUG org.hibernate.type.BasicTypeRegistry - Adding type registration float -> org.hibernate.type.FloatType@3afca2c
13:08:33.360 [main] DEBUG org.hibernate.type.BasicTypeRegistry - Adding type registration java.lang.Float -> org.hibernate.type.FloatType@3afca2c
13:08:33.362 [main] DEBUG org.hibernate.type.BasicTypeRegistry - Adding type registration double -> org.hibernate.type.DoubleType@6d7b001b
13:08:33.362 [main] DEBUG org.hibernate.type.BasicTypeRegistry - Adding type registration double -> org.hibernate.type.DoubleType@6d7b001b
13:08:33.362 [main] DEBUG org.hibernate.type.BasicTypeRegistry - Adding type registration java.lang.Double -> org.hibernate.type.DoubleType@6d7b001b
13:08:33.364 [main] DEBUG org.hibernate.type.BasicTypeRegistry - Adding type registration big_decimal -> org.hibernate.type.BigDecimalType@d6b532f
13:08:33.364 [main] DEBUG org.hibernate.type.BasicTypeRegistry - Adding type registration java.math.BigDecimal -> org.hibernate.type.BigDecimalType@d6b532f
13:08:33.366 [main] DEBUG org.hibernate.type.BasicTypeRegistry - Adding type registration big_integer -> org.hibernate.type.BigIntegerType@733534f9
13:08:33.366 [main] DEBUG org.hibernate.type.BasicTypeRegistry - Adding type registration java.math.BigInteger -> org.hibernate.type.BigIntegerType@733534f9
13:08:33.368 [main] DEBUG org.hibernate.type.BasicTypeRegistry - Adding type registration string -> org.hibernate.type.StringType@61853c7e
13:08:33.368 [main] DEBUG org.hibernate.type.BasicTypeRegistry - Adding type registration java.lang.String -> org.hibernate.type.StringType@61853c7e
13:08:33.369 [main] DEBUG org.hibernate.type.BasicTypeRegistry - Adding type registration nstring -> org.hibernate.type.StringNVarcharType@5be4be74
13:08:33.370 [main] DEBUG org.hibernate.type.BasicTypeRegistry - Adding type registration ncharacter -> org.hibernate.type.CharacterNCharType@27bcb4ad
13:08:33.372 [main] DEBUG org.hibernate.type.BasicTypeRegistry - Adding type registration url -> org.hibernate.type.UrlType@1e191150
13:08:33.373 [main] DEBUG org.hibernate.type.BasicTypeRegistry - Adding type registration java.net.URL -> org.hibernate.type.UrlType@1e191150
13:08:33.375 [main] DEBUG org.hibernate.type.BasicTypeRegistry - Adding type registration Duration -> org.hibernate.type.DurationType@aca3c85
13:08:33.376 [main] DEBUG org.hibernate.type.BasicTypeRegistry - Adding type registration java.time.Duration -> org.hibernate.type.DurationType@aca3c85
13:08:33.377 [main] DEBUG org.hibernate.type.BasicTypeRegistry - Adding type registration Instant -> org.hibernate.type.InstantType@69a373fd
13:08:33.378 [main] DEBUG org.hibernate.type.BasicTypeRegistry - Adding type registration java.time.Instant -> org.hibernate.type.InstantType@69a373fd
13:08:33.380 [main] DEBUG org.hibernate.type.BasicTypeRegistry - Adding type registration LocalDateTime -> org.hibernate.type.LocalDateTimeType@6df11e91
13:08:33.380 [main] DEBUG org.hibernate.type.BasicTypeRegistry - Adding type registration java.time.LocalDateTime -> org.hibernate.type.LocalDateTimeType@6df11e91
13:08:33.382 [main] DEBUG org.hibernate.type.BasicTypeRegistry - Adding type registration LocalDate -> org.hibernate.type.LocalDateType@4044589a
13:08:33.382 [main] DEBUG org.hibernate.type.BasicTypeRegistry - Adding type registration java.time.LocalDate -> org.hibernate.type.LocalDateType@4044589a
13:08:33.384 [main] DEBUG org.hibernate.type.BasicTypeRegistry - Adding type registration LocalTime -> org.hibernate.type.LocalTimeType@edb83f8
13:08:33.384 [main] DEBUG org.hibernate.type.BasicTypeRegistry - Adding type registration java.time.LocalTime -> org.hibernate.type.LocalTimeType@edb83f8
13:08:33.386 [main] DEBUG org.hibernate.type.BasicTypeRegistry - Adding type registration OffsetDateTime -> org.hibernate.type.OffsetDateTimeType@7d401cdc
13:08:33.386 [main] DEBUG org.hibernate.type.BasicTypeRegistry - Adding type registration java.time.OffsetDateTime -> org.hibernate.type.OffsetDateTimeType@7d401cdc
13:08:33.388 [main] DEBUG org.hibernate.type.BasicTypeRegistry - Adding type registration OffsetTime -> org.hibernate.type.OffsetTimeType@2bb31455
13:08:33.388 [main] DEBUG org.hibernate.type.BasicTypeRegistry - Adding type registration java.time.OffsetTime -> org.hibernate.type.OffsetTimeType@2bb31455
13:08:33.390 [main] DEBUG org.hibernate.type.BasicTypeRegistry - Adding type registration ZonedDateTime -> org.hibernate.type.ZonedDateTimeType@51fe7f15
13:08:33.391 [main] DEBUG org.hibernate.type.BasicTypeRegistry - Adding type registration java.time.ZonedDateTime -> org.hibernate.type.ZonedDateTimeType@51fe7f15
13:08:33.393 [main] DEBUG org.hibernate.type.BasicTypeRegistry - Adding type registration date -> org.hibernate.type.DateType@27bc1d44
13:08:33.393 [main] DEBUG org.hibernate.type.BasicTypeRegistry - Adding type registration java.sql.Date -> org.hibernate.type.DateType@27bc1d44
13:08:33.395 [main] DEBUG org.hibernate.type.BasicTypeRegistry - Adding type registration time -> org.hibernate.type.TimeType@2dcd0e41
13:08:33.395 [main] DEBUG org.hibernate.type.BasicTypeRegistry - Adding type registration java.sql.Time -> org.hibernate.type.TimeType@2dcd0e41
13:08:33.397 [main] DEBUG org.hibernate.type.BasicTypeRegistry - Adding type registration timestamp -> org.hibernate.type.TimestampType@762a10b6
13:08:33.398 [main] DEBUG org.hibernate.type.BasicTypeRegistry - Adding type registration java.sql.Timestamp -> org.hibernate.type.TimestampType@762a10b6
13:08:33.398 [main] DEBUG org.hibernate.type.BasicTypeRegistry - Adding type registration java.util.Date -> org.hibernate.type.TimestampType@762a10b6
13:08:33.400 [main] DEBUG org.hibernate.type.BasicTypeRegistry - Adding type registration dbtimestamp -> org.hibernate.type.DbTimestampType@3e0a9b1d
13:08:33.401 [main] DEBUG org.hibernate.type.BasicTypeRegistry - Adding type registration calendar -> org.hibernate.type.CalendarType@72224107
13:08:33.401 [main] DEBUG org.hibernate.type.BasicTypeRegistry - Adding type registration java.util.Calendar -> org.hibernate.type.CalendarType@72224107
13:08:33.402 [main] DEBUG org.hibernate.type.BasicTypeRegistry - Adding type registration java.util.GregorianCalendar -> org.hibernate.type.CalendarType@72224107
13:08:33.403 [main] DEBUG org.hibernate.type.BasicTypeRegistry - Adding type registration calendar_date -> org.hibernate.type.CalendarDateType@1689527c
13:08:33.405 [main] DEBUG org.hibernate.type.BasicTypeRegistry - Adding type registration calendar_time -> org.hibernate.type.CalendarTimeType@e01a26b
13:08:33.407 [main] DEBUG org.hibernate.type.BasicTypeRegistry - Adding type registration locale -> org.hibernate.type.LocaleType@2049e582
13:08:33.407 [main] DEBUG org.hibernate.type.BasicTypeRegistry - Adding type registration java.util.Locale -> org.hibernate.type.LocaleType@2049e582
13:08:33.409 [main] DEBUG org.hibernate.type.BasicTypeRegistry - Adding type registration currency -> org.hibernate.type.CurrencyType@3214bad
13:08:33.409 [main] DEBUG org.hibernate.type.BasicTypeRegistry - Adding type registration java.util.Currency -> org.hibernate.type.CurrencyType@3214bad
13:08:33.410 [main] DEBUG org.hibernate.type.BasicTypeRegistry - Adding type registration timezone -> org.hibernate.type.TimeZoneType@4c5406b
13:08:33.411 [main] DEBUG org.hibernate.type.BasicTypeRegistry - Adding type registration java.util.TimeZone -> org.hibernate.type.TimeZoneType@4c5406b
13:08:33.412 [main] DEBUG org.hibernate.type.BasicTypeRegistry - Adding type registration class -> org.hibernate.type.ClassType@5170bc02
13:08:33.413 [main] DEBUG org.hibernate.type.BasicTypeRegistry - Adding type registration java.lang.Class -> org.hibernate.type.ClassType@5170bc02
13:08:33.414 [main] DEBUG org.hibernate.type.BasicTypeRegistry - Adding type registration uuid-binary -> org.hibernate.type.UUIDBinaryType@14d1737a
13:08:33.415 [main] DEBUG org.hibernate.type.BasicTypeRegistry - Adding type registration java.util.UUID -> org.hibernate.type.UUIDBinaryType@14d1737a
13:08:33.415 [main] DEBUG org.hibernate.type.BasicTypeRegistry - Adding type registration uuid-char -> org.hibernate.type.UUIDCharType@1e120628
13:08:33.417 [main] DEBUG org.hibernate.type.BasicTypeRegistry - Adding type registration binary -> org.hibernate.type.BinaryType@5b332439
13:08:33.417 [main] DEBUG org.hibernate.type.BasicTypeRegistry - Adding type registration byte[] -> org.hibernate.type.BinaryType@5b332439
13:08:33.417 [main] DEBUG org.hibernate.type.BasicTypeRegistry - Adding type registration [B -> org.hibernate.type.BinaryType@5b332439
13:08:33.419 [main] DEBUG org.hibernate.type.BasicTypeRegistry - Adding type registration wrapper-binary -> org.hibernate.type.WrapperBinaryType@45b7c97f
13:08:33.419 [main] DEBUG org.hibernate.type.BasicTypeRegistry - Adding type registration Byte[] -> org.hibernate.type.WrapperBinaryType@45b7c97f
13:08:33.419 [main] DEBUG org.hibernate.type.BasicTypeRegistry - Adding type registration [Ljava.lang.Byte; -> org.hibernate.type.WrapperBinaryType@45b7c97f
13:08:33.421 [main] DEBUG org.hibernate.type.BasicTypeRegistry - Adding type registration row_version -> org.hibernate.type.RowVersionType@4e5c8ef3
13:08:33.422 [main] DEBUG org.hibernate.type.BasicTypeRegistry - Adding type registration image -> org.hibernate.type.ImageType@22865072
13:08:33.425 [main] DEBUG org.hibernate.type.BasicTypeRegistry - Adding type registration characters -> org.hibernate.type.CharArrayType@25e8e59
13:08:33.425 [main] DEBUG org.hibernate.type.BasicTypeRegistry - Adding type registration char[] -> org.hibernate.type.CharArrayType@25e8e59
13:08:33.425 [main] DEBUG org.hibernate.type.BasicTypeRegistry - Adding type registration [C -> org.hibernate.type.CharArrayType@25e8e59
13:08:33.427 [main] DEBUG org.hibernate.type.BasicTypeRegistry - Adding type registration wrapper-characters -> org.hibernate.type.CharacterArrayType@6e8f2094
13:08:33.427 [main] DEBUG org.hibernate.type.BasicTypeRegistry - Adding type registration [Ljava.lang.Character; -> org.hibernate.type.CharacterArrayType@6e8f2094
13:08:33.427 [main] DEBUG org.hibernate.type.BasicTypeRegistry - Adding type registration Character[] -> org.hibernate.type.CharacterArrayType@6e8f2094
13:08:33.428 [main] DEBUG org.hibernate.type.BasicTypeRegistry - Adding type registration text -> org.hibernate.type.TextType@6e00837f
13:08:33.429 [main] DEBUG org.hibernate.type.BasicTypeRegistry - Adding type registration ntext -> org.hibernate.type.NTextType@1d17423f
13:08:33.431 [main] DEBUG org.hibernate.type.BasicTypeRegistry - Adding type registration blob -> org.hibernate.type.BlobType@58601e7a
13:08:33.432 [main] DEBUG org.hibernate.type.BasicTypeRegistry - Adding type registration java.sql.Blob -> org.hibernate.type.BlobType@58601e7a
13:08:33.432 [main] DEBUG org.hibernate.type.BasicTypeRegistry - Adding type registration materialized_blob -> org.hibernate.type.MaterializedBlobType@163e8949
13:08:33.434 [main] DEBUG org.hibernate.type.BasicTypeRegistry - Adding type registration clob -> org.hibernate.type.ClobType@a457c2b
13:08:33.434 [main] DEBUG org.hibernate.type.BasicTypeRegistry - Adding type registration java.sql.Clob -> org.hibernate.type.ClobType@a457c2b
13:08:33.436 [main] DEBUG org.hibernate.type.BasicTypeRegistry - Adding type registration nclob -> org.hibernate.type.NClobType@184afb78
13:08:33.437 [main] DEBUG org.hibernate.type.BasicTypeRegistry - Adding type registration java.sql.NClob -> org.hibernate.type.NClobType@184afb78
13:08:33.438 [main] DEBUG org.hibernate.type.BasicTypeRegistry - Adding type registration materialized_clob -> org.hibernate.type.MaterializedClobType@40dd552c
13:08:33.439 [main] DEBUG org.hibernate.type.BasicTypeRegistry - Adding type registration materialized_nclob -> org.hibernate.type.MaterializedNClobType@7404ddca
13:08:33.440 [main] DEBUG org.hibernate.type.BasicTypeRegistry - Adding type registration serializable -> org.hibernate.type.SerializableType@3af36922
13:08:33.445 [main] DEBUG org.hibernate.type.BasicTypeRegistry - Adding type registration object -> org.hibernate.type.ObjectType@53bb71e5
13:08:33.445 [main] DEBUG org.hibernate.type.BasicTypeRegistry - Adding type registration java.lang.Object -> org.hibernate.type.ObjectType@53bb71e5
13:08:33.446 [main] DEBUG org.hibernate.type.BasicTypeRegistry - Adding type registration imm_date -> org.hibernate.type.AdaptedImmutableType@1a717d79
13:08:33.446 [main] DEBUG org.hibernate.type.BasicTypeRegistry - Adding type registration imm_time -> org.hibernate.type.AdaptedImmutableType@4cb00fa5
13:08:33.446 [main] DEBUG org.hibernate.type.BasicTypeRegistry - Adding type registration imm_timestamp -> org.hibernate.type.AdaptedImmutableType@13aed42b
13:08:33.446 [main] DEBUG org.hibernate.type.BasicTypeRegistry - Adding type registration imm_dbtimestamp -> org.hibernate.type.AdaptedImmutableType@698d6d30
13:08:33.447 [main] DEBUG org.hibernate.type.BasicTypeRegistry - Adding type registration imm_calendar -> org.hibernate.type.AdaptedImmutableType@78065fcd
13:08:33.447 [main] DEBUG org.hibernate.type.BasicTypeRegistry - Adding type registration imm_calendar_date -> org.hibernate.type.AdaptedImmutableType@3407aa4f
13:08:33.447 [main] DEBUG org.hibernate.type.BasicTypeRegistry - Adding type registration imm_binary -> org.hibernate.type.AdaptedImmutableType@51ed2f68
13:08:33.447 [main] DEBUG org.hibernate.type.BasicTypeRegistry - Adding type registration imm_serializable -> org.hibernate.type.AdaptedImmutableType@538b3c88
13:08:33.579 [main] INFO  org.hibernate.dialect.Dialect - HHH000400: Using dialect: org.hibernate.dialect.H2Dialect
13:08:33.686 [main] DEBUG o.h.type.spi.TypeConfiguration$Scope - Scoping TypeConfiguration [org.hibernate.type.spi.TypeConfiguration@5b665a30] to MetadataBuildingContext [org.hibernate.boot.internal.MetadataBuildingContextRootImpl@26a45089]
13:08:34.031 [main] DEBUG o.h.type.spi.TypeConfiguration$Scope - Scoping TypeConfiguration [org.hibernate.type.spi.TypeConfiguration@5b665a30] to SessionFactoryImpl [org.hibernate.internal.SessionFactoryImpl@2976ef56]
13:08:34.606 [main] INFO  o.h.t.s.internal.SchemaCreatorImpl - HHH000476: Executing import script 'file:/C:/Users/ferna/OneDrive/Documentos/GitHub/GoTour/GoTour/target/classes/import.sql'
13:08:34.635 [main] INFO  o.h.e.t.j.p.i.JtaPlatformInitiator - HHH000490: Using JtaPlatform implementation: [org.hibernate.engine.transaction.jta.platform.internal.NoJtaPlatform]
13:08:34.776 [main] ERROR o.h.hql.internal.ast.ErrorTracker - line 1:10: unexpected token: from
13:08:34.778 [main] ERROR o.h.hql.internal.ast.ErrorTracker - line 1:10: unexpected token: from
antlr.NoViableAltException: unexpected token: from
	at org.hibernate.hql.internal.antlr.HqlBaseParser.optionalFromTokenFromClause(HqlBaseParser.java:460)
	at org.hibernate.hql.internal.antlr.HqlBaseParser.deleteStatement(HqlBaseParser.java:294)
	at org.hibernate.hql.internal.antlr.HqlBaseParser.statement(HqlBaseParser.java:189)
	at org.hibernate.hql.internal.ast.QueryTranslatorImpl.parse(QueryTranslatorImpl.java:294)
	at org.hibernate.hql.internal.ast.QueryTranslatorImpl.doCompile(QueryTranslatorImpl.java:189)
	at org.hibernate.hql.internal.ast.QueryTranslatorImpl.compile(QueryTranslatorImpl.java:144)
	at org.hibernate.engine.query.spi.HQLQueryPlan.<init>(HQLQueryPlan.java:113)
	at org.hibernate.engine.query.spi.HQLQueryPlan.<init>(HQLQueryPlan.java:73)
	at org.hibernate.engine.query.spi.QueryPlanCache.getHQLQueryPlan(QueryPlanCache.java:162)
	at org.hibernate.query.spi.NamedQueryRepository.checkNamedQueries(NamedQueryRepository.java:159)
	at org.hibernate.internal.SessionFactoryImpl.checkNamedQueries(SessionFactoryImpl.java:553)
	at org.hibernate.internal.SessionFactoryImpl.<init>(SessionFactoryImpl.java:327)
	at org.hibernate.boot.internal.SessionFactoryBuilderImpl.build(SessionFactoryBuilderImpl.java:469)
	at org.hibernate.jpa.boot.internal.EntityManagerFactoryBuilderImpl.build(EntityManagerFactoryBuilderImpl.java:1259)
	at org.springframework.orm.jpa.vendor.SpringHibernateJpaPersistenceProvider.createContainerEntityManagerFactory(SpringHibernateJpaPersistenceProvider.java:58)
	at org.springframework.orm.jpa.LocalContainerEntityManagerFactoryBean.createNativeEntityManagerFactory(LocalContainerEntityManagerFactoryBean.java:365)
	at org.springframework.orm.jpa.AbstractEntityManagerFactoryBean.buildNativeEntityManagerFactory(AbstractEntityManagerFactoryBean.java:409)
	at org.springframework.orm.jpa.AbstractEntityManagerFactoryBean.afterPropertiesSet(AbstractEntityManagerFactoryBean.java:396)
	at org.springframework.orm.jpa.LocalContainerEntityManagerFactoryBean.afterPropertiesSet(LocalContainerEntityManagerFactoryBean.java:341)
	at org.springframework.beans.factory.support.AbstractAutowireCapableBeanFactory.invokeInitMethods(AbstractAutowireCapableBeanFactory.java:1847)
	at org.springframework.beans.factory.support.AbstractAutowireCapableBeanFactory.initializeBean(AbstractAutowireCapableBeanFactory.java:1784)
	at org.springframework.beans.factory.support.AbstractAutowireCapableBeanFactory.doCreateBean(AbstractAutowireCapableBeanFactory.java:609)
	at org.springframework.beans.factory.support.AbstractAutowireCapableBeanFactory.createBean(AbstractAutowireCapableBeanFactory.java:531)
	at org.springframework.beans.factory.support.AbstractBeanFactory.lambda$doGetBean$0(AbstractBeanFactory.java:335)
	at org.springframework.beans.factory.support.DefaultSingletonBeanRegistry.getSingleton(DefaultSingletonBeanRegistry.java:234)
	at org.springframework.beans.factory.support.AbstractBeanFactory.doGetBean(AbstractBeanFactory.java:333)
	at org.springframework.beans.factory.support.AbstractBeanFactory.getBean(AbstractBeanFactory.java:208)
	at org.springframework.context.support.AbstractApplicationContext.getBean(AbstractApplicationContext.java:1161)
	at org.springframework.context.support.AbstractApplicationContext.finishBeanFactoryInitialization(AbstractApplicationContext.java:915)
	at org.springframework.context.support.AbstractApplicationContext.refresh(AbstractApplicationContext.java:588)
	at org.springframework.boot.SpringApplication.refresh(SpringApplication.java:767)
	at org.springframework.boot.SpringApplication.refresh(SpringApplication.java:759)
	at org.springframework.boot.SpringApplication.refreshContext(SpringApplication.java:426)
	at org.springframework.boot.SpringApplication.run(SpringApplication.java:326)
	at org.springframework.boot.test.context.SpringBootContextLoader.loadContext(SpringBootContextLoader.java:122)
	at org.springframework.test.context.cache.DefaultCacheAwareContextLoaderDelegate.loadContextInternal(DefaultCacheAwareContextLoaderDelegate.java:99)
	at org.springframework.test.context.cache.DefaultCacheAwareContextLoaderDelegate.loadContext(DefaultCacheAwareContextLoaderDelegate.java:124)
	at org.springframework.test.context.support.DefaultTestContext.getApplicationContext(DefaultTestContext.java:123)
	at org.springframework.test.context.web.ServletTestExecutionListener.setUpRequestContextIfNecessary(ServletTestExecutionListener.java:190)
	at org.springframework.test.context.web.ServletTestExecutionListener.prepareTestInstance(ServletTestExecutionListener.java:132)
	at org.springframework.test.context.TestContextManager.prepareTestInstance(TestContextManager.java:244)
	at org.springframework.test.context.junit.jupiter.SpringExtension.postProcessTestInstance(SpringExtension.java:99)
	at org.junit.jupiter.engine.descriptor.ClassBasedTestDescriptor.lambda$invokeTestInstancePostProcessors$6(ClassBasedTestDescriptor.java:350)
	at org.junit.jupiter.engine.descriptor.ClassBasedTestDescriptor.executeAndMaskThrowable(ClassBasedTestDescriptor.java:355)
	at org.junit.jupiter.engine.descriptor.ClassBasedTestDescriptor.lambda$invokeTestInstancePostProcessors$7(ClassBasedTestDescriptor.java:350)
	at java.base/java.util.stream.ReferencePipeline$3$1.accept(ReferencePipeline.java:195)
	at java.base/java.util.stream.ReferencePipeline$2$1.accept(ReferencePipeline.java:177)
	at java.base/java.util.ArrayList$ArrayListSpliterator.forEachRemaining(ArrayList.java:1655)
	at java.base/java.util.stream.AbstractPipeline.copyInto(AbstractPipeline.java:484)
	at java.base/java.util.stream.AbstractPipeline.wrapAndCopyInto(AbstractPipeline.java:474)
	at java.base/java.util.stream.StreamSpliterators$WrappingSpliterator.forEachRemaining(StreamSpliterators.java:312)
	at java.base/java.util.stream.Streams$ConcatSpliterator.forEachRemaining(Streams.java:735)
	at java.base/java.util.stream.Streams$ConcatSpliterator.forEachRemaining(Streams.java:734)
	at java.base/java.util.stream.ReferencePipeline$Head.forEach(ReferencePipeline.java:658)
	at org.junit.jupiter.engine.descriptor.ClassBasedTestDescriptor.invokeTestInstancePostProcessors(ClassBasedTestDescriptor.java:349)
	at org.junit.jupiter.engine.descriptor.ClassBasedTestDescriptor.lambda$instantiateAndPostProcessTestInstance$4(ClassBasedTestDescriptor.java:270)
	at org.junit.platform.engine.support.hierarchical.ThrowableCollector.execute(ThrowableCollector.java:73)
	at org.junit.jupiter.engine.descriptor.ClassBasedTestDescriptor.instantiateAndPostProcessTestInstance(ClassBasedTestDescriptor.java:269)
	at org.junit.jupiter.engine.descriptor.ClassBasedTestDescriptor.lambda$testInstancesProvider$2(ClassBasedTestDescriptor.java:259)
	at java.base/java.util.Optional.orElseGet(Optional.java:369)
	at org.junit.jupiter.engine.descriptor.ClassBasedTestDescriptor.lambda$testInstancesProvider$3(ClassBasedTestDescriptor.java:258)
	at org.junit.jupiter.engine.execution.TestInstancesProvider.getTestInstances(TestInstancesProvider.java:31)
	at org.junit.jupiter.engine.descriptor.TestMethodTestDescriptor.lambda$prepare$0(TestMethodTestDescriptor.java:101)
	at org.junit.platform.engine.support.hierarchical.ThrowableCollector.execute(ThrowableCollector.java:73)
	at org.junit.jupiter.engine.descriptor.TestMethodTestDescriptor.prepare(TestMethodTestDescriptor.java:100)
	at org.junit.jupiter.engine.descriptor.TestMethodTestDescriptor.prepare(TestMethodTestDescriptor.java:65)
	at org.junit.platform.engine.support.hierarchical.NodeTestTask.lambda$prepare$1(NodeTestTask.java:111)
	at org.junit.platform.engine.support.hierarchical.ThrowableCollector.execute(ThrowableCollector.java:73)
	at org.junit.platform.engine.support.hierarchical.NodeTestTask.prepare(NodeTestTask.java:111)
	at org.junit.platform.engine.support.hierarchical.NodeTestTask.execute(NodeTestTask.java:79)
	at java.base/java.util.ArrayList.forEach(ArrayList.java:1541)
	at org.junit.platform.engine.support.hierarchical.SameThreadHierarchicalTestExecutorService.invokeAll(SameThreadHierarchicalTestExecutorService.java:38)
	at org.junit.platform.engine.support.hierarchical.NodeTestTask.lambda$executeRecursively$5(NodeTestTask.java:143)
	at org.junit.platform.engine.support.hierarchical.ThrowableCollector.execute(ThrowableCollector.java:73)
	at org.junit.platform.engine.support.hierarchical.NodeTestTask.lambda$executeRecursively$7(NodeTestTask.java:129)
	at org.junit.platform.engine.support.hierarchical.Node.around(Node.java:137)
	at org.junit.platform.engine.support.hierarchical.NodeTestTask.lambda$executeRecursively$8(NodeTestTask.java:127)
	at org.junit.platform.engine.support.hierarchical.ThrowableCollector.execute(ThrowableCollector.java:73)
	at org.junit.platform.engine.support.hierarchical.NodeTestTask.executeRecursively(NodeTestTask.java:126)
	at org.junit.platform.engine.support.hierarchical.NodeTestTask.execute(NodeTestTask.java:84)
	at java.base/java.util.ArrayList.forEach(ArrayList.java:1541)
	at org.junit.platform.engine.support.hierarchical.SameThreadHierarchicalTestExecutorService.invokeAll(SameThreadHierarchicalTestExecutorService.java:38)
	at org.junit.platform.engine.support.hierarchical.NodeTestTask.lambda$executeRecursively$5(NodeTestTask.java:143)
	at org.junit.platform.engine.support.hierarchical.ThrowableCollector.execute(ThrowableCollector.java:73)
	at org.junit.platform.engine.support.hierarchical.NodeTestTask.lambda$executeRecursively$7(NodeTestTask.java:129)
	at org.junit.platform.engine.support.hierarchical.Node.around(Node.java:137)
	at org.junit.platform.engine.support.hierarchical.NodeTestTask.lambda$executeRecursively$8(NodeTestTask.java:127)
	at org.junit.platform.engine.support.hierarchical.ThrowableCollector.execute(ThrowableCollector.java:73)
	at org.junit.platform.engine.support.hierarchical.NodeTestTask.executeRecursively(NodeTestTask.java:126)
	at org.junit.platform.engine.support.hierarchical.NodeTestTask.execute(NodeTestTask.java:84)
	at org.junit.platform.engine.support.hierarchical.SameThreadHierarchicalTestExecutorService.submit(SameThreadHierarchicalTestExecutorService.java:32)
	at org.junit.platform.engine.support.hierarchical.HierarchicalTestExecutor.execute(HierarchicalTestExecutor.java:57)
	at org.junit.platform.engine.support.hierarchical.HierarchicalTestEngine.execute(HierarchicalTestEngine.java:51)
	at org.junit.platform.launcher.core.DefaultLauncher.execute(DefaultLauncher.java:220)
	at org.junit.platform.launcher.core.DefaultLauncher.lambda$execute$6(DefaultLauncher.java:188)
	at org.junit.platform.launcher.core.DefaultLauncher.withInterceptedStreams(DefaultLauncher.java:202)
	at org.junit.platform.launcher.core.DefaultLauncher.execute(DefaultLauncher.java:181)
	at org.junit.platform.launcher.core.DefaultLauncher.execute(DefaultLauncher.java:128)
	at org.apache.maven.surefire.junitplatform.JUnitPlatformProvider.invokeAllTests(JUnitPlatformProvider.java:142)
	at org.apache.maven.surefire.junitplatform.JUnitPlatformProvider.invoke(JUnitPlatformProvider.java:117)
	at org.apache.maven.surefire.booter.ForkedBooter.invokeProviderInSameClassLoader(ForkedBooter.java:384)
	at org.apache.maven.surefire.booter.ForkedBooter.runSuitesInProcess(ForkedBooter.java:345)
	at org.apache.maven.surefire.booter.ForkedBooter.execute(ForkedBooter.java:126)
	at org.apache.maven.surefire.booter.ForkedBooter.main(ForkedBooter.java:418)
13:08:34.781 [main] ERROR o.h.internal.SessionFactoryImpl - HHH000177: Error in named query: userDrop
org.hibernate.hql.internal.ast.QuerySyntaxException: unexpected token: from near line 1, column 10 [delete u from es.ucm.fdi.iw.gotour.model.User u where u.username = :username]
	at org.hibernate.hql.internal.ast.QuerySyntaxException.convert(QuerySyntaxException.java:74)
	at org.hibernate.hql.internal.ast.ErrorTracker.throwQueryException(ErrorTracker.java:93)
	at org.hibernate.hql.internal.ast.QueryTranslatorImpl.parse(QueryTranslatorImpl.java:301)
	at org.hibernate.hql.internal.ast.QueryTranslatorImpl.doCompile(QueryTranslatorImpl.java:189)
	at org.hibernate.hql.internal.ast.QueryTranslatorImpl.compile(QueryTranslatorImpl.java:144)
	at org.hibernate.engine.query.spi.HQLQueryPlan.<init>(HQLQueryPlan.java:113)
	at org.hibernate.engine.query.spi.HQLQueryPlan.<init>(HQLQueryPlan.java:73)
	at org.hibernate.engine.query.spi.QueryPlanCache.getHQLQueryPlan(QueryPlanCache.java:162)
	at org.hibernate.query.spi.NamedQueryRepository.checkNamedQueries(NamedQueryRepository.java:159)
	at org.hibernate.internal.SessionFactoryImpl.checkNamedQueries(SessionFactoryImpl.java:553)
	at org.hibernate.internal.SessionFactoryImpl.<init>(SessionFactoryImpl.java:327)
	at org.hibernate.boot.internal.SessionFactoryBuilderImpl.build(SessionFactoryBuilderImpl.java:469)
	at org.hibernate.jpa.boot.internal.EntityManagerFactoryBuilderImpl.build(EntityManagerFactoryBuilderImpl.java:1259)
	at org.springframework.orm.jpa.vendor.SpringHibernateJpaPersistenceProvider.createContainerEntityManagerFactory(SpringHibernateJpaPersistenceProvider.java:58)
	at org.springframework.orm.jpa.LocalContainerEntityManagerFactoryBean.createNativeEntityManagerFactory(LocalContainerEntityManagerFactoryBean.java:365)
	at org.springframework.orm.jpa.AbstractEntityManagerFactoryBean.buildNativeEntityManagerFactory(AbstractEntityManagerFactoryBean.java:409)
	at org.springframework.orm.jpa.AbstractEntityManagerFactoryBean.afterPropertiesSet(AbstractEntityManagerFactoryBean.java:396)
	at org.springframework.orm.jpa.LocalContainerEntityManagerFactoryBean.afterPropertiesSet(LocalContainerEntityManagerFactoryBean.java:341)
	at org.springframework.beans.factory.support.AbstractAutowireCapableBeanFactory.invokeInitMethods(AbstractAutowireCapableBeanFactory.java:1847)
	at org.springframework.beans.factory.support.AbstractAutowireCapableBeanFactory.initializeBean(AbstractAutowireCapableBeanFactory.java:1784)
	at org.springframework.beans.factory.support.AbstractAutowireCapableBeanFactory.doCreateBean(AbstractAutowireCapableBeanFactory.java:609)
	at org.springframework.beans.factory.support.AbstractAutowireCapableBeanFactory.createBean(AbstractAutowireCapableBeanFactory.java:531)
	at org.springframework.beans.factory.support.AbstractBeanFactory.lambda$doGetBean$0(AbstractBeanFactory.java:335)
	at org.springframework.beans.factory.support.DefaultSingletonBeanRegistry.getSingleton(DefaultSingletonBeanRegistry.java:234)
	at org.springframework.beans.factory.support.AbstractBeanFactory.doGetBean(AbstractBeanFactory.java:333)
	at org.springframework.beans.factory.support.AbstractBeanFactory.getBean(AbstractBeanFactory.java:208)
	at org.springframework.context.support.AbstractApplicationContext.getBean(AbstractApplicationContext.java:1161)
	at org.springframework.context.support.AbstractApplicationContext.finishBeanFactoryInitialization(AbstractApplicationContext.java:915)
	at org.springframework.context.support.AbstractApplicationContext.refresh(AbstractApplicationContext.java:588)
	at org.springframework.boot.SpringApplication.refresh(SpringApplication.java:767)
	at org.springframework.boot.SpringApplication.refresh(SpringApplication.java:759)
	at org.springframework.boot.SpringApplication.refreshContext(SpringApplication.java:426)
	at org.springframework.boot.SpringApplication.run(SpringApplication.java:326)
	at org.springframework.boot.test.context.SpringBootContextLoader.loadContext(SpringBootContextLoader.java:122)
	at org.springframework.test.context.cache.DefaultCacheAwareContextLoaderDelegate.loadContextInternal(DefaultCacheAwareContextLoaderDelegate.java:99)
	at org.springframework.test.context.cache.DefaultCacheAwareContextLoaderDelegate.loadContext(DefaultCacheAwareContextLoaderDelegate.java:124)
	at org.springframework.test.context.support.DefaultTestContext.getApplicationContext(DefaultTestContext.java:123)
	at org.springframework.test.context.web.ServletTestExecutionListener.setUpRequestContextIfNecessary(ServletTestExecutionListener.java:190)
	at org.springframework.test.context.web.ServletTestExecutionListener.prepareTestInstance(ServletTestExecutionListener.java:132)
	at org.springframework.test.context.TestContextManager.prepareTestInstance(TestContextManager.java:244)
	at org.springframework.test.context.junit.jupiter.SpringExtension.postProcessTestInstance(SpringExtension.java:99)
	at org.junit.jupiter.engine.descriptor.ClassBasedTestDescriptor.lambda$invokeTestInstancePostProcessors$6(ClassBasedTestDescriptor.java:350)
	at org.junit.jupiter.engine.descriptor.ClassBasedTestDescriptor.executeAndMaskThrowable(ClassBasedTestDescriptor.java:355)
	at org.junit.jupiter.engine.descriptor.ClassBasedTestDescriptor.lambda$invokeTestInstancePostProcessors$7(ClassBasedTestDescriptor.java:350)
	at java.base/java.util.stream.ReferencePipeline$3$1.accept(ReferencePipeline.java:195)
	at java.base/java.util.stream.ReferencePipeline$2$1.accept(ReferencePipeline.java:177)
	at java.base/java.util.ArrayList$ArrayListSpliterator.forEachRemaining(ArrayList.java:1655)
	at java.base/java.util.stream.AbstractPipeline.copyInto(AbstractPipeline.java:484)
	at java.base/java.util.stream.AbstractPipeline.wrapAndCopyInto(AbstractPipeline.java:474)
	at java.base/java.util.stream.StreamSpliterators$WrappingSpliterator.forEachRemaining(StreamSpliterators.java:312)
	at java.base/java.util.stream.Streams$ConcatSpliterator.forEachRemaining(Streams.java:735)
	at java.base/java.util.stream.Streams$ConcatSpliterator.forEachRemaining(Streams.java:734)
	at java.base/java.util.stream.ReferencePipeline$Head.forEach(ReferencePipeline.java:658)
	at org.junit.jupiter.engine.descriptor.ClassBasedTestDescriptor.invokeTestInstancePostProcessors(ClassBasedTestDescriptor.java:349)
	at org.junit.jupiter.engine.descriptor.ClassBasedTestDescriptor.lambda$instantiateAndPostProcessTestInstance$4(ClassBasedTestDescriptor.java:270)
	at org.junit.platform.engine.support.hierarchical.ThrowableCollector.execute(ThrowableCollector.java:73)
	at org.junit.jupiter.engine.descriptor.ClassBasedTestDescriptor.instantiateAndPostProcessTestInstance(ClassBasedTestDescriptor.java:269)
	at org.junit.jupiter.engine.descriptor.ClassBasedTestDescriptor.lambda$testInstancesProvider$2(ClassBasedTestDescriptor.java:259)
	at java.base/java.util.Optional.orElseGet(Optional.java:369)
	at org.junit.jupiter.engine.descriptor.ClassBasedTestDescriptor.lambda$testInstancesProvider$3(ClassBasedTestDescriptor.java:258)
	at org.junit.jupiter.engine.execution.TestInstancesProvider.getTestInstances(TestInstancesProvider.java:31)
	at org.junit.jupiter.engine.descriptor.TestMethodTestDescriptor.lambda$prepare$0(TestMethodTestDescriptor.java:101)
	at org.junit.platform.engine.support.hierarchical.ThrowableCollector.execute(ThrowableCollector.java:73)
	at org.junit.jupiter.engine.descriptor.TestMethodTestDescriptor.prepare(TestMethodTestDescriptor.java:100)
	at org.junit.jupiter.engine.descriptor.TestMethodTestDescriptor.prepare(TestMethodTestDescriptor.java:65)
	at org.junit.platform.engine.support.hierarchical.NodeTestTask.lambda$prepare$1(NodeTestTask.java:111)
	at org.junit.platform.engine.support.hierarchical.ThrowableCollector.execute(ThrowableCollector.java:73)
	at org.junit.platform.engine.support.hierarchical.NodeTestTask.prepare(NodeTestTask.java:111)
	at org.junit.platform.engine.support.hierarchical.NodeTestTask.execute(NodeTestTask.java:79)
	at java.base/java.util.ArrayList.forEach(ArrayList.java:1541)
	at org.junit.platform.engine.support.hierarchical.SameThreadHierarchicalTestExecutorService.invokeAll(SameThreadHierarchicalTestExecutorService.java:38)
	at org.junit.platform.engine.support.hierarchical.NodeTestTask.lambda$executeRecursively$5(NodeTestTask.java:143)
	at org.junit.platform.engine.support.hierarchical.ThrowableCollector.execute(ThrowableCollector.java:73)
	at org.junit.platform.engine.support.hierarchical.NodeTestTask.lambda$executeRecursively$7(NodeTestTask.java:129)
	at org.junit.platform.engine.support.hierarchical.Node.around(Node.java:137)
	at org.junit.platform.engine.support.hierarchical.NodeTestTask.lambda$executeRecursively$8(NodeTestTask.java:127)
	at org.junit.platform.engine.support.hierarchical.ThrowableCollector.execute(ThrowableCollector.java:73)
	at org.junit.platform.engine.support.hierarchical.NodeTestTask.executeRecursively(NodeTestTask.java:126)
	at org.junit.platform.engine.support.hierarchical.NodeTestTask.execute(NodeTestTask.java:84)
	at java.base/java.util.ArrayList.forEach(ArrayList.java:1541)
	at org.junit.platform.engine.support.hierarchical.SameThreadHierarchicalTestExecutorService.invokeAll(SameThreadHierarchicalTestExecutorService.java:38)
	at org.junit.platform.engine.support.hierarchical.NodeTestTask.lambda$executeRecursively$5(NodeTestTask.java:143)
	at org.junit.platform.engine.support.hierarchical.ThrowableCollector.execute(ThrowableCollector.java:73)
	at org.junit.platform.engine.support.hierarchical.NodeTestTask.lambda$executeRecursively$7(NodeTestTask.java:129)
	at org.junit.platform.engine.support.hierarchical.Node.around(Node.java:137)
	at org.junit.platform.engine.support.hierarchical.NodeTestTask.lambda$executeRecursively$8(NodeTestTask.java:127)
	at org.junit.platform.engine.support.hierarchical.ThrowableCollector.execute(ThrowableCollector.java:73)
	at org.junit.platform.engine.support.hierarchical.NodeTestTask.executeRecursively(NodeTestTask.java:126)
	at org.junit.platform.engine.support.hierarchical.NodeTestTask.execute(NodeTestTask.java:84)
	at org.junit.platform.engine.support.hierarchical.SameThreadHierarchicalTestExecutorService.submit(SameThreadHierarchicalTestExecutorService.java:32)
	at org.junit.platform.engine.support.hierarchical.HierarchicalTestExecutor.execute(HierarchicalTestExecutor.java:57)
	at org.junit.platform.engine.support.hierarchical.HierarchicalTestEngine.execute(HierarchicalTestEngine.java:51)
	at org.junit.platform.launcher.core.DefaultLauncher.execute(DefaultLauncher.java:220)
	at org.junit.platform.launcher.core.DefaultLauncher.lambda$execute$6(DefaultLauncher.java:188)
	at org.junit.platform.launcher.core.DefaultLauncher.withInterceptedStreams(DefaultLauncher.java:202)
	at org.junit.platform.launcher.core.DefaultLauncher.execute(DefaultLauncher.java:181)
	at org.junit.platform.launcher.core.DefaultLauncher.execute(DefaultLauncher.java:128)
	at org.apache.maven.surefire.junitplatform.JUnitPlatformProvider.invokeAllTests(JUnitPlatformProvider.java:142)
	at org.apache.maven.surefire.junitplatform.JUnitPlatformProvider.invoke(JUnitPlatformProvider.java:117)
	at org.apache.maven.surefire.booter.ForkedBooter.invokeProviderInSameClassLoader(ForkedBooter.java:384)
	at org.apache.maven.surefire.booter.ForkedBooter.runSuitesInProcess(ForkedBooter.java:345)
	at org.apache.maven.surefire.booter.ForkedBooter.execute(ForkedBooter.java:126)
	at org.apache.maven.surefire.booter.ForkedBooter.main(ForkedBooter.java:418)
13:08:34.783 [main] INFO  o.h.t.s.i.SchemaDropperImpl$DelayedDropActionImpl - HHH000477: Starting delayed evictData of schema as part of SessionFactory shut-down'
13:08:34.806 [main] TRACE o.h.type.spi.TypeConfiguration$Scope - Handling #sessionFactoryClosed from [org.hibernate.internal.SessionFactoryImpl@2976ef56] for TypeConfiguration
13:08:34.806 [main] DEBUG o.h.type.spi.TypeConfiguration$Scope - Un-scoping TypeConfiguration [org.hibernate.type.spi.TypeConfiguration$Scope@788d9139] from SessionFactory [org.hibernate.internal.SessionFactoryImpl@2976ef56]
13:08:34.809 [main] WARN  o.s.w.c.s.GenericWebApplicationContext - Exception encountered during context initialization - cancelling refresh attempt: org.springframework.beans.factory.BeanCreationException: Error creating bean with name 'entityManagerFactory' defined in class path resource [org/springframework/boot/autoconfigure/orm/jpa/HibernateJpaConfiguration.class]: Invocation of init method failed; nested exception is javax.persistence.PersistenceException: [PersistenceUnit: default] Unable to build Hibernate SessionFactory; nested exception is org.hibernate.HibernateException: Errors in named queries: 
userDrop failed because of: org.hibernate.hql.internal.ast.QuerySyntaxException: unexpected token: from near line 1, column 10 [delete u from es.ucm.fdi.iw.gotour.model.User u where u.username = :username]
13:08:34.809 [main] INFO  com.zaxxer.hikari.HikariDataSource - HikariPool-1 - Shutdown initiated...
13:08:34.814 [main] INFO  com.zaxxer.hikari.HikariDataSource - HikariPool-1 - Shutdown completed.
13:08:34.826 [main] INFO  o.s.b.a.l.ConditionEvaluationReportLoggingListener - 

Error starting ApplicationContext. To display the conditions report re-run your application with 'debug' enabled.
13:08:34.849 [main] ERROR o.s.boot.SpringApplication - Application run failed
org.springframework.beans.factory.BeanCreationException: Error creating bean with name 'entityManagerFactory' defined in class path resource [org/springframework/boot/autoconfigure/orm/jpa/HibernateJpaConfiguration.class]: Invocation of init method failed; nested exception is javax.persistence.PersistenceException: [PersistenceUnit: default] Unable to build Hibernate SessionFactory; nested exception is org.hibernate.HibernateException: Errors in named queries: 
userDrop failed because of: org.hibernate.hql.internal.ast.QuerySyntaxException: unexpected token: from near line 1, column 10 [delete u from es.ucm.fdi.iw.gotour.model.User u where u.username = :username]
	at org.springframework.beans.factory.support.AbstractAutowireCapableBeanFactory.initializeBean(AbstractAutowireCapableBeanFactory.java:1788)
	at org.springframework.beans.factory.support.AbstractAutowireCapableBeanFactory.doCreateBean(AbstractAutowireCapableBeanFactory.java:609)
	at org.springframework.beans.factory.support.AbstractAutowireCapableBeanFactory.createBean(AbstractAutowireCapableBeanFactory.java:531)
	at org.springframework.beans.factory.support.AbstractBeanFactory.lambda$doGetBean$0(AbstractBeanFactory.java:335)
	at org.springframework.beans.factory.support.DefaultSingletonBeanRegistry.getSingleton(DefaultSingletonBeanRegistry.java:234)
	at org.springframework.beans.factory.support.AbstractBeanFactory.doGetBean(AbstractBeanFactory.java:333)
	at org.springframework.beans.factory.support.AbstractBeanFactory.getBean(AbstractBeanFactory.java:208)
	at org.springframework.context.support.AbstractApplicationContext.getBean(AbstractApplicationContext.java:1161)
	at org.springframework.context.support.AbstractApplicationContext.finishBeanFactoryInitialization(AbstractApplicationContext.java:915)
	at org.springframework.context.support.AbstractApplicationContext.refresh(AbstractApplicationContext.java:588)
	at org.springframework.boot.SpringApplication.refresh(SpringApplication.java:767)
	at org.springframework.boot.SpringApplication.refresh(SpringApplication.java:759)
	at org.springframework.boot.SpringApplication.refreshContext(SpringApplication.java:426)
	at org.springframework.boot.SpringApplication.run(SpringApplication.java:326)
	at org.springframework.boot.test.context.SpringBootContextLoader.loadContext(SpringBootContextLoader.java:122)
	at org.springframework.test.context.cache.DefaultCacheAwareContextLoaderDelegate.loadContextInternal(DefaultCacheAwareContextLoaderDelegate.java:99)
	at org.springframework.test.context.cache.DefaultCacheAwareContextLoaderDelegate.loadContext(DefaultCacheAwareContextLoaderDelegate.java:124)
	at org.springframework.test.context.support.DefaultTestContext.getApplicationContext(DefaultTestContext.java:123)
	at org.springframework.test.context.web.ServletTestExecutionListener.setUpRequestContextIfNecessary(ServletTestExecutionListener.java:190)
	at org.springframework.test.context.web.ServletTestExecutionListener.prepareTestInstance(ServletTestExecutionListener.java:132)
	at org.springframework.test.context.TestContextManager.prepareTestInstance(TestContextManager.java:244)
	at org.springframework.test.context.junit.jupiter.SpringExtension.postProcessTestInstance(SpringExtension.java:99)
	at org.junit.jupiter.engine.descriptor.ClassBasedTestDescriptor.lambda$invokeTestInstancePostProcessors$6(ClassBasedTestDescriptor.java:350)
	at org.junit.jupiter.engine.descriptor.ClassBasedTestDescriptor.executeAndMaskThrowable(ClassBasedTestDescriptor.java:355)
	at org.junit.jupiter.engine.descriptor.ClassBasedTestDescriptor.lambda$invokeTestInstancePostProcessors$7(ClassBasedTestDescriptor.java:350)
	at java.base/java.util.stream.ReferencePipeline$3$1.accept(ReferencePipeline.java:195)
	at java.base/java.util.stream.ReferencePipeline$2$1.accept(ReferencePipeline.java:177)
	at java.base/java.util.ArrayList$ArrayListSpliterator.forEachRemaining(ArrayList.java:1655)
	at java.base/java.util.stream.AbstractPipeline.copyInto(AbstractPipeline.java:484)
	at java.base/java.util.stream.AbstractPipeline.wrapAndCopyInto(AbstractPipeline.java:474)
	at java.base/java.util.stream.StreamSpliterators$WrappingSpliterator.forEachRemaining(StreamSpliterators.java:312)
	at java.base/java.util.stream.Streams$ConcatSpliterator.forEachRemaining(Streams.java:735)
	at java.base/java.util.stream.Streams$ConcatSpliterator.forEachRemaining(Streams.java:734)
	at java.base/java.util.stream.ReferencePipeline$Head.forEach(ReferencePipeline.java:658)
	at org.junit.jupiter.engine.descriptor.ClassBasedTestDescriptor.invokeTestInstancePostProcessors(ClassBasedTestDescriptor.java:349)
	at org.junit.jupiter.engine.descriptor.ClassBasedTestDescriptor.lambda$instantiateAndPostProcessTestInstance$4(ClassBasedTestDescriptor.java:270)
	at org.junit.platform.engine.support.hierarchical.ThrowableCollector.execute(ThrowableCollector.java:73)
	at org.junit.jupiter.engine.descriptor.ClassBasedTestDescriptor.instantiateAndPostProcessTestInstance(ClassBasedTestDescriptor.java:269)
	at org.junit.jupiter.engine.descriptor.ClassBasedTestDescriptor.lambda$testInstancesProvider$2(ClassBasedTestDescriptor.java:259)
	at java.base/java.util.Optional.orElseGet(Optional.java:369)
	at org.junit.jupiter.engine.descriptor.ClassBasedTestDescriptor.lambda$testInstancesProvider$3(ClassBasedTestDescriptor.java:258)
	at org.junit.jupiter.engine.execution.TestInstancesProvider.getTestInstances(TestInstancesProvider.java:31)
	at org.junit.jupiter.engine.descriptor.TestMethodTestDescriptor.lambda$prepare$0(TestMethodTestDescriptor.java:101)
	at org.junit.platform.engine.support.hierarchical.ThrowableCollector.execute(ThrowableCollector.java:73)
	at org.junit.jupiter.engine.descriptor.TestMethodTestDescriptor.prepare(TestMethodTestDescriptor.java:100)
	at org.junit.jupiter.engine.descriptor.TestMethodTestDescriptor.prepare(TestMethodTestDescriptor.java:65)
	at org.junit.platform.engine.support.hierarchical.NodeTestTask.lambda$prepare$1(NodeTestTask.java:111)
	at org.junit.platform.engine.support.hierarchical.ThrowableCollector.execute(ThrowableCollector.java:73)
	at org.junit.platform.engine.support.hierarchical.NodeTestTask.prepare(NodeTestTask.java:111)
	at org.junit.platform.engine.support.hierarchical.NodeTestTask.execute(NodeTestTask.java:79)
	at java.base/java.util.ArrayList.forEach(ArrayList.java:1541)
	at org.junit.platform.engine.support.hierarchical.SameThreadHierarchicalTestExecutorService.invokeAll(SameThreadHierarchicalTestExecutorService.java:38)
	at org.junit.platform.engine.support.hierarchical.NodeTestTask.lambda$executeRecursively$5(NodeTestTask.java:143)
	at org.junit.platform.engine.support.hierarchical.ThrowableCollector.execute(ThrowableCollector.java:73)
	at org.junit.platform.engine.support.hierarchical.NodeTestTask.lambda$executeRecursively$7(NodeTestTask.java:129)
	at org.junit.platform.engine.support.hierarchical.Node.around(Node.java:137)
	at org.junit.platform.engine.support.hierarchical.NodeTestTask.lambda$executeRecursively$8(NodeTestTask.java:127)
	at org.junit.platform.engine.support.hierarchical.ThrowableCollector.execute(ThrowableCollector.java:73)
	at org.junit.platform.engine.support.hierarchical.NodeTestTask.executeRecursively(NodeTestTask.java:126)
	at org.junit.platform.engine.support.hierarchical.NodeTestTask.execute(NodeTestTask.java:84)
	at java.base/java.util.ArrayList.forEach(ArrayList.java:1541)
	at org.junit.platform.engine.support.hierarchical.SameThreadHierarchicalTestExecutorService.invokeAll(SameThreadHierarchicalTestExecutorService.java:38)
	at org.junit.platform.engine.support.hierarchical.NodeTestTask.lambda$executeRecursively$5(NodeTestTask.java:143)
	at org.junit.platform.engine.support.hierarchical.ThrowableCollector.execute(ThrowableCollector.java:73)
	at org.junit.platform.engine.support.hierarchical.NodeTestTask.lambda$executeRecursively$7(NodeTestTask.java:129)
	at org.junit.platform.engine.support.hierarchical.Node.around(Node.java:137)
	at org.junit.platform.engine.support.hierarchical.NodeTestTask.lambda$executeRecursively$8(NodeTestTask.java:127)
	at org.junit.platform.engine.support.hierarchical.ThrowableCollector.execute(ThrowableCollector.java:73)
	at org.junit.platform.engine.support.hierarchical.NodeTestTask.executeRecursively(NodeTestTask.java:126)
	at org.junit.platform.engine.support.hierarchical.NodeTestTask.execute(NodeTestTask.java:84)
	at org.junit.platform.engine.support.hierarchical.SameThreadHierarchicalTestExecutorService.submit(SameThreadHierarchicalTestExecutorService.java:32)
	at org.junit.platform.engine.support.hierarchical.HierarchicalTestExecutor.execute(HierarchicalTestExecutor.java:57)
	at org.junit.platform.engine.support.hierarchical.HierarchicalTestEngine.execute(HierarchicalTestEngine.java:51)
	at org.junit.platform.launcher.core.DefaultLauncher.execute(DefaultLauncher.java:220)
	at org.junit.platform.launcher.core.DefaultLauncher.lambda$execute$6(DefaultLauncher.java:188)
	at org.junit.platform.launcher.core.DefaultLauncher.withInterceptedStreams(DefaultLauncher.java:202)
	at org.junit.platform.launcher.core.DefaultLauncher.execute(DefaultLauncher.java:181)
	at org.junit.platform.launcher.core.DefaultLauncher.execute(DefaultLauncher.java:128)
	at org.apache.maven.surefire.junitplatform.JUnitPlatformProvider.invokeAllTests(JUnitPlatformProvider.java:142)
	at org.apache.maven.surefire.junitplatform.JUnitPlatformProvider.invoke(JUnitPlatformProvider.java:117)
	at org.apache.maven.surefire.booter.ForkedBooter.invokeProviderInSameClassLoader(ForkedBooter.java:384)
	at org.apache.maven.surefire.booter.ForkedBooter.runSuitesInProcess(ForkedBooter.java:345)
	at org.apache.maven.surefire.booter.ForkedBooter.execute(ForkedBooter.java:126)
	at org.apache.maven.surefire.booter.ForkedBooter.main(ForkedBooter.java:418)
Caused by: javax.persistence.PersistenceException: [PersistenceUnit: default] Unable to build Hibernate SessionFactory; nested exception is org.hibernate.HibernateException: Errors in named queries: 
userDrop failed because of: org.hibernate.hql.internal.ast.QuerySyntaxException: unexpected token: from near line 1, column 10 [delete u from es.ucm.fdi.iw.gotour.model.User u where u.username = :username]
	at org.springframework.orm.jpa.AbstractEntityManagerFactoryBean.buildNativeEntityManagerFactory(AbstractEntityManagerFactoryBean.java:421)
	at org.springframework.orm.jpa.AbstractEntityManagerFactoryBean.afterPropertiesSet(AbstractEntityManagerFactoryBean.java:396)
	at org.springframework.orm.jpa.LocalContainerEntityManagerFactoryBean.afterPropertiesSet(LocalContainerEntityManagerFactoryBean.java:341)
	at org.springframework.beans.factory.support.AbstractAutowireCapableBeanFactory.invokeInitMethods(AbstractAutowireCapableBeanFactory.java:1847)
	at org.springframework.beans.factory.support.AbstractAutowireCapableBeanFactory.initializeBean(AbstractAutowireCapableBeanFactory.java:1784)
	... 83 common frames omitted
Caused by: org.hibernate.HibernateException: Errors in named queries: 
userDrop failed because of: org.hibernate.hql.internal.ast.QuerySyntaxException: unexpected token: from near line 1, column 10 [delete u from es.ucm.fdi.iw.gotour.model.User u where u.username = :username]
	at org.hibernate.internal.SessionFactoryImpl.<init>(SessionFactoryImpl.java:341)
	at org.hibernate.boot.internal.SessionFactoryBuilderImpl.build(SessionFactoryBuilderImpl.java:469)
	at org.hibernate.jpa.boot.internal.EntityManagerFactoryBuilderImpl.build(EntityManagerFactoryBuilderImpl.java:1259)
	at org.springframework.orm.jpa.vendor.SpringHibernateJpaPersistenceProvider.createContainerEntityManagerFactory(SpringHibernateJpaPersistenceProvider.java:58)
	at org.springframework.orm.jpa.LocalContainerEntityManagerFactoryBean.createNativeEntityManagerFactory(LocalContainerEntityManagerFactoryBean.java:365)
	at org.springframework.orm.jpa.AbstractEntityManagerFactoryBean.buildNativeEntityManagerFactory(AbstractEntityManagerFactoryBean.java:409)
	... 87 common frames omitted
13:08:34.852 [main] ERROR o.s.test.context.TestContextManager - Caught exception while allowing TestExecutionListener [org.springframework.test.context.web.ServletTestExecutionListener@5f59185e] to prepare test instance [es.ucm.fdi.iw.gotour.GotourApplicationTests@5c459194]
java.lang.IllegalStateException: Failed to load ApplicationContext
	at org.springframework.test.context.cache.DefaultCacheAwareContextLoaderDelegate.loadContext(DefaultCacheAwareContextLoaderDelegate.java:132)
	at org.springframework.test.context.support.DefaultTestContext.getApplicationContext(DefaultTestContext.java:123)
	at org.springframework.test.context.web.ServletTestExecutionListener.setUpRequestContextIfNecessary(ServletTestExecutionListener.java:190)
	at org.springframework.test.context.web.ServletTestExecutionListener.prepareTestInstance(ServletTestExecutionListener.java:132)
	at org.springframework.test.context.TestContextManager.prepareTestInstance(TestContextManager.java:244)
	at org.springframework.test.context.junit.jupiter.SpringExtension.postProcessTestInstance(SpringExtension.java:99)
	at org.junit.jupiter.engine.descriptor.ClassBasedTestDescriptor.lambda$invokeTestInstancePostProcessors$6(ClassBasedTestDescriptor.java:350)
	at org.junit.jupiter.engine.descriptor.ClassBasedTestDescriptor.executeAndMaskThrowable(ClassBasedTestDescriptor.java:355)
	at org.junit.jupiter.engine.descriptor.ClassBasedTestDescriptor.lambda$invokeTestInstancePostProcessors$7(ClassBasedTestDescriptor.java:350)
	at java.base/java.util.stream.ReferencePipeline$3$1.accept(ReferencePipeline.java:195)
	at java.base/java.util.stream.ReferencePipeline$2$1.accept(ReferencePipeline.java:177)
	at java.base/java.util.ArrayList$ArrayListSpliterator.forEachRemaining(ArrayList.java:1655)
	at java.base/java.util.stream.AbstractPipeline.copyInto(AbstractPipeline.java:484)
	at java.base/java.util.stream.AbstractPipeline.wrapAndCopyInto(AbstractPipeline.java:474)
	at java.base/java.util.stream.StreamSpliterators$WrappingSpliterator.forEachRemaining(StreamSpliterators.java:312)
	at java.base/java.util.stream.Streams$ConcatSpliterator.forEachRemaining(Streams.java:735)
	at java.base/java.util.stream.Streams$ConcatSpliterator.forEachRemaining(Streams.java:734)
	at java.base/java.util.stream.ReferencePipeline$Head.forEach(ReferencePipeline.java:658)
	at org.junit.jupiter.engine.descriptor.ClassBasedTestDescriptor.invokeTestInstancePostProcessors(ClassBasedTestDescriptor.java:349)
	at org.junit.jupiter.engine.descriptor.ClassBasedTestDescriptor.lambda$instantiateAndPostProcessTestInstance$4(ClassBasedTestDescriptor.java:270)
	at org.junit.platform.engine.support.hierarchical.ThrowableCollector.execute(ThrowableCollector.java:73)
	at org.junit.jupiter.engine.descriptor.ClassBasedTestDescriptor.instantiateAndPostProcessTestInstance(ClassBasedTestDescriptor.java:269)
	at org.junit.jupiter.engine.descriptor.ClassBasedTestDescriptor.lambda$testInstancesProvider$2(ClassBasedTestDescriptor.java:259)
	at java.base/java.util.Optional.orElseGet(Optional.java:369)
	at org.junit.jupiter.engine.descriptor.ClassBasedTestDescriptor.lambda$testInstancesProvider$3(ClassBasedTestDescriptor.java:258)
	at org.junit.jupiter.engine.execution.TestInstancesProvider.getTestInstances(TestInstancesProvider.java:31)
	at org.junit.jupiter.engine.descriptor.TestMethodTestDescriptor.lambda$prepare$0(TestMethodTestDescriptor.java:101)
	at org.junit.platform.engine.support.hierarchical.ThrowableCollector.execute(ThrowableCollector.java:73)
	at org.junit.jupiter.engine.descriptor.TestMethodTestDescriptor.prepare(TestMethodTestDescriptor.java:100)
	at org.junit.jupiter.engine.descriptor.TestMethodTestDescriptor.prepare(TestMethodTestDescriptor.java:65)
	at org.junit.platform.engine.support.hierarchical.NodeTestTask.lambda$prepare$1(NodeTestTask.java:111)
	at org.junit.platform.engine.support.hierarchical.ThrowableCollector.execute(ThrowableCollector.java:73)
	at org.junit.platform.engine.support.hierarchical.NodeTestTask.prepare(NodeTestTask.java:111)
	at org.junit.platform.engine.support.hierarchical.NodeTestTask.execute(NodeTestTask.java:79)
	at java.base/java.util.ArrayList.forEach(ArrayList.java:1541)
	at org.junit.platform.engine.support.hierarchical.SameThreadHierarchicalTestExecutorService.invokeAll(SameThreadHierarchicalTestExecutorService.java:38)
	at org.junit.platform.engine.support.hierarchical.NodeTestTask.lambda$executeRecursively$5(NodeTestTask.java:143)
	at org.junit.platform.engine.support.hierarchical.ThrowableCollector.execute(ThrowableCollector.java:73)
	at org.junit.platform.engine.support.hierarchical.NodeTestTask.lambda$executeRecursively$7(NodeTestTask.java:129)
	at org.junit.platform.engine.support.hierarchical.Node.around(Node.java:137)
	at org.junit.platform.engine.support.hierarchical.NodeTestTask.lambda$executeRecursively$8(NodeTestTask.java:127)
	at org.junit.platform.engine.support.hierarchical.ThrowableCollector.execute(ThrowableCollector.java:73)
	at org.junit.platform.engine.support.hierarchical.NodeTestTask.executeRecursively(NodeTestTask.java:126)
	at org.junit.platform.engine.support.hierarchical.NodeTestTask.execute(NodeTestTask.java:84)
	at java.base/java.util.ArrayList.forEach(ArrayList.java:1541)
	at org.junit.platform.engine.support.hierarchical.SameThreadHierarchicalTestExecutorService.invokeAll(SameThreadHierarchicalTestExecutorService.java:38)
	at org.junit.platform.engine.support.hierarchical.NodeTestTask.lambda$executeRecursively$5(NodeTestTask.java:143)
	at org.junit.platform.engine.support.hierarchical.ThrowableCollector.execute(ThrowableCollector.java:73)
	at org.junit.platform.engine.support.hierarchical.NodeTestTask.lambda$executeRecursively$7(NodeTestTask.java:129)
	at org.junit.platform.engine.support.hierarchical.Node.around(Node.java:137)
	at org.junit.platform.engine.support.hierarchical.NodeTestTask.lambda$executeRecursively$8(NodeTestTask.java:127)
	at org.junit.platform.engine.support.hierarchical.ThrowableCollector.execute(ThrowableCollector.java:73)
	at org.junit.platform.engine.support.hierarchical.NodeTestTask.executeRecursively(NodeTestTask.java:126)
	at org.junit.platform.engine.support.hierarchical.NodeTestTask.execute(NodeTestTask.java:84)
	at org.junit.platform.engine.support.hierarchical.SameThreadHierarchicalTestExecutorService.submit(SameThreadHierarchicalTestExecutorService.java:32)
	at org.junit.platform.engine.support.hierarchical.HierarchicalTestExecutor.execute(HierarchicalTestExecutor.java:57)
	at org.junit.platform.engine.support.hierarchical.HierarchicalTestEngine.execute(HierarchicalTestEngine.java:51)
	at org.junit.platform.launcher.core.DefaultLauncher.execute(DefaultLauncher.java:220)
	at org.junit.platform.launcher.core.DefaultLauncher.lambda$execute$6(DefaultLauncher.java:188)
	at org.junit.platform.launcher.core.DefaultLauncher.withInterceptedStreams(DefaultLauncher.java:202)
	at org.junit.platform.launcher.core.DefaultLauncher.execute(DefaultLauncher.java:181)
	at org.junit.platform.launcher.core.DefaultLauncher.execute(DefaultLauncher.java:128)
	at org.apache.maven.surefire.junitplatform.JUnitPlatformProvider.invokeAllTests(JUnitPlatformProvider.java:142)
	at org.apache.maven.surefire.junitplatform.JUnitPlatformProvider.invoke(JUnitPlatformProvider.java:117)
	at org.apache.maven.surefire.booter.ForkedBooter.invokeProviderInSameClassLoader(ForkedBooter.java:384)
	at org.apache.maven.surefire.booter.ForkedBooter.runSuitesInProcess(ForkedBooter.java:345)
	at org.apache.maven.surefire.booter.ForkedBooter.execute(ForkedBooter.java:126)
	at org.apache.maven.surefire.booter.ForkedBooter.main(ForkedBooter.java:418)
Caused by: org.springframework.beans.factory.BeanCreationException: Error creating bean with name 'entityManagerFactory' defined in class path resource [org/springframework/boot/autoconfigure/orm/jpa/HibernateJpaConfiguration.class]: Invocation of init method failed; nested exception is javax.persistence.PersistenceException: [PersistenceUnit: default] Unable to build Hibernate SessionFactory; nested exception is org.hibernate.HibernateException: Errors in named queries: 
userDrop failed because of: org.hibernate.hql.internal.ast.QuerySyntaxException: unexpected token: from near line 1, column 10 [delete u from es.ucm.fdi.iw.gotour.model.User u where u.username = :username]
	at org.springframework.beans.factory.support.AbstractAutowireCapableBeanFactory.initializeBean(AbstractAutowireCapableBeanFactory.java:1788)
	at org.springframework.beans.factory.support.AbstractAutowireCapableBeanFactory.doCreateBean(AbstractAutowireCapableBeanFactory.java:609)
	at org.springframework.beans.factory.support.AbstractAutowireCapableBeanFactory.createBean(AbstractAutowireCapableBeanFactory.java:531)
	at org.springframework.beans.factory.support.AbstractBeanFactory.lambda$doGetBean$0(AbstractBeanFactory.java:335)
	at org.springframework.beans.factory.support.DefaultSingletonBeanRegistry.getSingleton(DefaultSingletonBeanRegistry.java:234)
	at org.springframework.beans.factory.support.AbstractBeanFactory.doGetBean(AbstractBeanFactory.java:333)
	at org.springframework.beans.factory.support.AbstractBeanFactory.getBean(AbstractBeanFactory.java:208)
	at org.springframework.context.support.AbstractApplicationContext.getBean(AbstractApplicationContext.java:1161)
	at org.springframework.context.support.AbstractApplicationContext.finishBeanFactoryInitialization(AbstractApplicationContext.java:915)
	at org.springframework.context.support.AbstractApplicationContext.refresh(AbstractApplicationContext.java:588)
	at org.springframework.boot.SpringApplication.refresh(SpringApplication.java:767)
	at org.springframework.boot.SpringApplication.refresh(SpringApplication.java:759)
	at org.springframework.boot.SpringApplication.refreshContext(SpringApplication.java:426)
	at org.springframework.boot.SpringApplication.run(SpringApplication.java:326)
	at org.springframework.boot.test.context.SpringBootContextLoader.loadContext(SpringBootContextLoader.java:122)
	at org.springframework.test.context.cache.DefaultCacheAwareContextLoaderDelegate.loadContextInternal(DefaultCacheAwareContextLoaderDelegate.java:99)
	at org.springframework.test.context.cache.DefaultCacheAwareContextLoaderDelegate.loadContext(DefaultCacheAwareContextLoaderDelegate.java:124)
	... 67 common frames omitted
Caused by: javax.persistence.PersistenceException: [PersistenceUnit: default] Unable to build Hibernate SessionFactory; nested exception is org.hibernate.HibernateException: Errors in named queries: 
userDrop failed because of: org.hibernate.hql.internal.ast.QuerySyntaxException: unexpected token: from near line 1, column 10 [delete u from es.ucm.fdi.iw.gotour.model.User u where u.username = :username]
	at org.springframework.orm.jpa.AbstractEntityManagerFactoryBean.buildNativeEntityManagerFactory(AbstractEntityManagerFactoryBean.java:421)
	at org.springframework.orm.jpa.AbstractEntityManagerFactoryBean.afterPropertiesSet(AbstractEntityManagerFactoryBean.java:396)
	at org.springframework.orm.jpa.LocalContainerEntityManagerFactoryBean.afterPropertiesSet(LocalContainerEntityManagerFactoryBean.java:341)
	at org.springframework.beans.factory.support.AbstractAutowireCapableBeanFactory.invokeInitMethods(AbstractAutowireCapableBeanFactory.java:1847)
	at org.springframework.beans.factory.support.AbstractAutowireCapableBeanFactory.initializeBean(AbstractAutowireCapableBeanFactory.java:1784)
	... 83 common frames omitted
Caused by: org.hibernate.HibernateException: Errors in named queries: 
userDrop failed because of: org.hibernate.hql.internal.ast.QuerySyntaxException: unexpected token: from near line 1, column 10 [delete u from es.ucm.fdi.iw.gotour.model.User u where u.username = :username]
	at org.hibernate.internal.SessionFactoryImpl.<init>(SessionFactoryImpl.java:341)
	at org.hibernate.boot.internal.SessionFactoryBuilderImpl.build(SessionFactoryBuilderImpl.java:469)
	at org.hibernate.jpa.boot.internal.EntityManagerFactoryBuilderImpl.build(EntityManagerFactoryBuilderImpl.java:1259)
	at org.springframework.orm.jpa.vendor.SpringHibernateJpaPersistenceProvider.createContainerEntityManagerFactory(SpringHibernateJpaPersistenceProvider.java:58)
	at org.springframework.orm.jpa.LocalContainerEntityManagerFactoryBean.createNativeEntityManagerFactory(LocalContainerEntityManagerFactoryBean.java:365)
	at org.springframework.orm.jpa.AbstractEntityManagerFactoryBean.buildNativeEntityManagerFactory(AbstractEntityManagerFactoryBean.java:409)
	... 87 common frames omitted
13:59:17.170 [com.intuit.karate.cli.Main.main()] INFO  com.intuit.karate - Karate version: 1.0.1
13:59:22.415 [com.intuit.karate.cli.Main.main()] INFO  com.intuit.karate - [print] <!DOCTYPE html>
<html>
  <head>
    <meta charset="utf-8"></meta>
    <meta name="viewport" content="width=device-width, initial-scale=1, shrink-to-fit=no"></meta>
    <title>Login a la plantilla</title>
    <link rel="stylesheet" href="/css/styles.css">
  </head>
  <body>
                
                <div id="topnav">
                 <a href="/"><img id="logo" src="/img/icon.jpg" alt="El logo de gotour" ></a>
                 <div class="topnav-right">
                   <a>buscar</a>
                   <a href="/login">login</a>
                   <a href="/registro">Registro</a>
                     
                     <!-- <a id="dropdown" th:href="@{/perfil}"><img id="iconouser" th:src="@{/img/usuario.png}" alt="La imagen del usuario" ></a>  -->
                 </div>
                </div>
                 
             
     <div class="container">
      <form class="form-signin" method="post" action="/login"><input type="hidden" name="_csrf" value="50e3a4e5-9092-47df-839e-573005fbb756"/>
        <h2 class="form-signin-heading">Please sign in</h2>
        <p>
          <label for="username" class="sr-only">Username</label>
          <input type="text" id="username" name="username" 
            class="form-control" placeholder="Username" required="required"></input>
        </p>
        <p>
          <label for="password" class="sr-only">Password</label>
          <input type="password" id="password" name="password" 
            class="form-control" placeholder="Password" required="required"></input>
        </p>
        <button class="btn btn-lg btn-primary btn-block" type="submit">Sign in</button>
      </form>
</div>
</body></html> 
13:59:22.445 [com.intuit.karate.cli.Main.main()] INFO  com.intuit.karate - [print] {
  "JSESSIONID": {
    "path": null,
    "domain": "localhost",
    "name": "JSESSIONID",
    "max-age": -9223372036854775808,
    "httponly": false,
    "secure": false,
    "value": "88A287C9C7B90EB5B64B4E7A0ACE7D9E",
    "wrap": false
  }
}
 
13:59:22.498 [com.intuit.karate.cli.Main.main()] INFO  com.intuit.karate - [print] 50e3a4e5-9092-47df-839e-573005fbb756 
13:59:23.953 [com.intuit.karate.cli.Main.main()] INFO  com.intuit.karate - [print] <!DOCTYPE html>
<html lang="en">
<head>
    <meta charset="UTF-8">
    <meta http-equiv="X-UA-Compatible" content="IE=edge">
    <meta name="viewport" content="width=device-width, initial-scale=1.0">
    <title>Perfil</title>
    <link rel="stylesheet" href="/css/styles.css">
</head>
<body>
                
                <div id="topnav">
                 <a href="/"><img id="logo" src="/img/icon.jpg" alt="El logo de gotour" ></a>
                 <div class="topnav-right">
                   <a>buscar</a>
                   
                   
                     <div class="dropdown">
                         <button class="dropbtn">usuario</button>
                         <div class="dropdown-content">
                           <a href="/user/2/perfil">Mi perfil</a>
                           <a href="/">Notificaciones</a>
                           <a href="/user/logout">Salir</a>
                         </div>
                       </div>
                     <!-- <a id="dropdown" th:href="@{/perfil}"><img id="iconouser" th:src="@{/img/usuario.png}" alt="La imagen del usuario" ></a>  -->
                 </div>
                </div>
                 
             
    <div class="contenedor">
        <div class="informacion">
            <div>
                <p>SPACEMARINE</p>
                <a href="/user/2/perfil">Editar</a>
                <a href="/user/2/perfil">Nuevo tour</a>
                <a href="/user/2/datosPrivados">Mi cuenta</a>
            </div>
            <p>Jesus Sanchez Granado</p>
        </div>
        <img id="user" src="/img/perro.jpg" alt="La imagen del usuario" >

        <div><img src="/img/star.png" width="30" /></div>

        <div><img src="/img/star.png" width="30" /></div>

        <div><img src="/img/star.png" width="30" /></div>

        <div><img src="/img/star.png" width="30" /></div>
        <div>
            <h3>-------------Tours disponibles---------------</h3>
            <div class="tour">
                <div>
                    <img id="user" src="/img/coliseo.jpg" alt="Coliseo" >
                    <div class="titulo"><a href="/tour/1">Tour1</a></div>
                    <div class="fecha">Inicio: 2021-12-12T20:00</div>
                    <div class="fecha">Fin: 2021-12-12T20:00</div>
                    <div class="lugar">Alcala, adas</div>
                    <div class="lugar">tour1</div>
                    <div class="precio">8.0</div>
                    <div class="personas">0/2 turistas</div>
                    <p>-----------------------------------------------</p>
                </div>
            </div>      
            <h3>-------------Reseas--------------------------</h3>
            <div class="resenya">
                <img id="user" src="/img/defaultuser.png" alt="user" >
                <div class="creador"><a href="/user/3/perfil">SONIA</a></div>
                <div><img src="/img/star.png" width="30" /></div>
                <div><img src="/img/star.png" width="30" /></div>
                <div><img src="/img/star.png" width="30" /></div>
                <div><img src="/img/star.png" width="30" /></div>
                <div class="textoReview">Buen tour</div>
                <p>-----------------------------------------------</p>
            </div>
        </div>
    </div>
    
</body>
</html>
 
13:59:23.982 [com.intuit.karate.cli.Main.main()] INFO  com.intuit.karate - [print] {
  "JSESSIONID": {
    "path": null,
    "domain": "localhost",
    "name": "JSESSIONID",
    "max-age": -9223372036854775808,
    "httponly": false,
    "secure": false,
    "value": "65EE6A586F4B09F6DEAA7BF2DEF87EDE",
    "wrap": false
  }
}
 
13:59:24.239 [com.intuit.karate.cli.Main.main()] INFO  com.intuit.karate - [print] No Matches for 'h4' in '<!DOCTYPE html>
<html lang="en">
<head>
    <meta charset="UTF-8">
    <meta http-equiv="X-UA-Compatible" content="IE=edge">
    <meta name="viewport" content="width=device-width, initial-scale=1.0">
    <title>Perfil</title>
    <link rel="stylesheet" href="/css/styles.css">
</head>
<body>
                
                <div id="topnav">
                 <a href="/"><img id="logo" src="/img/icon.jpg" alt="El logo de gotour" ></a>
                 <div class="topnav-right">
                   <a>buscar</a>
                   
                   
                     <div class="dropdown">
                         <button class="dropbtn">usuario</button>
                         <div class="dropdown-content">
                           <a href="/user/2/perfil">Mi perfil</a>
                           <a href="/">Notificaciones</a>
                           <a href="/user/logout">Salir</a>
                         </div>
                       </div>
                     <!-- <a id="dropdown" th:href="@{/perfil}"><img id="iconouser" th:src="@{/img/usuario.png}" alt="La imagen del usuario" ></a>  -->
                 </div>
                </div>
                 
             
    <div class="contenedor">
        <div class="informacion">
            <div>
                <p>SPACEMARINE</p>
                <a href="/user/2/perfil">Editar</a>
                <a href="/user/2/perfil">Nuevo tour</a>
                <a href="/user/2/datosPrivados">Mi cuenta</a>
            </div>
            <p>Jesus Sanchez Granado</p>
        </div>
        <img id="user" src="/img/perro.jpg" alt="La imagen del usuario" >

        <div><img src="/img/star.png" width="30" /></div>

        <div><img src="/img/star.png" width="30" /></div>

        <div><img src="/img/star.png" width="30" /></div>

        <div><img src="/img/star.png" width="30" /></div>
        <div>
            <h3>-------------Tours disponibles---------------</h3>
            <div class="tour">
                <div>
                    <img id="user" src="/img/coliseo.jpg" alt="Coliseo" >
                    <div class="titulo"><a href="/tour/1">Tour1</a></div>
                    <div class="fecha">Inicio: 2021-12-12T20:00</div>
                    <div class="fecha">Fin: 2021-12-12T20:00</div>
                    <div class="lugar">Alcala, adas</div>
                    <div class="lugar">tour1</div>
                    <div class="precio">8.0</div>
                    <div class="personas">0/2 turistas</div>
                    <p>-----------------------------------------------</p>
                </div>
            </div>      
            <h3>-------------Reseas--------------------------</h3>
            <div class="resenya">
                <img id="user" src="/img/defaultuser.png" alt="user" >
                <div class="creador"><a href="/user/3/perfil">SONIA</a></div>
                <div><img src="/img/star.png" width="30" /></div>
                <div><img src="/img/star.png" width="30" /></div>
                <div><img src="/img/star.png" width="30" /></div>
                <div><img src="/img/star.png" width="30" /></div>
                <div class="textoReview">Buen tour</div>
                <p>-----------------------------------------------</p>
            </div>
        </div>
    </div>
    
</body>
</html>
' 
13:59:24.271 [com.intuit.karate.cli.Main.main()] ERROR com.intuit.karate - src/test/karate-ui/login.feature:57
* match h4s contains 'Usuarios'
match failed: CONTAINS
  $ | actual does not contain expected (STRING:STRING)
  'No Matches for 'h4' in '<!DOCTYPE html>
<html lang="en">
<head>
    <meta charset="UTF-8">
    <meta http-equiv="X-UA-Compatible" content="IE=edge">
    <meta name="viewport" content="width=device-width, initial-scale=1.0">
    <title>Perfil</title>
    <link rel="stylesheet" href="/css/styles.css">
</head>
<body>
                
                <div id="topnav">
                 <a href="/"><img id="logo" src="/img/icon.jpg" alt="El logo de gotour" ></a>
                 <div class="topnav-right">
                   <a>buscar</a>
                   
                   
                     <div class="dropdown">
                         <button class="dropbtn">usuario</button>
                         <div class="dropdown-content">
                           <a href="/user/2/perfil">Mi perfil</a>
                           <a href="/">Notificaciones</a>
                           <a href="/user/logout">Salir</a>
                         </div>
                       </div>
                     <!-- <a id="dropdown" th:href="@{/perfil}"><img id="iconouser" th:src="@{/img/usuario.png}" alt="La imagen del usuario" ></a>  -->
                 </div>
                </div>
                 
             
    <div class="contenedor">
        <div class="informacion">
            <div>
                <p>SPACEMARINE</p>
                <a href="/user/2/perfil">Editar</a>
                <a href="/user/2/perfil">Nuevo tour</a>
                <a href="/user/2/datosPrivados">Mi cuenta</a>
            </div>
            <p>Jesus Sanchez Granado</p>
        </div>
        <img id="user" src="/img/perro.jpg" alt="La imagen del usuario" >

        <div><img src="/img/star.png" width="30" /></div>

        <div><img src="/img/star.png" width="30" /></div>

        <div><img src="/img/star.png" width="30" /></div>

        <div><img src="/img/star.png" width="30" /></div>
        <div>
            <h3>-------------Tours disponibles---------------</h3>
            <div class="tour">
                <div>
                    <img id="user" src="/img/coliseo.jpg" alt="Coliseo" >
                    <div class="titulo"><a href="/tour/1">Tour1</a></div>
                    <div class="fecha">Inicio: 2021-12-12T20:00</div>
                    <div class="fecha">Fin: 2021-12-12T20:00</div>
                    <div class="lugar">Alcala, adas</div>
                    <div class="lugar">tour1</div>
                    <div class="precio">8.0</div>
                    <div class="personas">0/2 turistas</div>
                    <p>-----------------------------------------------</p>
                </div>
            </div>      
            <h3>-------------Reseas--------------------------</h3>
            <div class="resenya">
                <img id="user" src="/img/defaultuser.png" alt="user" >
                <div class="creador"><a href="/user/3/perfil">SONIA</a></div>
                <div><img src="/img/star.png" width="30" /></div>
                <div><img src="/img/star.png" width="30" /></div>
                <div><img src="/img/star.png" width="30" /></div>
                <div><img src="/img/star.png" width="30" /></div>
                <div class="textoReview">Buen tour</div>
                <p>-----------------------------------------------</p>
            </div>
        </div>
    </div>
    
</body>
</html>
''
  'Usuarios'

src/test/karate-ui/login.feature:57
13:59:26.826 [com.intuit.karate.cli.Main.main()] INFO  com.intuit.karate.Suite - <<fail>> feature 1 of 1 (0 remaining) src/test/karate-ui/login.feature
14:02:15.716 [com.intuit.karate.cli.Main.main()] INFO  com.intuit.karate - Karate version: 1.0.1
14:02:16.257 [com.intuit.karate.cli.Main.main()] INFO  com.intuit.karate.Suite - backed up existing 'target/karate-reports' dir to: target/karate-reports_1618660936248
14:02:19.682 [com.intuit.karate.cli.Main.main()] INFO  com.intuit.karate - [print] <!DOCTYPE html>
<html>
  <head>
    <meta charset="utf-8"></meta>
    <meta name="viewport" content="width=device-width, initial-scale=1, shrink-to-fit=no"></meta>
    <title>Login a la plantilla</title>
    <link rel="stylesheet" href="/css/styles.css">
  </head>
  <body>
                
                <div id="topnav">
                 <a href="/"><img id="logo" src="/img/icon.jpg" alt="El logo de gotour" ></a>
                 <div class="topnav-right">
                   <a>buscar</a>
                   <a href="/login">login</a>
                   <a href="/registro">Registro</a>
                     
                     <!-- <a id="dropdown" th:href="@{/perfil}"><img id="iconouser" th:src="@{/img/usuario.png}" alt="La imagen del usuario" ></a>  -->
                 </div>
                </div>
                 
             
     <div class="container">
      <form class="form-signin" method="post" action="/login"><input type="hidden" name="_csrf" value="5da6969d-9751-4efa-af2d-2ddc93d8000b"/>
        <h2 class="form-signin-heading">Please sign in</h2>
        <p>
          <label for="username" class="sr-only">Username</label>
          <input type="text" id="username" name="username" 
            class="form-control" placeholder="Username" required="required"></input>
        </p>
        <p>
          <label for="password" class="sr-only">Password</label>
          <input type="password" id="password" name="password" 
            class="form-control" placeholder="Password" required="required"></input>
        </p>
        <button class="btn btn-lg btn-primary btn-block" type="submit">Sign in</button>
      </form>
</div>
</body></html> 
14:02:19.709 [com.intuit.karate.cli.Main.main()] INFO  com.intuit.karate - [print] {
  "JSESSIONID": {
    "path": null,
    "domain": "localhost",
    "name": "JSESSIONID",
    "max-age": -9223372036854775808,
    "httponly": false,
    "secure": false,
    "value": "347374876C178DE45A9707C6239873A5",
    "wrap": false
  }
}
 
14:02:19.747 [com.intuit.karate.cli.Main.main()] INFO  com.intuit.karate - [print] 5da6969d-9751-4efa-af2d-2ddc93d8000b 
14:02:20.365 [com.intuit.karate.cli.Main.main()] INFO  com.intuit.karate - [print] <!DOCTYPE html>
<html lang="en">
<head>
    <meta charset="UTF-8">
    <meta http-equiv="X-UA-Compatible" content="IE=edge">
    <meta name="viewport" content="width=device-width, initial-scale=1.0">
    <title>Perfil</title>
    <link rel="stylesheet" href="/css/styles.css">
</head>
<body>
                
                <div id="topnav">
                 <a href="/"><img id="logo" src="/img/icon.jpg" alt="El logo de gotour" ></a>
                 <div class="topnav-right">
                   <a>buscar</a>
                   
                   
                     <div class="dropdown">
                         <button class="dropbtn">usuario</button>
                         <div class="dropdown-content">
                           <a href="/user/2/perfil">Mi perfil</a>
                           <a href="/">Notificaciones</a>
                           <a href="/user/logout">Salir</a>
                         </div>
                       </div>
                     <!-- <a id="dropdown" th:href="@{/perfil}"><img id="iconouser" th:src="@{/img/usuario.png}" alt="La imagen del usuario" ></a>  -->
                 </div>
                </div>
                 
             
    <div class="contenedor">
        <div class="informacion">
            <div>
                <p>SPACEMARINE</p>
                <a href="/user/2/perfil">Editar</a>
                <a href="/user/2/perfil">Nuevo tour</a>
                <a href="/user/2/datosPrivados">Mi cuenta</a>
            </div>
            <p>Jesus Sanchez Granado</p>
        </div>
        <img id="user" src="/img/perro.jpg" alt="La imagen del usuario" >

        <div><img src="/img/star.png" width="30" /></div>

        <div><img src="/img/star.png" width="30" /></div>

        <div><img src="/img/star.png" width="30" /></div>

        <div><img src="/img/star.png" width="30" /></div>
        <div>
            <h3>-------------Tours disponibles---------------</h3>
            <div class="tour">
                <div>
                    <img id="user" src="/img/coliseo.jpg" alt="Coliseo" >
                    <div class="titulo"><a href="/tour/1">Tour1</a></div>
                    <div class="fecha">Inicio: 2021-12-12T20:00</div>
                    <div class="fecha">Fin: 2021-12-12T20:00</div>
                    <div class="lugar">Alcala, adas</div>
                    <div class="lugar">tour1</div>
                    <div class="precio">8.0</div>
                    <div class="personas">0/2 turistas</div>
                    <p>-----------------------------------------------</p>
                </div>
            </div>      
            <h3>-------------Reseas--------------------------</h3>
            <div class="resenya">
                <img id="user" src="/img/defaultuser.png" alt="user" >
                <div class="creador"><a href="/user/3/perfil">SONIA</a></div>
                <div><img src="/img/star.png" width="30" /></div>
                <div><img src="/img/star.png" width="30" /></div>
                <div><img src="/img/star.png" width="30" /></div>
                <div><img src="/img/star.png" width="30" /></div>
                <div class="textoReview">Buen tour</div>
                <p>-----------------------------------------------</p>
            </div>
        </div>
    </div>
    
</body>
</html>
 
14:02:20.372 [com.intuit.karate.cli.Main.main()] INFO  com.intuit.karate - [print] {
  "JSESSIONID": {
    "path": null,
    "domain": "localhost",
    "name": "JSESSIONID",
    "max-age": -9223372036854775808,
    "httponly": false,
    "secure": false,
    "value": "F5B6EE307ECDB19D740B8C514ADC12C8",
    "wrap": false
  }
}
 
14:02:20.745 [com.intuit.karate.cli.Main.main()] INFO  com.intuit.karate - [print] Perfil 
14:02:20.870 [com.intuit.karate.cli.Main.main()] ERROR com.intuit.karate - src/test/karate-ui/login.feature:58
* driver.screenshot()
>>>> js failed:
01: driver.screenshot()
<<<<
org.graalvm.polyglot.PolyglotException: ReferenceError: "driver" is not defined
- <js>.:program(Unnamed:1)

src/test/karate-ui/login.feature:58
14:02:23.301 [com.intuit.karate.cli.Main.main()] INFO  com.intuit.karate.Suite - <<fail>> feature 1 of 1 (0 remaining) src/test/karate-ui/login.feature
14:06:54.941 [com.intuit.karate.cli.Main.main()] INFO  com.intuit.karate - Karate version: 1.0.1
14:06:55.432 [com.intuit.karate.cli.Main.main()] INFO  com.intuit.karate.Suite - backed up existing 'target/karate-reports' dir to: target/karate-reports_1618661215431
14:06:57.698 [chrome_1618661217671] ERROR com.intuit.karate.shell.Command - command error: [/usr/bin/chromium-browser, --remote-debugging-port=9222, --no-first-run, --user-data-dir=/home/alumno/Escritorio/IW/GoTour/target/chrome_1618661217671, --disable-popup-blocking] - Cannot run program "/usr/bin/chromium-browser" (in directory "target/chrome_1618661217671"): error=2, No existe el archivo o el directorio
14:07:03.098 [com.intuit.karate.cli.Main.main()] ERROR com.intuit.karate - driver config / start failed: start failed, options: {type=chrome, executable=/usr/bin/chromium-browser, showDriverLog=true, target=null}
com.intuit.karate.KarateException: start failed
	at com.intuit.karate.driver.DriverOptions.startProcess(DriverOptions.java:268)
	at com.intuit.karate.driver.DriverOptions.startProcess(DriverOptions.java:243)
	at com.intuit.karate.driver.chrome.Chrome.start(Chrome.java:64)
	at com.intuit.karate.driver.DriverOptions.start(DriverOptions.java:291)
	at com.intuit.karate.core.ScenarioEngine.driver(ScenarioEngine.java:856)
	at com.intuit.karate.ScenarioActions.driver(ScenarioActions.java:400)
	at java.base/jdk.internal.reflect.NativeMethodAccessorImpl.invoke0(Native Method)
	at java.base/jdk.internal.reflect.NativeMethodAccessorImpl.invoke(NativeMethodAccessorImpl.java:62)
	at java.base/jdk.internal.reflect.DelegatingMethodAccessorImpl.invoke(DelegatingMethodAccessorImpl.java:43)
	at java.base/java.lang.reflect.Method.invoke(Method.java:566)
	at com.intuit.karate.core.StepRuntime.execute(StepRuntime.java:280)
	at com.intuit.karate.core.ScenarioRuntime.execute(ScenarioRuntime.java:461)
	at com.intuit.karate.core.ScenarioRuntime.run(ScenarioRuntime.java:395)
	at com.intuit.karate.core.FeatureRuntime.processScenario(FeatureRuntime.java:181)
	at java.base/java.util.Iterator.forEachRemaining(Iterator.java:133)
	at com.intuit.karate.core.FeatureRuntime.run(FeatureRuntime.java:164)
	at java.base/java.util.concurrent.Executors$RunnableAdapter.call(Executors.java:515)
	at java.base/java.util.concurrent.FutureTask.run(FutureTask.java:264)
	at com.intuit.karate.core.SyncExecutorService.execute(SyncExecutorService.java:70)
	at java.base/java.util.concurrent.AbstractExecutorService.submit(AbstractExecutorService.java:118)
	at com.intuit.karate.Suite.run(Suite.java:226)
	at com.intuit.karate.Runner$Builder.parallel(Runner.java:516)
	at com.intuit.karate.Main.call(Main.java:339)
	at com.intuit.karate.Main.call(Main.java:57)
	at picocli.CommandLine.executeUserObject(CommandLine.java:1933)
	at picocli.CommandLine.access$1200(CommandLine.java:145)
	at picocli.CommandLine$RunLast.executeUserObjectOfLastSubcommandWithSameParent(CommandLine.java:2332)
	at picocli.CommandLine$RunLast.handle(CommandLine.java:2326)
	at picocli.CommandLine$RunLast.handle(CommandLine.java:2291)
	at picocli.CommandLine$AbstractParseResultHandler.execute(CommandLine.java:2159)
	at picocli.CommandLine.execute(CommandLine.java:2058)
	at com.intuit.karate.Main.main(Main.java:294)
	at com.intuit.karate.cli.Main.main(Main.java:33)
	at org.codehaus.mojo.exec.ExecJavaMojo$1.run(ExecJavaMojo.java:254)
	at java.base/java.lang.Thread.run(Thread.java:834)
Caused by: java.io.IOException: Cannot run program "/usr/bin/chromium-browser" (in directory "target/chrome_1618661217671"): error=2, No existe el archivo o el directorio
	at java.base/java.lang.ProcessBuilder.start(ProcessBuilder.java:1128)
	at java.base/java.lang.ProcessBuilder.start(ProcessBuilder.java:1071)
	at com.intuit.karate.shell.Command.run(Command.java:348)
Caused by: java.io.IOException: error=2, No existe el archivo o el directorio
	at java.base/java.lang.ProcessImpl.forkAndExec(Native Method)
	at java.base/java.lang.ProcessImpl.<init>(ProcessImpl.java:340)
	at java.base/java.lang.ProcessImpl.start(ProcessImpl.java:271)
	at java.base/java.lang.ProcessBuilder.start(ProcessBuilder.java:1107)
	... 2 common frames omitted
14:07:03.113 [com.intuit.karate.cli.Main.main()] ERROR com.intuit.karate - src/test/karate-ui/login.feature:38
Given driver 'http://localhost:8080/login'
driver config / start failed: start failed, options: {type=chrome, executable=/usr/bin/chromium-browser, showDriverLog=true, target=null}
src/test/karate-ui/login.feature:38
14:07:05.308 [com.intuit.karate.cli.Main.main()] INFO  com.intuit.karate.Suite - <<fail>> feature 1 of 1 (0 remaining) src/test/karate-ui/login.feature
14:11:06.103 [com.intuit.karate.cli.Main.main()] INFO  com.intuit.karate - Karate version: 1.0.1
14:11:06.713 [com.intuit.karate.cli.Main.main()] INFO  com.intuit.karate.Suite - backed up existing 'target/karate-reports' dir to: target/karate-reports_1618661466713
14:11:09.061 [chrome_1618661469041] ERROR com.intuit.karate.shell.Command - command error: [/usr/bin/chromium-browser, --remote-debugging-port=9222, --no-first-run, --user-data-dir=/home/alumno/Escritorio/IW/GoTour/target/chrome_1618661469041, --disable-popup-blocking] - Cannot run program "/usr/bin/chromium-browser" (in directory "target/chrome_1618661469041"): error=2, No existe el archivo o el directorio
14:11:14.412 [com.intuit.karate.cli.Main.main()] ERROR com.intuit.karate - driver config / start failed: start failed, options: {type=chrome, executable=/usr/bin/chromium-browser, showDriverLog=true, target=null}
com.intuit.karate.KarateException: start failed
	at com.intuit.karate.driver.DriverOptions.startProcess(DriverOptions.java:268)
	at com.intuit.karate.driver.DriverOptions.startProcess(DriverOptions.java:243)
	at com.intuit.karate.driver.chrome.Chrome.start(Chrome.java:64)
	at com.intuit.karate.driver.DriverOptions.start(DriverOptions.java:291)
	at com.intuit.karate.core.ScenarioEngine.driver(ScenarioEngine.java:856)
	at com.intuit.karate.ScenarioActions.driver(ScenarioActions.java:400)
	at java.base/jdk.internal.reflect.NativeMethodAccessorImpl.invoke0(Native Method)
	at java.base/jdk.internal.reflect.NativeMethodAccessorImpl.invoke(NativeMethodAccessorImpl.java:62)
	at java.base/jdk.internal.reflect.DelegatingMethodAccessorImpl.invoke(DelegatingMethodAccessorImpl.java:43)
	at java.base/java.lang.reflect.Method.invoke(Method.java:566)
	at com.intuit.karate.core.StepRuntime.execute(StepRuntime.java:280)
	at com.intuit.karate.core.ScenarioRuntime.execute(ScenarioRuntime.java:461)
	at com.intuit.karate.core.ScenarioRuntime.run(ScenarioRuntime.java:395)
	at com.intuit.karate.core.FeatureRuntime.processScenario(FeatureRuntime.java:181)
	at java.base/java.util.Iterator.forEachRemaining(Iterator.java:133)
	at com.intuit.karate.core.FeatureRuntime.run(FeatureRuntime.java:164)
	at java.base/java.util.concurrent.Executors$RunnableAdapter.call(Executors.java:515)
	at java.base/java.util.concurrent.FutureTask.run(FutureTask.java:264)
	at com.intuit.karate.core.SyncExecutorService.execute(SyncExecutorService.java:70)
	at java.base/java.util.concurrent.AbstractExecutorService.submit(AbstractExecutorService.java:118)
	at com.intuit.karate.Suite.run(Suite.java:226)
	at com.intuit.karate.Runner$Builder.parallel(Runner.java:516)
	at com.intuit.karate.Main.call(Main.java:339)
	at com.intuit.karate.Main.call(Main.java:57)
	at picocli.CommandLine.executeUserObject(CommandLine.java:1933)
	at picocli.CommandLine.access$1200(CommandLine.java:145)
	at picocli.CommandLine$RunLast.executeUserObjectOfLastSubcommandWithSameParent(CommandLine.java:2332)
	at picocli.CommandLine$RunLast.handle(CommandLine.java:2326)
	at picocli.CommandLine$RunLast.handle(CommandLine.java:2291)
	at picocli.CommandLine$AbstractParseResultHandler.execute(CommandLine.java:2159)
	at picocli.CommandLine.execute(CommandLine.java:2058)
	at com.intuit.karate.Main.main(Main.java:294)
	at com.intuit.karate.cli.Main.main(Main.java:33)
	at org.codehaus.mojo.exec.ExecJavaMojo$1.run(ExecJavaMojo.java:254)
	at java.base/java.lang.Thread.run(Thread.java:834)
Caused by: java.io.IOException: Cannot run program "/usr/bin/chromium-browser" (in directory "target/chrome_1618661469041"): error=2, No existe el archivo o el directorio
	at java.base/java.lang.ProcessBuilder.start(ProcessBuilder.java:1128)
	at java.base/java.lang.ProcessBuilder.start(ProcessBuilder.java:1071)
	at com.intuit.karate.shell.Command.run(Command.java:348)
Caused by: java.io.IOException: error=2, No existe el archivo o el directorio
	at java.base/java.lang.ProcessImpl.forkAndExec(Native Method)
	at java.base/java.lang.ProcessImpl.<init>(ProcessImpl.java:340)
	at java.base/java.lang.ProcessImpl.start(ProcessImpl.java:271)
	at java.base/java.lang.ProcessBuilder.start(ProcessBuilder.java:1107)
	... 2 common frames omitted
14:11:14.429 [com.intuit.karate.cli.Main.main()] ERROR com.intuit.karate - src/test/karate-ui/login.feature:38
Given driver 'http://localhost:8080/login'
driver config / start failed: start failed, options: {type=chrome, executable=/usr/bin/chromium-browser, showDriverLog=true, target=null}
src/test/karate-ui/login.feature:38
14:11:16.739 [com.intuit.karate.cli.Main.main()] INFO  com.intuit.karate.Suite - <<fail>> feature 1 of 1 (0 remaining) src/test/karate-ui/login.feature
14:22:48.373 [com.intuit.karate.cli.Main.main()] INFO  com.intuit.karate - Karate version: 1.0.1
14:22:48.961 [com.intuit.karate.cli.Main.main()] INFO  com.intuit.karate.Suite - backed up existing 'target/karate-reports' dir to: target/karate-reports_1618662168950
14:23:00.410 [com.intuit.karate.cli.Main.main()] WARN  c.intuit.karate.driver.DriverOptions - unknown character / key code: S
14:23:00.543 [com.intuit.karate.cli.Main.main()] WARN  c.intuit.karate.driver.DriverOptions - unknown character / key code: P
14:23:00.579 [com.intuit.karate.cli.Main.main()] WARN  c.intuit.karate.driver.DriverOptions - unknown character / key code: A
14:23:00.613 [com.intuit.karate.cli.Main.main()] WARN  c.intuit.karate.driver.DriverOptions - unknown character / key code: C
14:23:00.635 [com.intuit.karate.cli.Main.main()] WARN  c.intuit.karate.driver.DriverOptions - unknown character / key code: E
14:23:00.650 [com.intuit.karate.cli.Main.main()] WARN  c.intuit.karate.driver.DriverOptions - unknown character / key code: M
14:23:00.677 [com.intuit.karate.cli.Main.main()] WARN  c.intuit.karate.driver.DriverOptions - unknown character / key code: A
14:23:00.689 [com.intuit.karate.cli.Main.main()] WARN  c.intuit.karate.driver.DriverOptions - unknown character / key code: R
14:23:00.697 [com.intuit.karate.cli.Main.main()] WARN  c.intuit.karate.driver.DriverOptions - unknown character / key code: I
14:23:00.713 [com.intuit.karate.cli.Main.main()] WARN  c.intuit.karate.driver.DriverOptions - unknown character / key code: N
14:23:00.733 [com.intuit.karate.cli.Main.main()] WARN  c.intuit.karate.driver.DriverOptions - unknown character / key code: E
14:23:02.604 [chrome_1618662171465] WARN  com.intuit.karate.shell.Command - exit code was non-zero: 137 - [/opt/google/chrome/google-chrome, --remote-debugging-port=9222, --no-first-run, --user-data-dir=/home/alumno/Escritorio/IW/GoTour/target/chrome_1618662171465, --disable-popup-blocking] working dir: target/chrome_1618662171465
14:23:05.971 [com.intuit.karate.cli.Main.main()] INFO  com.intuit.karate.Suite - <<pass>> feature 1 of 1 (0 remaining) src/test/karate-ui/login.feature
14:32:23.545 [com.intuit.karate.cli.Main.main()] INFO  com.intuit.karate - Karate version: 1.0.1
14:32:24.297 [com.intuit.karate.cli.Main.main()] INFO  com.intuit.karate.Suite - backed up existing 'target/karate-reports' dir to: target/karate-reports_1618662744296
14:32:35.243 [com.intuit.karate.cli.Main.main()] WARN  c.intuit.karate.driver.DriverOptions - unknown character / key code: S
14:32:35.266 [com.intuit.karate.cli.Main.main()] WARN  c.intuit.karate.driver.DriverOptions - unknown character / key code: P
14:32:35.295 [com.intuit.karate.cli.Main.main()] WARN  c.intuit.karate.driver.DriverOptions - unknown character / key code: A
14:32:35.311 [com.intuit.karate.cli.Main.main()] WARN  c.intuit.karate.driver.DriverOptions - unknown character / key code: C
14:32:35.330 [com.intuit.karate.cli.Main.main()] WARN  c.intuit.karate.driver.DriverOptions - unknown character / key code: E
14:32:35.347 [com.intuit.karate.cli.Main.main()] WARN  c.intuit.karate.driver.DriverOptions - unknown character / key code: M
14:32:35.358 [com.intuit.karate.cli.Main.main()] WARN  c.intuit.karate.driver.DriverOptions - unknown character / key code: A
14:32:35.368 [com.intuit.karate.cli.Main.main()] WARN  c.intuit.karate.driver.DriverOptions - unknown character / key code: R
14:32:35.376 [com.intuit.karate.cli.Main.main()] WARN  c.intuit.karate.driver.DriverOptions - unknown character / key code: I
14:32:35.400 [com.intuit.karate.cli.Main.main()] WARN  c.intuit.karate.driver.DriverOptions - unknown character / key code: N
14:32:35.420 [com.intuit.karate.cli.Main.main()] WARN  c.intuit.karate.driver.DriverOptions - unknown character / key code: E
14:32:36.694 [chrome_1618662748261] WARN  com.intuit.karate.shell.Command - exit code was non-zero: 137 - [/opt/google/chrome/google-chrome, --remote-debugging-port=9222, --no-first-run, --user-data-dir=/home/alumno/Escritorio/IW/GoTour/target/chrome_1618662748261, --disable-popup-blocking] working dir: target/chrome_1618662748261
14:32:40.556 [com.intuit.karate.cli.Main.main()] INFO  com.intuit.karate.Suite - <<pass>> feature 1 of 1 (0 remaining) src/test/karate-ui/login.feature
14:34:32.946 [com.intuit.karate.cli.Main.main()] INFO  com.intuit.karate - Karate version: 1.0.1
14:34:33.531 [com.intuit.karate.cli.Main.main()] INFO  com.intuit.karate.Suite - backed up existing 'target/karate-reports' dir to: target/karate-reports_1618662873530
14:34:42.332 [com.intuit.karate.cli.Main.main()] WARN  c.intuit.karate.driver.DriverOptions - unknown character / key code: S
14:34:42.363 [com.intuit.karate.cli.Main.main()] WARN  c.intuit.karate.driver.DriverOptions - unknown character / key code: P
14:34:42.393 [com.intuit.karate.cli.Main.main()] WARN  c.intuit.karate.driver.DriverOptions - unknown character / key code: A
14:34:42.413 [com.intuit.karate.cli.Main.main()] WARN  c.intuit.karate.driver.DriverOptions - unknown character / key code: C
14:34:42.438 [com.intuit.karate.cli.Main.main()] WARN  c.intuit.karate.driver.DriverOptions - unknown character / key code: E
14:34:42.466 [com.intuit.karate.cli.Main.main()] WARN  c.intuit.karate.driver.DriverOptions - unknown character / key code: M
14:34:42.488 [com.intuit.karate.cli.Main.main()] WARN  c.intuit.karate.driver.DriverOptions - unknown character / key code: A
14:34:42.517 [com.intuit.karate.cli.Main.main()] WARN  c.intuit.karate.driver.DriverOptions - unknown character / key code: R
14:34:42.544 [com.intuit.karate.cli.Main.main()] WARN  c.intuit.karate.driver.DriverOptions - unknown character / key code: I
14:34:42.572 [com.intuit.karate.cli.Main.main()] WARN  c.intuit.karate.driver.DriverOptions - unknown character / key code: N
14:34:42.595 [com.intuit.karate.cli.Main.main()] WARN  c.intuit.karate.driver.DriverOptions - unknown character / key code: E
14:34:43.941 [nioEventLoopGroup-2-1] WARN  c.intuit.karate.driver.DriverOptions - devtools error: [id: 29, result: [type: MAP, value: {type=object, subtype=error, className=TypeError, description=TypeError: Cannot read property 'click' of null
    at <anonymous>:1:40, objectId={"injectedScriptId":2,"id":1}}]]
14:34:43.949 [com.intuit.karate.cli.Main.main()] WARN  c.intuit.karate.driver.DriverOptions - js eval failed once:document.querySelector("[id=logo_box]").click(), error: {"type":"object","subtype":"error","className":"TypeError","description":"TypeError: Cannot read property 'click' of null\n    at <anonymous>:1:40","objectId":"{\"injectedScriptId\":2,\"id\":1}"}
14:34:46.960 [nioEventLoopGroup-2-1] WARN  c.intuit.karate.driver.DriverOptions - devtools error: [id: 30, result: [type: MAP, value: {type=object, subtype=error, className=TypeError, description=TypeError: Cannot read property 'click' of null
    at <anonymous>:1:40, objectId={"injectedScriptId":2,"id":3}}]]
14:34:46.977 [com.intuit.karate.cli.Main.main()] ERROR c.intuit.karate.driver.DriverOptions - js eval failed twice:document.querySelector("[id=logo_box]").click(), error: {"type":"object","subtype":"error","className":"TypeError","description":"TypeError: Cannot read property 'click' of null\n    at <anonymous>:1:40","objectId":"{\"injectedScriptId\":2,\"id\":3}"}
14:34:47.073 [com.intuit.karate.cli.Main.main()] ERROR com.intuit.karate - src/test/karate-ui/principal.feature:17
* click("[id=logo_box]")
>>>> js failed:
01: click("[id=logo_box]")
<<<<
org.graalvm.polyglot.PolyglotException: js eval failed twice:document.querySelector("[id=logo_box]").click(), error: {"type":"object","subtype":"error","className":"TypeError","description":"TypeError: Cannot read property 'click' of null\n    at <anonymous>:1:40","objectId":"{\"injectedScriptId\":2,\"id\":3}"}
- com.intuit.karate.driver.DevToolsDriver.eval(DevToolsDriver.java:271)
- com.intuit.karate.driver.DevToolsDriver.eval(DevToolsDriver.java:256)
- com.intuit.karate.driver.DevToolsDriver.click(DevToolsDriver.java:477)
- <js>.:anonymous(Unnamed:1)

src/test/karate-ui/principal.feature:17
14:34:47.761 [chrome_1618662876693] WARN  com.intuit.karate.shell.Command - exit code was non-zero: 137 - [/opt/google/chrome/google-chrome, --remote-debugging-port=9222, --no-first-run, --user-data-dir=/home/alumno/Escritorio/IW/GoTour/target/chrome_1618662876693, --disable-popup-blocking] working dir: target/chrome_1618662876693
14:34:51.012 [com.intuit.karate.cli.Main.main()] INFO  com.intuit.karate.Suite - <<fail>> feature 1 of 1 (0 remaining) src/test/karate-ui/principal.feature
14:35:39.158 [com.intuit.karate.cli.Main.main()] INFO  com.intuit.karate - Karate version: 1.0.1
14:35:39.717 [com.intuit.karate.cli.Main.main()] INFO  com.intuit.karate.Suite - backed up existing 'target/karate-reports' dir to: target/karate-reports_1618662939716
14:35:47.931 [com.intuit.karate.cli.Main.main()] WARN  c.intuit.karate.driver.DriverOptions - unknown character / key code: S
14:35:47.994 [com.intuit.karate.cli.Main.main()] WARN  c.intuit.karate.driver.DriverOptions - unknown character / key code: P
14:35:48.018 [com.intuit.karate.cli.Main.main()] WARN  c.intuit.karate.driver.DriverOptions - unknown character / key code: A
14:35:48.065 [com.intuit.karate.cli.Main.main()] WARN  c.intuit.karate.driver.DriverOptions - unknown character / key code: C
14:35:48.085 [com.intuit.karate.cli.Main.main()] WARN  c.intuit.karate.driver.DriverOptions - unknown character / key code: E
14:35:48.127 [com.intuit.karate.cli.Main.main()] WARN  c.intuit.karate.driver.DriverOptions - unknown character / key code: M
14:35:48.146 [com.intuit.karate.cli.Main.main()] WARN  c.intuit.karate.driver.DriverOptions - unknown character / key code: A
14:35:48.171 [com.intuit.karate.cli.Main.main()] WARN  c.intuit.karate.driver.DriverOptions - unknown character / key code: R
14:35:48.206 [com.intuit.karate.cli.Main.main()] WARN  c.intuit.karate.driver.DriverOptions - unknown character / key code: I
14:35:48.225 [com.intuit.karate.cli.Main.main()] WARN  c.intuit.karate.driver.DriverOptions - unknown character / key code: N
14:35:48.245 [com.intuit.karate.cli.Main.main()] WARN  c.intuit.karate.driver.DriverOptions - unknown character / key code: E
14:35:49.527 [nioEventLoopGroup-2-1] WARN  c.intuit.karate.driver.DriverOptions - devtools error: [id: 29, result: [type: MAP, value: {type=object, subtype=error, className=TypeError, description=TypeError: Cannot read property 'click' of null
    at <anonymous>:1:41, objectId={"injectedScriptId":2,"id":1}}]]
14:35:49.542 [com.intuit.karate.cli.Main.main()] WARN  c.intuit.karate.driver.DriverOptions - js eval failed once:document.querySelector("a[id=logo_box]").click(), error: {"type":"object","subtype":"error","className":"TypeError","description":"TypeError: Cannot read property 'click' of null\n    at <anonymous>:1:41","objectId":"{\"injectedScriptId\":2,\"id\":1}"}
14:35:52.592 [nioEventLoopGroup-2-1] WARN  c.intuit.karate.driver.DriverOptions - devtools error: [id: 30, result: [type: MAP, value: {type=object, subtype=error, className=TypeError, description=TypeError: Cannot read property 'click' of null
    at <anonymous>:1:41, objectId={"injectedScriptId":2,"id":3}}]]
14:35:52.602 [com.intuit.karate.cli.Main.main()] ERROR c.intuit.karate.driver.DriverOptions - js eval failed twice:document.querySelector("a[id=logo_box]").click(), error: {"type":"object","subtype":"error","className":"TypeError","description":"TypeError: Cannot read property 'click' of null\n    at <anonymous>:1:41","objectId":"{\"injectedScriptId\":2,\"id\":3}"}
14:35:52.663 [com.intuit.karate.cli.Main.main()] ERROR com.intuit.karate - src/test/karate-ui/principal.feature:17
* click("a[id=logo_box]")
>>>> js failed:
01: click("a[id=logo_box]")
<<<<
org.graalvm.polyglot.PolyglotException: js eval failed twice:document.querySelector("a[id=logo_box]").click(), error: {"type":"object","subtype":"error","className":"TypeError","description":"TypeError: Cannot read property 'click' of null\n    at <anonymous>:1:41","objectId":"{\"injectedScriptId\":2,\"id\":3}"}
- com.intuit.karate.driver.DevToolsDriver.eval(DevToolsDriver.java:271)
- com.intuit.karate.driver.DevToolsDriver.eval(DevToolsDriver.java:256)
- com.intuit.karate.driver.DevToolsDriver.click(DevToolsDriver.java:477)
- <js>.:anonymous(Unnamed:1)

src/test/karate-ui/principal.feature:17
14:35:53.085 [chrome_1618662942557] WARN  com.intuit.karate.shell.Command - exit code was non-zero: 137 - [/opt/google/chrome/google-chrome, --remote-debugging-port=9222, --no-first-run, --user-data-dir=/home/alumno/Escritorio/IW/GoTour/target/chrome_1618662942557, --disable-popup-blocking] working dir: target/chrome_1618662942557
14:35:56.349 [com.intuit.karate.cli.Main.main()] INFO  com.intuit.karate.Suite - <<fail>> feature 1 of 1 (0 remaining) src/test/karate-ui/principal.feature
14:39:12.138 [com.intuit.karate.cli.Main.main()] INFO  com.intuit.karate - Karate version: 1.0.1
14:39:12.722 [com.intuit.karate.cli.Main.main()] INFO  com.intuit.karate.Suite - backed up existing 'target/karate-reports' dir to: target/karate-reports_1618663152722
14:39:23.251 [com.intuit.karate.cli.Main.main()] WARN  c.intuit.karate.driver.DriverOptions - unknown character / key code: S
14:39:23.277 [com.intuit.karate.cli.Main.main()] WARN  c.intuit.karate.driver.DriverOptions - unknown character / key code: P
14:39:23.299 [com.intuit.karate.cli.Main.main()] WARN  c.intuit.karate.driver.DriverOptions - unknown character / key code: A
14:39:23.316 [com.intuit.karate.cli.Main.main()] WARN  c.intuit.karate.driver.DriverOptions - unknown character / key code: C
14:39:23.329 [com.intuit.karate.cli.Main.main()] WARN  c.intuit.karate.driver.DriverOptions - unknown character / key code: E
14:39:23.354 [com.intuit.karate.cli.Main.main()] WARN  c.intuit.karate.driver.DriverOptions - unknown character / key code: M
14:39:23.384 [com.intuit.karate.cli.Main.main()] WARN  c.intuit.karate.driver.DriverOptions - unknown character / key code: A
14:39:23.401 [com.intuit.karate.cli.Main.main()] WARN  c.intuit.karate.driver.DriverOptions - unknown character / key code: R
14:39:23.418 [com.intuit.karate.cli.Main.main()] WARN  c.intuit.karate.driver.DriverOptions - unknown character / key code: I
14:39:23.440 [com.intuit.karate.cli.Main.main()] WARN  c.intuit.karate.driver.DriverOptions - unknown character / key code: N
14:39:23.458 [com.intuit.karate.cli.Main.main()] WARN  c.intuit.karate.driver.DriverOptions - unknown character / key code: E
14:39:25.931 [chrome_1618663155527-out] ERROR c.i.k.driver.chrome_1618663155527 - console reader error: Stream closed
14:39:25.931 [chrome_1618663155527] WARN  com.intuit.karate.shell.Command - exit code was non-zero: 137 - [/opt/google/chrome/google-chrome, --remote-debugging-port=9222, --no-first-run, --user-data-dir=/home/alumno/Escritorio/IW/GoTour/target/chrome_1618663155527, --disable-popup-blocking] working dir: target/chrome_1618663155527
14:39:29.433 [com.intuit.karate.cli.Main.main()] INFO  com.intuit.karate.Suite - <<pass>> feature 1 of 1 (0 remaining) src/test/karate-ui/principal.feature
14:41:18.045 [com.intuit.karate.cli.Main.main()] INFO  com.intuit.karate - Karate version: 1.0.1
14:41:18.533 [com.intuit.karate.cli.Main.main()] INFO  com.intuit.karate.Suite - backed up existing 'target/karate-reports' dir to: target/karate-reports_1618663278533
14:41:27.942 [com.intuit.karate.cli.Main.main()] WARN  c.intuit.karate.driver.DriverOptions - unknown character / key code: S
14:41:27.994 [com.intuit.karate.cli.Main.main()] WARN  c.intuit.karate.driver.DriverOptions - unknown character / key code: P
14:41:28.045 [com.intuit.karate.cli.Main.main()] WARN  c.intuit.karate.driver.DriverOptions - unknown character / key code: A
14:41:28.079 [com.intuit.karate.cli.Main.main()] WARN  c.intuit.karate.driver.DriverOptions - unknown character / key code: C
14:41:28.101 [com.intuit.karate.cli.Main.main()] WARN  c.intuit.karate.driver.DriverOptions - unknown character / key code: E
14:41:28.141 [com.intuit.karate.cli.Main.main()] WARN  c.intuit.karate.driver.DriverOptions - unknown character / key code: M
14:41:28.159 [com.intuit.karate.cli.Main.main()] WARN  c.intuit.karate.driver.DriverOptions - unknown character / key code: A
14:41:28.172 [com.intuit.karate.cli.Main.main()] WARN  c.intuit.karate.driver.DriverOptions - unknown character / key code: R
14:41:28.188 [com.intuit.karate.cli.Main.main()] WARN  c.intuit.karate.driver.DriverOptions - unknown character / key code: I
14:41:28.219 [com.intuit.karate.cli.Main.main()] WARN  c.intuit.karate.driver.DriverOptions - unknown character / key code: N
14:41:28.243 [com.intuit.karate.cli.Main.main()] WARN  c.intuit.karate.driver.DriverOptions - unknown character / key code: E
14:41:29.924 [nioEventLoopGroup-2-1] WARN  c.intuit.karate.driver.DriverOptions - devtools error: [id: 30, result: [type: MAP, value: {type=object, subtype=error, className=TypeError, description=TypeError: Cannot read property 'outerHTML' of null
    at <anonymous>:1:32, objectId={"injectedScriptId":3,"id":1}}]]
14:41:29.941 [com.intuit.karate.cli.Main.main()] WARN  c.intuit.karate.driver.DriverOptions - js eval failed once:document.querySelector("title")['outerHTML'], error: {"type":"object","subtype":"error","className":"TypeError","description":"TypeError: Cannot read property 'outerHTML' of null\n    at <anonymous>:1:32","objectId":"{\"injectedScriptId\":3,\"id\":1}"}
14:41:43.158 [chrome_1618663281502] WARN  com.intuit.karate.shell.Command - exit code was non-zero: 137 - [/opt/google/chrome/google-chrome, --remote-debugging-port=9222, --no-first-run, --user-data-dir=/home/alumno/Escritorio/IW/GoTour/target/chrome_1618663281502, --disable-popup-blocking] working dir: target/chrome_1618663281502
14:41:49.442 [com.intuit.karate.cli.Main.main()] INFO  com.intuit.karate.Suite - <<pass>> feature 1 of 1 (0 remaining) src/test/karate-ui/principal.feature
16:27:53.058 [com.intuit.karate.cli.Main.main()] INFO  com.intuit.karate - Karate version: 1.0.1
16:27:53.670 [com.intuit.karate.cli.Main.main()] INFO  com.intuit.karate.Suite - backed up existing 'target/karate-reports' dir to: target/karate-reports_1618669673670
16:28:08.092 [com.intuit.karate.cli.Main.main()] WARN  c.intuit.karate.driver.DriverOptions - unknown character / key code: S
16:28:08.122 [com.intuit.karate.cli.Main.main()] WARN  c.intuit.karate.driver.DriverOptions - unknown character / key code: P
16:28:08.152 [com.intuit.karate.cli.Main.main()] WARN  c.intuit.karate.driver.DriverOptions - unknown character / key code: A
16:28:08.189 [com.intuit.karate.cli.Main.main()] WARN  c.intuit.karate.driver.DriverOptions - unknown character / key code: C
16:28:08.220 [com.intuit.karate.cli.Main.main()] WARN  c.intuit.karate.driver.DriverOptions - unknown character / key code: E
16:28:08.281 [com.intuit.karate.cli.Main.main()] WARN  c.intuit.karate.driver.DriverOptions - unknown character / key code: M
16:28:08.298 [com.intuit.karate.cli.Main.main()] WARN  c.intuit.karate.driver.DriverOptions - unknown character / key code: A
16:28:08.363 [com.intuit.karate.cli.Main.main()] WARN  c.intuit.karate.driver.DriverOptions - unknown character / key code: R
16:28:08.378 [com.intuit.karate.cli.Main.main()] WARN  c.intuit.karate.driver.DriverOptions - unknown character / key code: I
16:28:08.395 [com.intuit.karate.cli.Main.main()] WARN  c.intuit.karate.driver.DriverOptions - unknown character / key code: N
16:28:08.411 [com.intuit.karate.cli.Main.main()] WARN  c.intuit.karate.driver.DriverOptions - unknown character / key code: E
16:28:09.756 [nioEventLoopGroup-2-1] WARN  c.intuit.karate.driver.DriverOptions - devtools error: [id: 29, result: [type: MAP, value: {type=object, subtype=error, className=TypeError, description=TypeError: Cannot read property 'outerHTML' of null
    at <anonymous>:1:32, objectId={"injectedScriptId":3,"id":1}}]]
16:28:09.759 [com.intuit.karate.cli.Main.main()] WARN  c.intuit.karate.driver.DriverOptions - js eval failed once:document.querySelector("title")['outerHTML'], error: {"type":"object","subtype":"error","className":"TypeError","description":"TypeError: Cannot read property 'outerHTML' of null\n    at <anonymous>:1:32","objectId":"{\"injectedScriptId\":3,\"id\":1}"}
16:28:15.784 [nioEventLoopGroup-2-1] WARN  c.intuit.karate.driver.DriverOptions - devtools error: [id: 33, result: [type: MAP, value: {type=object, subtype=error, className=TypeError, description=TypeError: Cannot read property 'outerHTML' of null
    at <anonymous>:1:32, objectId={"injectedScriptId":4,"id":1}}]]
16:28:15.807 [com.intuit.karate.cli.Main.main()] WARN  c.intuit.karate.driver.DriverOptions - js eval failed once:document.querySelector("title")['outerHTML'], error: {"type":"object","subtype":"error","className":"TypeError","description":"TypeError: Cannot read property 'outerHTML' of null\n    at <anonymous>:1:32","objectId":"{\"injectedScriptId\":4,\"id\":1}"}
16:28:18.859 [nioEventLoopGroup-2-1] WARN  c.intuit.karate.driver.DriverOptions - devtools error: [id: 35, result: [type: MAP, value: {type=object, subtype=error, className=TypeError, description=TypeError: Cannot read property 'click' of null
    at <anonymous>:1:49, objectId={"injectedScriptId":4,"id":3}}]]
16:28:18.869 [com.intuit.karate.cli.Main.main()] WARN  c.intuit.karate.driver.DriverOptions - js eval failed once:document.querySelector("a[id=tour_inscribirse]").click(), error: {"type":"object","subtype":"error","className":"TypeError","description":"TypeError: Cannot read property 'click' of null\n    at <anonymous>:1:49","objectId":"{\"injectedScriptId\":4,\"id\":3}"}
16:28:21.884 [nioEventLoopGroup-2-1] WARN  c.intuit.karate.driver.DriverOptions - devtools error: [id: 36, result: [type: MAP, value: {type=object, subtype=error, className=TypeError, description=TypeError: Cannot read property 'click' of null
    at <anonymous>:1:49, objectId={"injectedScriptId":4,"id":5}}]]
16:28:21.894 [com.intuit.karate.cli.Main.main()] ERROR c.intuit.karate.driver.DriverOptions - js eval failed twice:document.querySelector("a[id=tour_inscribirse]").click(), error: {"type":"object","subtype":"error","className":"TypeError","description":"TypeError: Cannot read property 'click' of null\n    at <anonymous>:1:49","objectId":"{\"injectedScriptId\":4,\"id\":5}"}
16:28:22.016 [com.intuit.karate.cli.Main.main()] ERROR com.intuit.karate - src/test/karate-ui/principal.feature:21
* click("a[id=tour_inscribirse]")
>>>> js failed:
01: click("a[id=tour_inscribirse]")
<<<<
org.graalvm.polyglot.PolyglotException: js eval failed twice:document.querySelector("a[id=tour_inscribirse]").click(), error: {"type":"object","subtype":"error","className":"TypeError","description":"TypeError: Cannot read property 'click' of null\n    at <anonymous>:1:49","objectId":"{\"injectedScriptId\":4,\"id\":5}"}
- com.intuit.karate.driver.DevToolsDriver.eval(DevToolsDriver.java:271)
- com.intuit.karate.driver.DevToolsDriver.eval(DevToolsDriver.java:256)
- com.intuit.karate.driver.DevToolsDriver.click(DevToolsDriver.java:477)
- <js>.:anonymous(Unnamed:1)

src/test/karate-ui/principal.feature:21
16:28:22.868 [chrome_1618669678221] WARN  com.intuit.karate.shell.Command - exit code was non-zero: 137 - [/opt/google/chrome/google-chrome, --remote-debugging-port=9222, --no-first-run, --user-data-dir=/home/alumno/Escritorio/IW/GoTour/target/chrome_1618669678221, --disable-popup-blocking] working dir: target/chrome_1618669678221
16:28:27.546 [com.intuit.karate.cli.Main.main()] INFO  com.intuit.karate.Suite - <<fail>> feature 1 of 1 (0 remaining) src/test/karate-ui/principal.feature
20:19:59.504 [com.intuit.karate.cli.Main.main()] INFO  com.intuit.karate - Karate version: 1.0.1
20:20:00.269 [com.intuit.karate.cli.Main.main()] INFO  com.intuit.karate.Suite - backed up existing 'target/karate-reports' dir to: target/karate-reports_1618683600253
20:20:17.534 [com.intuit.karate.cli.Main.main()] WARN  c.intuit.karate.driver.DriverOptions - unknown character / key code: S
20:20:17.609 [com.intuit.karate.cli.Main.main()] WARN  c.intuit.karate.driver.DriverOptions - unknown character / key code: P
20:20:17.636 [com.intuit.karate.cli.Main.main()] WARN  c.intuit.karate.driver.DriverOptions - unknown character / key code: A
20:20:17.665 [com.intuit.karate.cli.Main.main()] WARN  c.intuit.karate.driver.DriverOptions - unknown character / key code: C
20:20:17.702 [com.intuit.karate.cli.Main.main()] WARN  c.intuit.karate.driver.DriverOptions - unknown character / key code: E
20:20:17.735 [com.intuit.karate.cli.Main.main()] WARN  c.intuit.karate.driver.DriverOptions - unknown character / key code: M
20:20:17.754 [com.intuit.karate.cli.Main.main()] WARN  c.intuit.karate.driver.DriverOptions - unknown character / key code: A
20:20:17.795 [com.intuit.karate.cli.Main.main()] WARN  c.intuit.karate.driver.DriverOptions - unknown character / key code: R
20:20:17.843 [com.intuit.karate.cli.Main.main()] WARN  c.intuit.karate.driver.DriverOptions - unknown character / key code: I
20:20:17.864 [com.intuit.karate.cli.Main.main()] WARN  c.intuit.karate.driver.DriverOptions - unknown character / key code: N
20:20:17.884 [com.intuit.karate.cli.Main.main()] WARN  c.intuit.karate.driver.DriverOptions - unknown character / key code: E
20:20:21.448 [nioEventLoopGroup-2-1] WARN  c.intuit.karate.driver.DriverOptions - devtools error: [id: 29, result: [type: MAP, value: {type=object, subtype=error, className=TypeError, description=TypeError: Cannot read property 'outerHTML' of null
    at <anonymous>:1:32, objectId={"injectedScriptId":3,"id":1}}]]
20:20:21.608 [com.intuit.karate.cli.Main.main()] WARN  c.intuit.karate.driver.DriverOptions - js eval failed once:document.querySelector("title")['outerHTML'], error: {"type":"object","subtype":"error","className":"TypeError","description":"TypeError: Cannot read property 'outerHTML' of null\n    at <anonymous>:1:32","objectId":"{\"injectedScriptId\":3,\"id\":1}"}
20:20:26.602 [nioEventLoopGroup-2-1] WARN  c.intuit.karate.driver.DriverOptions - devtools error: [id: 33, result: [type: MAP, value: {type=object, subtype=error, className=TypeError, description=TypeError: Cannot read property 'outerHTML' of null
    at <anonymous>:1:32, objectId={"injectedScriptId":4,"id":1}}]]
20:20:26.606 [com.intuit.karate.cli.Main.main()] WARN  c.intuit.karate.driver.DriverOptions - js eval failed once:document.querySelector("title")['outerHTML'], error: {"type":"object","subtype":"error","className":"TypeError","description":"TypeError: Cannot read property 'outerHTML' of null\n    at <anonymous>:1:32","objectId":"{\"injectedScriptId\":4,\"id\":1}"}
20:20:29.839 [nioEventLoopGroup-2-1] WARN  c.intuit.karate.driver.DriverOptions - devtools error: [id: 36, result: [type: MAP, value: {type=object, subtype=error, className=TypeError, description=TypeError: Cannot read property 'click' of null
    at <anonymous>:1:42, objectId={"injectedScriptId":4,"id":3}}]]
20:20:29.843 [com.intuit.karate.cli.Main.main()] WARN  c.intuit.karate.driver.DriverOptions - js eval failed once:document.querySelector("[id=ver_perfil]").click(), error: {"type":"object","subtype":"error","className":"TypeError","description":"TypeError: Cannot read property 'click' of null\n    at <anonymous>:1:42","objectId":"{\"injectedScriptId\":4,\"id\":3}"}
20:20:32.858 [nioEventLoopGroup-2-1] WARN  c.intuit.karate.driver.DriverOptions - devtools error: [id: 37, result: [type: MAP, value: {type=object, subtype=error, className=TypeError, description=TypeError: Cannot read property 'click' of null
    at <anonymous>:1:42, objectId={"injectedScriptId":4,"id":5}}]]
20:20:32.859 [com.intuit.karate.cli.Main.main()] ERROR c.intuit.karate.driver.DriverOptions - js eval failed twice:document.querySelector("[id=ver_perfil]").click(), error: {"type":"object","subtype":"error","className":"TypeError","description":"TypeError: Cannot read property 'click' of null\n    at <anonymous>:1:42","objectId":"{\"injectedScriptId\":4,\"id\":5}"}
20:20:32.930 [com.intuit.karate.cli.Main.main()] ERROR com.intuit.karate - src/test/karate-ui/principal.feature:23
* click("[id=ver_perfil]")
>>>> js failed:
01: click("[id=ver_perfil]")
<<<<
org.graalvm.polyglot.PolyglotException: js eval failed twice:document.querySelector("[id=ver_perfil]").click(), error: {"type":"object","subtype":"error","className":"TypeError","description":"TypeError: Cannot read property 'click' of null\n    at <anonymous>:1:42","objectId":"{\"injectedScriptId\":4,\"id\":5}"}
- com.intuit.karate.driver.DevToolsDriver.eval(DevToolsDriver.java:271)
- com.intuit.karate.driver.DevToolsDriver.eval(DevToolsDriver.java:256)
- com.intuit.karate.driver.DevToolsDriver.click(DevToolsDriver.java:477)
- <js>.:anonymous(Unnamed:1)

src/test/karate-ui/principal.feature:23
20:20:33.465 [chrome_1618683604635] WARN  com.intuit.karate.shell.Command - exit code was non-zero: 137 - [/opt/google/chrome/google-chrome, --remote-debugging-port=9222, --no-first-run, --user-data-dir=/home/alumno/Escritorio/IW/GoTour/target/chrome_1618683604635, --disable-popup-blocking] working dir: target/chrome_1618683604635
20:20:38.601 [com.intuit.karate.cli.Main.main()] INFO  com.intuit.karate.Suite - <<fail>> feature 1 of 1 (0 remaining) src/test/karate-ui/principal.feature
20:23:30.456 [com.intuit.karate.cli.Main.main()] INFO  com.intuit.karate - Karate version: 1.0.1
20:23:31.060 [com.intuit.karate.cli.Main.main()] INFO  com.intuit.karate.Suite - backed up existing 'target/karate-reports' dir to: target/karate-reports_1618683811059
20:23:43.202 [com.intuit.karate.cli.Main.main()] WARN  c.intuit.karate.driver.DriverOptions - unknown character / key code: S
20:23:43.270 [com.intuit.karate.cli.Main.main()] WARN  c.intuit.karate.driver.DriverOptions - unknown character / key code: P
20:23:43.318 [com.intuit.karate.cli.Main.main()] WARN  c.intuit.karate.driver.DriverOptions - unknown character / key code: A
20:23:43.361 [com.intuit.karate.cli.Main.main()] WARN  c.intuit.karate.driver.DriverOptions - unknown character / key code: C
20:23:43.409 [com.intuit.karate.cli.Main.main()] WARN  c.intuit.karate.driver.DriverOptions - unknown character / key code: E
20:23:43.433 [com.intuit.karate.cli.Main.main()] WARN  c.intuit.karate.driver.DriverOptions - unknown character / key code: M
20:23:43.455 [com.intuit.karate.cli.Main.main()] WARN  c.intuit.karate.driver.DriverOptions - unknown character / key code: A
20:23:43.472 [com.intuit.karate.cli.Main.main()] WARN  c.intuit.karate.driver.DriverOptions - unknown character / key code: R
20:23:43.489 [com.intuit.karate.cli.Main.main()] WARN  c.intuit.karate.driver.DriverOptions - unknown character / key code: I
20:23:43.509 [com.intuit.karate.cli.Main.main()] WARN  c.intuit.karate.driver.DriverOptions - unknown character / key code: N
20:23:43.524 [com.intuit.karate.cli.Main.main()] WARN  c.intuit.karate.driver.DriverOptions - unknown character / key code: E
20:23:45.052 [nioEventLoopGroup-2-1] WARN  c.intuit.karate.driver.DriverOptions - devtools error: [id: 29, result: [type: MAP, value: {type=object, subtype=error, className=TypeError, description=TypeError: Cannot read property 'outerHTML' of null
    at <anonymous>:1:32, objectId={"injectedScriptId":3,"id":1}}]]
20:23:45.114 [com.intuit.karate.cli.Main.main()] WARN  c.intuit.karate.driver.DriverOptions - js eval failed once:document.querySelector("title")['outerHTML'], error: {"type":"object","subtype":"error","className":"TypeError","description":"TypeError: Cannot read property 'outerHTML' of null\n    at <anonymous>:1:32","objectId":"{\"injectedScriptId\":3,\"id\":1}"}
20:24:04.415 [nioEventLoopGroup-2-1] WARN  c.intuit.karate.driver.DriverOptions - devtools error: [id: 33, result: [type: MAP, value: {type=object, subtype=error, className=TypeError, description=TypeError: Cannot read property 'outerHTML' of null
    at <anonymous>:1:32, objectId={"injectedScriptId":4,"id":1}}]]
20:24:04.646 [com.intuit.karate.cli.Main.main()] WARN  c.intuit.karate.driver.DriverOptions - js eval failed once:document.querySelector("title")['outerHTML'], error: {"type":"object","subtype":"error","className":"TypeError","description":"TypeError: Cannot read property 'outerHTML' of null\n    at <anonymous>:1:32","objectId":"{\"injectedScriptId\":4,\"id\":1}"}
20:24:10.236 [nioEventLoopGroup-2-1] WARN  c.intuit.karate.driver.DriverOptions - devtools error: [id: 36, result: [type: MAP, value: {type=object, subtype=error, className=TypeError, description=TypeError: Cannot read property 'click' of null
    at <anonymous>:1:42, objectId={"injectedScriptId":4,"id":3}}]]
20:24:10.248 [com.intuit.karate.cli.Main.main()] WARN  c.intuit.karate.driver.DriverOptions - js eval failed once:document.querySelector("[id=ver_perfil]").click(), error: {"type":"object","subtype":"error","className":"TypeError","description":"TypeError: Cannot read property 'click' of null\n    at <anonymous>:1:42","objectId":"{\"injectedScriptId\":4,\"id\":3}"}
20:24:13.254 [nioEventLoopGroup-2-1] WARN  c.intuit.karate.driver.DriverOptions - devtools error: [id: 37, result: [type: MAP, value: {type=object, subtype=error, className=TypeError, description=TypeError: Cannot read property 'click' of null
    at <anonymous>:1:42, objectId={"injectedScriptId":4,"id":5}}]]
20:24:13.296 [com.intuit.karate.cli.Main.main()] ERROR c.intuit.karate.driver.DriverOptions - js eval failed twice:document.querySelector("[id=ver_perfil]").click(), error: {"type":"object","subtype":"error","className":"TypeError","description":"TypeError: Cannot read property 'click' of null\n    at <anonymous>:1:42","objectId":"{\"injectedScriptId\":4,\"id\":5}"}
20:24:13.717 [com.intuit.karate.cli.Main.main()] ERROR com.intuit.karate - src/test/karate-ui/principal.feature:23
* click("[id=ver_perfil]")
>>>> js failed:
01: click("[id=ver_perfil]")
<<<<
org.graalvm.polyglot.PolyglotException: js eval failed twice:document.querySelector("[id=ver_perfil]").click(), error: {"type":"object","subtype":"error","className":"TypeError","description":"TypeError: Cannot read property 'click' of null\n    at <anonymous>:1:42","objectId":"{\"injectedScriptId\":4,\"id\":5}"}
- com.intuit.karate.driver.DevToolsDriver.eval(DevToolsDriver.java:271)
- com.intuit.karate.driver.DevToolsDriver.eval(DevToolsDriver.java:256)
- com.intuit.karate.driver.DevToolsDriver.click(DevToolsDriver.java:477)
- <js>.:anonymous(Unnamed:1)

src/test/karate-ui/principal.feature:23
20:24:14.386 [chrome_1618683814624] WARN  com.intuit.karate.shell.Command - exit code was non-zero: 137 - [/opt/google/chrome/google-chrome, --remote-debugging-port=9222, --no-first-run, --user-data-dir=/home/alumno/Escritorio/IW/GoTour/target/chrome_1618683814624, --disable-popup-blocking] working dir: target/chrome_1618683814624
20:24:21.671 [com.intuit.karate.cli.Main.main()] INFO  com.intuit.karate.Suite - <<fail>> feature 1 of 1 (0 remaining) src/test/karate-ui/principal.feature
20:29:02.322 [com.intuit.karate.cli.Main.main()] INFO  com.intuit.karate - Karate version: 1.0.1
20:29:02.999 [com.intuit.karate.cli.Main.main()] INFO  com.intuit.karate.Suite - backed up existing 'target/karate-reports' dir to: target/karate-reports_1618684142998
20:29:21.396 [com.intuit.karate.cli.Main.main()] WARN  c.intuit.karate.driver.DriverOptions - unknown character / key code: S
20:29:21.460 [com.intuit.karate.cli.Main.main()] WARN  c.intuit.karate.driver.DriverOptions - unknown character / key code: P
20:29:21.495 [com.intuit.karate.cli.Main.main()] WARN  c.intuit.karate.driver.DriverOptions - unknown character / key code: A
20:29:21.520 [com.intuit.karate.cli.Main.main()] WARN  c.intuit.karate.driver.DriverOptions - unknown character / key code: C
20:29:21.553 [com.intuit.karate.cli.Main.main()] WARN  c.intuit.karate.driver.DriverOptions - unknown character / key code: E
20:29:21.610 [com.intuit.karate.cli.Main.main()] WARN  c.intuit.karate.driver.DriverOptions - unknown character / key code: M
20:29:21.670 [com.intuit.karate.cli.Main.main()] WARN  c.intuit.karate.driver.DriverOptions - unknown character / key code: A
20:29:21.707 [com.intuit.karate.cli.Main.main()] WARN  c.intuit.karate.driver.DriverOptions - unknown character / key code: R
20:29:21.733 [com.intuit.karate.cli.Main.main()] WARN  c.intuit.karate.driver.DriverOptions - unknown character / key code: I
20:29:21.757 [com.intuit.karate.cli.Main.main()] WARN  c.intuit.karate.driver.DriverOptions - unknown character / key code: N
20:29:21.790 [com.intuit.karate.cli.Main.main()] WARN  c.intuit.karate.driver.DriverOptions - unknown character / key code: E
20:29:24.641 [nioEventLoopGroup-2-1] WARN  c.intuit.karate.driver.DriverOptions - devtools error: [id: 29, result: [type: MAP, value: {type=object, subtype=error, className=TypeError, description=TypeError: Cannot read property 'outerHTML' of null
    at <anonymous>:1:32, objectId={"injectedScriptId":3,"id":1}}]]
20:29:24.644 [com.intuit.karate.cli.Main.main()] WARN  c.intuit.karate.driver.DriverOptions - js eval failed once:document.querySelector("title")['outerHTML'], error: {"type":"object","subtype":"error","className":"TypeError","description":"TypeError: Cannot read property 'outerHTML' of null\n    at <anonymous>:1:32","objectId":"{\"injectedScriptId\":3,\"id\":1}"}
20:29:32.968 [nioEventLoopGroup-2-1] WARN  c.intuit.karate.driver.DriverOptions - devtools error: [id: 33, result: [type: MAP, value: {type=object, subtype=error, className=TypeError, description=TypeError: Cannot read property 'outerHTML' of null
    at <anonymous>:1:32, objectId={"injectedScriptId":4,"id":1}}]]
20:29:33.023 [com.intuit.karate.cli.Main.main()] WARN  c.intuit.karate.driver.DriverOptions - js eval failed once:document.querySelector("title")['outerHTML'], error: {"type":"object","subtype":"error","className":"TypeError","description":"TypeError: Cannot read property 'outerHTML' of null\n    at <anonymous>:1:32","objectId":"{\"injectedScriptId\":4,\"id\":1}"}
20:29:36.231 [nioEventLoopGroup-2-1] WARN  c.intuit.karate.driver.DriverOptions - devtools error: [id: 36, result: [type: MAP, value: {type=object, subtype=error, className=TypeError, description=TypeError: Cannot read property 'click' of null
    at <anonymous>:1:42, objectId={"injectedScriptId":4,"id":3}}]]
20:29:36.235 [com.intuit.karate.cli.Main.main()] WARN  c.intuit.karate.driver.DriverOptions - js eval failed once:document.querySelector("[id=ver_perfil]").click(), error: {"type":"object","subtype":"error","className":"TypeError","description":"TypeError: Cannot read property 'click' of null\n    at <anonymous>:1:42","objectId":"{\"injectedScriptId\":4,\"id\":3}"}
20:29:39.250 [nioEventLoopGroup-2-1] WARN  c.intuit.karate.driver.DriverOptions - devtools error: [id: 37, result: [type: MAP, value: {type=object, subtype=error, className=TypeError, description=TypeError: Cannot read property 'click' of null
    at <anonymous>:1:42, objectId={"injectedScriptId":4,"id":5}}]]
20:29:39.257 [com.intuit.karate.cli.Main.main()] ERROR c.intuit.karate.driver.DriverOptions - js eval failed twice:document.querySelector("[id=ver_perfil]").click(), error: {"type":"object","subtype":"error","className":"TypeError","description":"TypeError: Cannot read property 'click' of null\n    at <anonymous>:1:42","objectId":"{\"injectedScriptId\":4,\"id\":5}"}
20:29:39.355 [com.intuit.karate.cli.Main.main()] ERROR com.intuit.karate - src/test/karate-ui/principal.feature:23
* click("[id=ver_perfil]")
>>>> js failed:
01: click("[id=ver_perfil]")
<<<<
org.graalvm.polyglot.PolyglotException: js eval failed twice:document.querySelector("[id=ver_perfil]").click(), error: {"type":"object","subtype":"error","className":"TypeError","description":"TypeError: Cannot read property 'click' of null\n    at <anonymous>:1:42","objectId":"{\"injectedScriptId\":4,\"id\":5}"}
- com.intuit.karate.driver.DevToolsDriver.eval(DevToolsDriver.java:271)
- com.intuit.karate.driver.DevToolsDriver.eval(DevToolsDriver.java:256)
- com.intuit.karate.driver.DevToolsDriver.click(DevToolsDriver.java:477)
- <js>.:anonymous(Unnamed:1)

src/test/karate-ui/principal.feature:23
20:29:39.823 [chrome_1618684147934] WARN  com.intuit.karate.shell.Command - exit code was non-zero: 137 - [/opt/google/chrome/google-chrome, --remote-debugging-port=9222, --no-first-run, --user-data-dir=/home/alumno/Escritorio/IW/GoTour/target/chrome_1618684147934, --disable-popup-blocking] working dir: target/chrome_1618684147934
20:29:44.699 [com.intuit.karate.cli.Main.main()] INFO  com.intuit.karate.Suite - <<fail>> feature 1 of 1 (0 remaining) src/test/karate-ui/principal.feature
20:35:15.430 [com.intuit.karate.cli.Main.main()] INFO  com.intuit.karate - Karate version: 1.0.1
20:35:16.086 [com.intuit.karate.cli.Main.main()] INFO  com.intuit.karate.Suite - backed up existing 'target/karate-reports' dir to: target/karate-reports_1618684516086
20:35:29.738 [com.intuit.karate.cli.Main.main()] WARN  c.intuit.karate.driver.DriverOptions - unknown character / key code: S
20:35:29.767 [com.intuit.karate.cli.Main.main()] WARN  c.intuit.karate.driver.DriverOptions - unknown character / key code: P
20:35:29.815 [com.intuit.karate.cli.Main.main()] WARN  c.intuit.karate.driver.DriverOptions - unknown character / key code: A
20:35:29.887 [com.intuit.karate.cli.Main.main()] WARN  c.intuit.karate.driver.DriverOptions - unknown character / key code: C
20:35:29.904 [com.intuit.karate.cli.Main.main()] WARN  c.intuit.karate.driver.DriverOptions - unknown character / key code: E
20:35:29.952 [com.intuit.karate.cli.Main.main()] WARN  c.intuit.karate.driver.DriverOptions - unknown character / key code: M
20:35:29.969 [com.intuit.karate.cli.Main.main()] WARN  c.intuit.karate.driver.DriverOptions - unknown character / key code: A
20:35:29.993 [com.intuit.karate.cli.Main.main()] WARN  c.intuit.karate.driver.DriverOptions - unknown character / key code: R
20:35:30.023 [com.intuit.karate.cli.Main.main()] WARN  c.intuit.karate.driver.DriverOptions - unknown character / key code: I
20:35:30.039 [com.intuit.karate.cli.Main.main()] WARN  c.intuit.karate.driver.DriverOptions - unknown character / key code: N
20:35:30.065 [com.intuit.karate.cli.Main.main()] WARN  c.intuit.karate.driver.DriverOptions - unknown character / key code: E
20:35:31.957 [nioEventLoopGroup-2-1] WARN  c.intuit.karate.driver.DriverOptions - devtools error: [id: 29, result: [type: MAP, value: {type=object, subtype=error, className=TypeError, description=TypeError: Cannot read property 'outerHTML' of null
    at <anonymous>:1:32, objectId={"injectedScriptId":3,"id":1}}]]
20:35:31.991 [com.intuit.karate.cli.Main.main()] WARN  c.intuit.karate.driver.DriverOptions - js eval failed once:document.querySelector("title")['outerHTML'], error: {"type":"object","subtype":"error","className":"TypeError","description":"TypeError: Cannot read property 'outerHTML' of null\n    at <anonymous>:1:32","objectId":"{\"injectedScriptId\":3,\"id\":1}"}
20:35:42.794 [nioEventLoopGroup-2-1] WARN  c.intuit.karate.driver.DriverOptions - devtools error: [id: 35, result: [type: MAP, value: {type=object, subtype=error, className=TypeError, description=TypeError: Cannot read property 'click' of null
    at <anonymous>:1:42, objectId={"injectedScriptId":4,"id":1}}]]
20:35:42.796 [com.intuit.karate.cli.Main.main()] WARN  c.intuit.karate.driver.DriverOptions - js eval failed once:document.querySelector("[id=ver_perfil]").click(), error: {"type":"object","subtype":"error","className":"TypeError","description":"TypeError: Cannot read property 'click' of null\n    at <anonymous>:1:42","objectId":"{\"injectedScriptId\":4,\"id\":1}"}
20:35:45.825 [nioEventLoopGroup-2-1] WARN  c.intuit.karate.driver.DriverOptions - devtools error: [id: 36, result: [type: MAP, value: {type=object, subtype=error, className=TypeError, description=TypeError: Cannot read property 'click' of null
    at <anonymous>:1:42, objectId={"injectedScriptId":4,"id":3}}]]
20:35:45.839 [com.intuit.karate.cli.Main.main()] ERROR c.intuit.karate.driver.DriverOptions - js eval failed twice:document.querySelector("[id=ver_perfil]").click(), error: {"type":"object","subtype":"error","className":"TypeError","description":"TypeError: Cannot read property 'click' of null\n    at <anonymous>:1:42","objectId":"{\"injectedScriptId\":4,\"id\":3}"}
20:35:45.898 [com.intuit.karate.cli.Main.main()] ERROR com.intuit.karate - src/test/karate-ui/principal.feature:23
* click("[id=ver_perfil]")
>>>> js failed:
01: click("[id=ver_perfil]")
<<<<
org.graalvm.polyglot.PolyglotException: js eval failed twice:document.querySelector("[id=ver_perfil]").click(), error: {"type":"object","subtype":"error","className":"TypeError","description":"TypeError: Cannot read property 'click' of null\n    at <anonymous>:1:42","objectId":"{\"injectedScriptId\":4,\"id\":3}"}
- com.intuit.karate.driver.DevToolsDriver.eval(DevToolsDriver.java:271)
- com.intuit.karate.driver.DevToolsDriver.eval(DevToolsDriver.java:256)
- com.intuit.karate.driver.DevToolsDriver.click(DevToolsDriver.java:477)
- <js>.:anonymous(Unnamed:1)

src/test/karate-ui/principal.feature:23
20:35:46.426 [chrome_1618684520427] WARN  com.intuit.karate.shell.Command - exit code was non-zero: 137 - [/opt/google/chrome/google-chrome, --remote-debugging-port=9222, --no-first-run, --user-data-dir=/home/alumno/Escritorio/IW/GoTour/target/chrome_1618684520427, --disable-popup-blocking] working dir: target/chrome_1618684520427
20:35:50.208 [com.intuit.karate.cli.Main.main()] INFO  com.intuit.karate.Suite - <<fail>> feature 1 of 1 (0 remaining) src/test/karate-ui/principal.feature
20:39:41.881 [com.intuit.karate.cli.Main.main()] INFO  com.intuit.karate - Karate version: 1.0.1
20:39:42.644 [com.intuit.karate.cli.Main.main()] INFO  com.intuit.karate.Suite - backed up existing 'target/karate-reports' dir to: target/karate-reports_1618684782644
20:39:55.734 [com.intuit.karate.cli.Main.main()] WARN  c.intuit.karate.driver.DriverOptions - unknown character / key code: S
20:39:55.776 [com.intuit.karate.cli.Main.main()] WARN  c.intuit.karate.driver.DriverOptions - unknown character / key code: P
20:39:55.798 [com.intuit.karate.cli.Main.main()] WARN  c.intuit.karate.driver.DriverOptions - unknown character / key code: A
20:39:55.821 [com.intuit.karate.cli.Main.main()] WARN  c.intuit.karate.driver.DriverOptions - unknown character / key code: C
20:39:55.862 [com.intuit.karate.cli.Main.main()] WARN  c.intuit.karate.driver.DriverOptions - unknown character / key code: E
20:39:55.902 [com.intuit.karate.cli.Main.main()] WARN  c.intuit.karate.driver.DriverOptions - unknown character / key code: M
20:39:55.932 [com.intuit.karate.cli.Main.main()] WARN  c.intuit.karate.driver.DriverOptions - unknown character / key code: A
20:39:55.973 [com.intuit.karate.cli.Main.main()] WARN  c.intuit.karate.driver.DriverOptions - unknown character / key code: R
20:39:56.022 [com.intuit.karate.cli.Main.main()] WARN  c.intuit.karate.driver.DriverOptions - unknown character / key code: I
20:39:56.085 [com.intuit.karate.cli.Main.main()] WARN  c.intuit.karate.driver.DriverOptions - unknown character / key code: N
20:39:56.102 [com.intuit.karate.cli.Main.main()] WARN  c.intuit.karate.driver.DriverOptions - unknown character / key code: E
20:40:04.377 [nioEventLoopGroup-2-1] WARN  c.intuit.karate.driver.DriverOptions - devtools error: [id: 32, result: [type: MAP, value: {type=object, subtype=error, className=TypeError, description=TypeError: Cannot read property 'outerHTML' of null
    at <anonymous>:1:32, objectId={"injectedScriptId":4,"id":1}}]]
20:40:04.391 [com.intuit.karate.cli.Main.main()] WARN  c.intuit.karate.driver.DriverOptions - js eval failed once:document.querySelector("title")['outerHTML'], error: {"type":"object","subtype":"error","className":"TypeError","description":"TypeError: Cannot read property 'outerHTML' of null\n    at <anonymous>:1:32","objectId":"{\"injectedScriptId\":4,\"id\":1}"}
20:40:07.844 [chrome_1618684785732] WARN  com.intuit.karate.shell.Command - exit code was non-zero: 137 - [/opt/google/chrome/google-chrome, --remote-debugging-port=9222, --no-first-run, --user-data-dir=/home/alumno/Escritorio/IW/GoTour/target/chrome_1618684785732, --disable-popup-blocking] working dir: target/chrome_1618684785732
20:40:11.572 [com.intuit.karate.cli.Main.main()] INFO  com.intuit.karate.Suite - <<pass>> feature 1 of 1 (0 remaining) src/test/karate-ui/principal.feature
20:41:17.494 [com.intuit.karate.cli.Main.main()] INFO  com.intuit.karate - Karate version: 1.0.1
20:41:18.108 [com.intuit.karate.cli.Main.main()] INFO  com.intuit.karate.Suite - backed up existing 'target/karate-reports' dir to: target/karate-reports_1618684878108
20:41:31.094 [com.intuit.karate.cli.Main.main()] WARN  c.intuit.karate.driver.DriverOptions - unknown character / key code: S
20:41:31.159 [com.intuit.karate.cli.Main.main()] WARN  c.intuit.karate.driver.DriverOptions - unknown character / key code: P
20:41:31.187 [com.intuit.karate.cli.Main.main()] WARN  c.intuit.karate.driver.DriverOptions - unknown character / key code: A
20:41:31.244 [com.intuit.karate.cli.Main.main()] WARN  c.intuit.karate.driver.DriverOptions - unknown character / key code: C
20:41:31.293 [com.intuit.karate.cli.Main.main()] WARN  c.intuit.karate.driver.DriverOptions - unknown character / key code: E
20:41:31.331 [com.intuit.karate.cli.Main.main()] WARN  c.intuit.karate.driver.DriverOptions - unknown character / key code: M
20:41:31.359 [com.intuit.karate.cli.Main.main()] WARN  c.intuit.karate.driver.DriverOptions - unknown character / key code: A
20:41:31.382 [com.intuit.karate.cli.Main.main()] WARN  c.intuit.karate.driver.DriverOptions - unknown character / key code: R
20:41:31.409 [com.intuit.karate.cli.Main.main()] WARN  c.intuit.karate.driver.DriverOptions - unknown character / key code: I
20:41:31.445 [com.intuit.karate.cli.Main.main()] WARN  c.intuit.karate.driver.DriverOptions - unknown character / key code: N
20:41:31.476 [com.intuit.karate.cli.Main.main()] WARN  c.intuit.karate.driver.DriverOptions - unknown character / key code: E
20:41:32.722 [nioEventLoopGroup-2-1] WARN  c.intuit.karate.driver.DriverOptions - devtools error: [id: 29, result: [type: MAP, value: {type=object, subtype=error, className=TypeError, description=TypeError: Cannot read property 'outerHTML' of null
    at <anonymous>:1:32, objectId={"injectedScriptId":3,"id":1}}]]
20:41:32.770 [com.intuit.karate.cli.Main.main()] WARN  c.intuit.karate.driver.DriverOptions - js eval failed once:document.querySelector("title")['outerHTML'], error: {"type":"object","subtype":"error","className":"TypeError","description":"TypeError: Cannot read property 'outerHTML' of null\n    at <anonymous>:1:32","objectId":"{\"injectedScriptId\":3,\"id\":1}"}
20:41:39.468 [nioEventLoopGroup-2-1] WARN  c.intuit.karate.driver.DriverOptions - devtools error: [id: 33, result: [type: MAP, value: {type=object, subtype=error, className=TypeError, description=TypeError: Cannot read property 'outerHTML' of null
    at <anonymous>:1:32, objectId={"injectedScriptId":4,"id":1}}]]
20:41:39.477 [com.intuit.karate.cli.Main.main()] WARN  c.intuit.karate.driver.DriverOptions - js eval failed once:document.querySelector("title")['outerHTML'], error: {"type":"object","subtype":"error","className":"TypeError","description":"TypeError: Cannot read property 'outerHTML' of null\n    at <anonymous>:1:32","objectId":"{\"injectedScriptId\":4,\"id\":1}"}
20:41:44.122 [chrome_1618684881654] WARN  com.intuit.karate.shell.Command - exit code was non-zero: 137 - [/opt/google/chrome/google-chrome, --remote-debugging-port=9222, --no-first-run, --user-data-dir=/home/alumno/Escritorio/IW/GoTour/target/chrome_1618684881654, --disable-popup-blocking] working dir: target/chrome_1618684881654
20:41:47.322 [com.intuit.karate.cli.Main.main()] INFO  com.intuit.karate.Suite - <<pass>> feature 1 of 1 (0 remaining) src/test/karate-ui/principal.feature
15:57:14.614 [com.intuit.karate.cli.Main.main()] INFO  com.intuit.karate - Karate version: 1.0.1
15:57:15.326 [com.intuit.karate.cli.Main.main()] INFO  com.intuit.karate.Suite - backed up existing 'target/karate-reports' dir to: target/karate-reports_1618754235325
15:57:27.562 [com.intuit.karate.cli.Main.main()] WARN  c.intuit.karate.driver.DriverOptions - unknown character / key code: S
15:57:27.587 [com.intuit.karate.cli.Main.main()] WARN  c.intuit.karate.driver.DriverOptions - unknown character / key code: P
15:57:27.629 [com.intuit.karate.cli.Main.main()] WARN  c.intuit.karate.driver.DriverOptions - unknown character / key code: A
15:57:27.645 [com.intuit.karate.cli.Main.main()] WARN  c.intuit.karate.driver.DriverOptions - unknown character / key code: C
15:57:27.659 [com.intuit.karate.cli.Main.main()] WARN  c.intuit.karate.driver.DriverOptions - unknown character / key code: E
15:57:27.667 [com.intuit.karate.cli.Main.main()] WARN  c.intuit.karate.driver.DriverOptions - unknown character / key code: M
15:57:27.699 [com.intuit.karate.cli.Main.main()] WARN  c.intuit.karate.driver.DriverOptions - unknown character / key code: A
15:57:27.714 [com.intuit.karate.cli.Main.main()] WARN  c.intuit.karate.driver.DriverOptions - unknown character / key code: R
15:57:27.730 [com.intuit.karate.cli.Main.main()] WARN  c.intuit.karate.driver.DriverOptions - unknown character / key code: I
15:57:27.749 [com.intuit.karate.cli.Main.main()] WARN  c.intuit.karate.driver.DriverOptions - unknown character / key code: N
15:57:27.766 [com.intuit.karate.cli.Main.main()] WARN  c.intuit.karate.driver.DriverOptions - unknown character / key code: E
15:57:33.997 [com.intuit.karate.cli.Main.main()] ERROR com.intuit.karate - src/test/karate-ui/principal.feature:21
* input('#turistas', 1)
>>>> js failed:
01: input('#turistas', 1)
<<<<
org.graalvm.polyglot.PolyglotException: TypeError: invokeMember (input) on com.intuit.karate.driver.chrome.Chrome@3efa0b39 failed due to: no applicable overload found (overloads: [Method[public com.intuit.karate.driver.Element com.intuit.karate.driver.DevToolsDriver.input(java.lang.String,java.lang.String)], Method[public default com.intuit.karate.driver.Element com.intuit.karate.driver.Driver.input(java.lang.String,java.lang.String[])], Method[public default com.intuit.karate.driver.Element com.intuit.karate.driver.Driver.input(java.lang.String,java.lang.String[],int)], Method[public default com.intuit.karate.driver.Element com.intuit.karate.driver.Driver.input(java.lang.String,java.lang.String,int)]], arguments: [#turistas (String), 1 (Integer)])
- <js>.:anonymous(Unnamed:1)

src/test/karate-ui/principal.feature:21
15:57:38.678 [chrome_1618754239264] WARN  com.intuit.karate.shell.Command - exit code was non-zero: 137 - [/opt/google/chrome/google-chrome, --remote-debugging-port=9222, --no-first-run, --user-data-dir=/home/alumno/Escritorio/IW/GoTour/target/chrome_1618754239264, --disable-popup-blocking] working dir: target/chrome_1618754239264
15:57:41.669 [com.intuit.karate.cli.Main.main()] INFO  com.intuit.karate.Suite - <<fail>> feature 1 of 1 (0 remaining) src/test/karate-ui/principal.feature
16:01:13.730 [com.intuit.karate.cli.Main.main()] INFO  com.intuit.karate - Karate version: 1.0.1
16:01:14.485 [com.intuit.karate.cli.Main.main()] INFO  com.intuit.karate.Suite - backed up existing 'target/karate-reports' dir to: target/karate-reports_1618754474485
16:01:27.875 [com.intuit.karate.cli.Main.main()] WARN  c.intuit.karate.driver.DriverOptions - unknown character / key code: S
16:01:27.961 [com.intuit.karate.cli.Main.main()] WARN  c.intuit.karate.driver.DriverOptions - unknown character / key code: P
16:01:28.004 [com.intuit.karate.cli.Main.main()] WARN  c.intuit.karate.driver.DriverOptions - unknown character / key code: A
16:01:28.030 [com.intuit.karate.cli.Main.main()] WARN  c.intuit.karate.driver.DriverOptions - unknown character / key code: C
16:01:28.090 [com.intuit.karate.cli.Main.main()] WARN  c.intuit.karate.driver.DriverOptions - unknown character / key code: E
16:01:28.154 [com.intuit.karate.cli.Main.main()] WARN  c.intuit.karate.driver.DriverOptions - unknown character / key code: M
16:01:28.176 [com.intuit.karate.cli.Main.main()] WARN  c.intuit.karate.driver.DriverOptions - unknown character / key code: A
16:01:28.194 [com.intuit.karate.cli.Main.main()] WARN  c.intuit.karate.driver.DriverOptions - unknown character / key code: R
16:01:28.205 [com.intuit.karate.cli.Main.main()] WARN  c.intuit.karate.driver.DriverOptions - unknown character / key code: I
16:01:28.221 [com.intuit.karate.cli.Main.main()] WARN  c.intuit.karate.driver.DriverOptions - unknown character / key code: N
16:01:28.235 [com.intuit.karate.cli.Main.main()] WARN  c.intuit.karate.driver.DriverOptions - unknown character / key code: E
16:01:47.103 [com.intuit.karate.cli.Main.main()] ERROR com.intuit.karate - src/test/karate-ui/principal.feature:21
* input('#turistas', 1)
>>>> js failed:
01: input('#turistas', 1)
<<<<
org.graalvm.polyglot.PolyglotException: TypeError: invokeMember (input) on com.intuit.karate.driver.chrome.Chrome@3017f7eb failed due to: no applicable overload found (overloads: [Method[public com.intuit.karate.driver.Element com.intuit.karate.driver.DevToolsDriver.input(java.lang.String,java.lang.String)], Method[public default com.intuit.karate.driver.Element com.intuit.karate.driver.Driver.input(java.lang.String,java.lang.String[])], Method[public default com.intuit.karate.driver.Element com.intuit.karate.driver.Driver.input(java.lang.String,java.lang.String[],int)], Method[public default com.intuit.karate.driver.Element com.intuit.karate.driver.Driver.input(java.lang.String,java.lang.String,int)]], arguments: [#turistas (String), 1 (Integer)])
- <js>.:anonymous(Unnamed:1)

src/test/karate-ui/principal.feature:21
16:01:51.592 [chrome_1618754477974] WARN  com.intuit.karate.shell.Command - exit code was non-zero: 137 - [/opt/google/chrome/google-chrome, --remote-debugging-port=9222, --no-first-run, --user-data-dir=/home/alumno/Escritorio/IW/GoTour/target/chrome_1618754477974, --disable-popup-blocking] working dir: target/chrome_1618754477974
16:02:04.182 [com.intuit.karate.cli.Main.main()] INFO  com.intuit.karate.Suite - <<fail>> feature 1 of 1 (0 remaining) src/test/karate-ui/principal.feature
16:03:21.671 [com.intuit.karate.cli.Main.main()] INFO  com.intuit.karate - Karate version: 1.0.1
16:03:22.250 [com.intuit.karate.cli.Main.main()] INFO  com.intuit.karate.Suite - backed up existing 'target/karate-reports' dir to: target/karate-reports_1618754602250
16:03:34.779 [com.intuit.karate.cli.Main.main()] WARN  c.intuit.karate.driver.DriverOptions - unknown character / key code: S
16:03:34.841 [com.intuit.karate.cli.Main.main()] WARN  c.intuit.karate.driver.DriverOptions - unknown character / key code: P
16:03:34.884 [com.intuit.karate.cli.Main.main()] WARN  c.intuit.karate.driver.DriverOptions - unknown character / key code: A
16:03:34.913 [com.intuit.karate.cli.Main.main()] WARN  c.intuit.karate.driver.DriverOptions - unknown character / key code: C
16:03:34.961 [com.intuit.karate.cli.Main.main()] WARN  c.intuit.karate.driver.DriverOptions - unknown character / key code: E
16:03:34.978 [com.intuit.karate.cli.Main.main()] WARN  c.intuit.karate.driver.DriverOptions - unknown character / key code: M
16:03:34.993 [com.intuit.karate.cli.Main.main()] WARN  c.intuit.karate.driver.DriverOptions - unknown character / key code: A
16:03:35.024 [com.intuit.karate.cli.Main.main()] WARN  c.intuit.karate.driver.DriverOptions - unknown character / key code: R
16:03:35.038 [com.intuit.karate.cli.Main.main()] WARN  c.intuit.karate.driver.DriverOptions - unknown character / key code: I
16:03:35.046 [com.intuit.karate.cli.Main.main()] WARN  c.intuit.karate.driver.DriverOptions - unknown character / key code: N
16:03:35.053 [com.intuit.karate.cli.Main.main()] WARN  c.intuit.karate.driver.DriverOptions - unknown character / key code: E
16:03:36.236 [nioEventLoopGroup-2-1] WARN  c.intuit.karate.driver.DriverOptions - devtools error: [id: 29, result: [type: MAP, value: {type=object, subtype=error, className=TypeError, description=TypeError: Cannot read property 'outerHTML' of null
    at <anonymous>:1:32, objectId={"injectedScriptId":3,"id":1}}]]
16:03:36.244 [com.intuit.karate.cli.Main.main()] WARN  c.intuit.karate.driver.DriverOptions - js eval failed once:document.querySelector("title")['outerHTML'], error: {"type":"object","subtype":"error","className":"TypeError","description":"TypeError: Cannot read property 'outerHTML' of null\n    at <anonymous>:1:32","objectId":"{\"injectedScriptId\":3,\"id\":1}"}
16:03:45.432 [com.intuit.karate.cli.Main.main()] ERROR com.intuit.karate - src/test/karate-ui/principal.feature:23
* match html('#libre') contains 1
match failed: CONTAINS
  $ | data types don't match (STRING:NUMBER)
  '<span class="property-specs-number" id="libre">2</span>'
  1


src/test/karate-ui/principal.feature:23
16:03:47.232 [chrome_1618754605638] WARN  com.intuit.karate.shell.Command - exit code was non-zero: 137 - [/opt/google/chrome/google-chrome, --remote-debugging-port=9222, --no-first-run, --user-data-dir=/home/alumno/Escritorio/IW/GoTour/target/chrome_1618754605638, --disable-popup-blocking] working dir: target/chrome_1618754605638
16:03:52.250 [com.intuit.karate.cli.Main.main()] INFO  com.intuit.karate.Suite - <<fail>> feature 1 of 1 (0 remaining) src/test/karate-ui/principal.feature
16:04:38.115 [com.intuit.karate.cli.Main.main()] INFO  com.intuit.karate - Karate version: 1.0.1
16:04:39.020 [com.intuit.karate.cli.Main.main()] INFO  com.intuit.karate.Suite - backed up existing 'target/karate-reports' dir to: target/karate-reports_1618754679020
16:04:48.092 [com.intuit.karate.cli.Main.main()] WARN  c.intuit.karate.driver.DriverOptions - unknown character / key code: S
16:04:48.143 [com.intuit.karate.cli.Main.main()] WARN  c.intuit.karate.driver.DriverOptions - unknown character / key code: P
16:04:48.163 [com.intuit.karate.cli.Main.main()] WARN  c.intuit.karate.driver.DriverOptions - unknown character / key code: A
16:04:48.179 [com.intuit.karate.cli.Main.main()] WARN  c.intuit.karate.driver.DriverOptions - unknown character / key code: C
16:04:48.202 [com.intuit.karate.cli.Main.main()] WARN  c.intuit.karate.driver.DriverOptions - unknown character / key code: E
16:04:48.219 [com.intuit.karate.cli.Main.main()] WARN  c.intuit.karate.driver.DriverOptions - unknown character / key code: M
16:04:48.232 [com.intuit.karate.cli.Main.main()] WARN  c.intuit.karate.driver.DriverOptions - unknown character / key code: A
16:04:48.242 [com.intuit.karate.cli.Main.main()] WARN  c.intuit.karate.driver.DriverOptions - unknown character / key code: R
16:04:48.276 [com.intuit.karate.cli.Main.main()] WARN  c.intuit.karate.driver.DriverOptions - unknown character / key code: I
16:04:48.304 [com.intuit.karate.cli.Main.main()] WARN  c.intuit.karate.driver.DriverOptions - unknown character / key code: N
16:04:48.318 [com.intuit.karate.cli.Main.main()] WARN  c.intuit.karate.driver.DriverOptions - unknown character / key code: E
16:04:55.826 [nioEventLoopGroup-2-1] WARN  c.intuit.karate.driver.DriverOptions - devtools error: [id: 32, result: [type: MAP, value: {type=object, subtype=error, className=TypeError, description=TypeError: Cannot read property 'outerHTML' of null
    at <anonymous>:1:32, objectId={"injectedScriptId":4,"id":1}}]]
16:04:55.878 [com.intuit.karate.cli.Main.main()] WARN  c.intuit.karate.driver.DriverOptions - js eval failed once:document.querySelector("title")['outerHTML'], error: {"type":"object","subtype":"error","className":"TypeError","description":"TypeError: Cannot read property 'outerHTML' of null\n    at <anonymous>:1:32","objectId":"{\"injectedScriptId\":4,\"id\":1}"}
16:04:59.076 [com.intuit.karate.cli.Main.main()] ERROR com.intuit.karate - src/test/karate-ui/principal.feature:23
* match html('#libre') contains "1"
match failed: CONTAINS
  $ | actual does not contain expected (STRING:STRING)
  '<span class="property-specs-number" id="libre">2</span>'
  '1'

src/test/karate-ui/principal.feature:23
16:04:59.761 [chrome_1618754682076] WARN  com.intuit.karate.shell.Command - exit code was non-zero: 137 - [/opt/google/chrome/google-chrome, --remote-debugging-port=9222, --no-first-run, --user-data-dir=/home/alumno/Escritorio/IW/GoTour/target/chrome_1618754682076, --disable-popup-blocking] working dir: target/chrome_1618754682076
16:05:01.900 [com.intuit.karate.cli.Main.main()] INFO  com.intuit.karate.Suite - <<fail>> feature 1 of 1 (0 remaining) src/test/karate-ui/principal.feature
16:07:01.611 [com.intuit.karate.cli.Main.main()] INFO  com.intuit.karate - Karate version: 1.0.1
16:07:02.172 [com.intuit.karate.cli.Main.main()] INFO  com.intuit.karate.Suite - backed up existing 'target/karate-reports' dir to: target/karate-reports_1618754822164
16:07:13.257 [com.intuit.karate.cli.Main.main()] WARN  c.intuit.karate.driver.DriverOptions - unknown character / key code: S
16:07:13.321 [com.intuit.karate.cli.Main.main()] WARN  c.intuit.karate.driver.DriverOptions - unknown character / key code: P
16:07:13.345 [com.intuit.karate.cli.Main.main()] WARN  c.intuit.karate.driver.DriverOptions - unknown character / key code: A
16:07:13.380 [com.intuit.karate.cli.Main.main()] WARN  c.intuit.karate.driver.DriverOptions - unknown character / key code: C
16:07:13.405 [com.intuit.karate.cli.Main.main()] WARN  c.intuit.karate.driver.DriverOptions - unknown character / key code: E
16:07:13.420 [com.intuit.karate.cli.Main.main()] WARN  c.intuit.karate.driver.DriverOptions - unknown character / key code: M
16:07:13.442 [com.intuit.karate.cli.Main.main()] WARN  c.intuit.karate.driver.DriverOptions - unknown character / key code: A
16:07:13.499 [com.intuit.karate.cli.Main.main()] WARN  c.intuit.karate.driver.DriverOptions - unknown character / key code: R
16:07:13.566 [com.intuit.karate.cli.Main.main()] WARN  c.intuit.karate.driver.DriverOptions - unknown character / key code: I
16:07:13.592 [com.intuit.karate.cli.Main.main()] WARN  c.intuit.karate.driver.DriverOptions - unknown character / key code: N
16:07:13.606 [com.intuit.karate.cli.Main.main()] WARN  c.intuit.karate.driver.DriverOptions - unknown character / key code: E
16:07:14.899 [nioEventLoopGroup-2-1] WARN  c.intuit.karate.driver.DriverOptions - devtools error: [id: 29, result: [type: MAP, value: {type=object, subtype=error, className=TypeError, description=TypeError: Cannot read property 'outerHTML' of null
    at <anonymous>:1:32, objectId={"injectedScriptId":3,"id":1}}]]
16:07:14.931 [com.intuit.karate.cli.Main.main()] WARN  c.intuit.karate.driver.DriverOptions - js eval failed once:document.querySelector("title")['outerHTML'], error: {"type":"object","subtype":"error","className":"TypeError","description":"TypeError: Cannot read property 'outerHTML' of null\n    at <anonymous>:1:32","objectId":"{\"injectedScriptId\":3,\"id\":1}"}
16:07:21.158 [nioEventLoopGroup-2-1] WARN  c.intuit.karate.driver.DriverOptions - devtools error: [id: 33, result: [type: MAP, value: {type=object, subtype=error, className=TypeError, description=TypeError: Cannot read property 'outerHTML' of null
    at <anonymous>:1:32, objectId={"injectedScriptId":4,"id":1}}]]
16:07:21.172 [com.intuit.karate.cli.Main.main()] WARN  c.intuit.karate.driver.DriverOptions - js eval failed once:document.querySelector("title")['outerHTML'], error: {"type":"object","subtype":"error","className":"TypeError","description":"TypeError: Cannot read property 'outerHTML' of null\n    at <anonymous>:1:32","objectId":"{\"injectedScriptId\":4,\"id\":1}"}
16:07:54.187 [com.intuit.karate.cli.Main.main()] ERROR c.intuit.karate.driver.DriverOptions - << timed out after milliseconds: 30000 - [id: 35, method: Runtime.evaluate, params: {"expression":"document.querySelector(\"button[id=contratar]\").click()","returnByValue":true}]
16:07:54.259 [com.intuit.karate.cli.Main.main()] ERROR com.intuit.karate - src/test/karate-ui/principal.feature:22
* submit().click("button[id=contratar]")
>>>> js failed:
01: submit().click("button[id=contratar]")
<<<<
org.graalvm.polyglot.PolyglotException
- com.intuit.karate.driver.DevToolsDriver.eval(DevToolsDriver.java:261)
- com.intuit.karate.driver.DevToolsDriver.eval(DevToolsDriver.java:256)
- com.intuit.karate.driver.DevToolsDriver.click(DevToolsDriver.java:477)
- <js>.:program(Unnamed:1)

src/test/karate-ui/principal.feature:22
16:07:54.813 [chrome_1618754825524] WARN  com.intuit.karate.shell.Command - exit code was non-zero: 137 - [/opt/google/chrome/google-chrome, --remote-debugging-port=9222, --no-first-run, --user-data-dir=/home/alumno/Escritorio/IW/GoTour/target/chrome_1618754825524, --disable-popup-blocking] working dir: target/chrome_1618754825524
16:07:57.883 [com.intuit.karate.cli.Main.main()] INFO  com.intuit.karate.Suite - <<fail>> feature 1 of 1 (0 remaining) src/test/karate-ui/principal.feature
18:09:08.514 [com.intuit.karate.cli.Main.main()] INFO  com.intuit.karate - Karate version: 1.0.1
18:09:09.164 [com.intuit.karate.cli.Main.main()] INFO  com.intuit.karate.Suite - backed up existing 'target/karate-reports' dir to: target/karate-reports_1618762149164
18:09:21.300 [com.intuit.karate.cli.Main.main()] WARN  c.intuit.karate.driver.DriverOptions - unknown character / key code: S
18:09:21.366 [com.intuit.karate.cli.Main.main()] WARN  c.intuit.karate.driver.DriverOptions - unknown character / key code: P
18:09:21.389 [com.intuit.karate.cli.Main.main()] WARN  c.intuit.karate.driver.DriverOptions - unknown character / key code: A
18:09:21.408 [com.intuit.karate.cli.Main.main()] WARN  c.intuit.karate.driver.DriverOptions - unknown character / key code: C
18:09:21.432 [com.intuit.karate.cli.Main.main()] WARN  c.intuit.karate.driver.DriverOptions - unknown character / key code: E
18:09:21.447 [com.intuit.karate.cli.Main.main()] WARN  c.intuit.karate.driver.DriverOptions - unknown character / key code: M
18:09:21.459 [com.intuit.karate.cli.Main.main()] WARN  c.intuit.karate.driver.DriverOptions - unknown character / key code: A
18:09:21.475 [com.intuit.karate.cli.Main.main()] WARN  c.intuit.karate.driver.DriverOptions - unknown character / key code: R
18:09:21.491 [com.intuit.karate.cli.Main.main()] WARN  c.intuit.karate.driver.DriverOptions - unknown character / key code: I
18:09:21.517 [com.intuit.karate.cli.Main.main()] WARN  c.intuit.karate.driver.DriverOptions - unknown character / key code: N
18:09:21.531 [com.intuit.karate.cli.Main.main()] WARN  c.intuit.karate.driver.DriverOptions - unknown character / key code: E
18:09:22.724 [nioEventLoopGroup-2-1] WARN  c.intuit.karate.driver.DriverOptions - devtools error: [id: 29, result: [type: MAP, value: {type=object, subtype=error, className=TypeError, description=TypeError: Cannot read property 'outerHTML' of null
    at <anonymous>:1:32, objectId={"injectedScriptId":3,"id":1}}]]
18:09:22.750 [com.intuit.karate.cli.Main.main()] WARN  c.intuit.karate.driver.DriverOptions - js eval failed once:document.querySelector("title")['outerHTML'], error: {"type":"object","subtype":"error","className":"TypeError","description":"TypeError: Cannot read property 'outerHTML' of null\n    at <anonymous>:1:32","objectId":"{\"injectedScriptId\":3,\"id\":1}"}
18:09:32.478 [com.intuit.karate.cli.Main.main()] ERROR com.intuit.karate - src/test/karate-ui/principal.feature:23
* match html('#libre') contains "1"
match failed: CONTAINS
  $ | actual does not contain expected (STRING:STRING)
  '<span class="property-specs-number" id="libre">2</span>'
  '1'

src/test/karate-ui/principal.feature:23
18:09:33.474 [chrome_1618762152519] WARN  com.intuit.karate.shell.Command - exit code was non-zero: 137 - [/opt/google/chrome/google-chrome, --remote-debugging-port=9222, --no-first-run, --user-data-dir=/home/alumno/Escritorio/IW/GoTour/target/chrome_1618762152519, --disable-popup-blocking] working dir: target/chrome_1618762152519
18:09:36.126 [com.intuit.karate.cli.Main.main()] INFO  com.intuit.karate.Suite - <<fail>> feature 1 of 1 (0 remaining) src/test/karate-ui/principal.feature
18:11:43.906 [com.intuit.karate.cli.Main.main()] INFO  com.intuit.karate - Karate version: 1.0.1
18:11:44.571 [com.intuit.karate.cli.Main.main()] INFO  com.intuit.karate.Suite - backed up existing 'target/karate-reports' dir to: target/karate-reports_1618762304570
18:11:56.795 [com.intuit.karate.cli.Main.main()] WARN  c.intuit.karate.driver.DriverOptions - unknown character / key code: S
18:11:56.870 [com.intuit.karate.cli.Main.main()] WARN  c.intuit.karate.driver.DriverOptions - unknown character / key code: P
18:11:56.887 [com.intuit.karate.cli.Main.main()] WARN  c.intuit.karate.driver.DriverOptions - unknown character / key code: A
18:11:56.932 [com.intuit.karate.cli.Main.main()] WARN  c.intuit.karate.driver.DriverOptions - unknown character / key code: C
18:11:56.981 [com.intuit.karate.cli.Main.main()] WARN  c.intuit.karate.driver.DriverOptions - unknown character / key code: E
18:11:57.003 [com.intuit.karate.cli.Main.main()] WARN  c.intuit.karate.driver.DriverOptions - unknown character / key code: M
18:11:57.032 [com.intuit.karate.cli.Main.main()] WARN  c.intuit.karate.driver.DriverOptions - unknown character / key code: A
18:11:57.045 [com.intuit.karate.cli.Main.main()] WARN  c.intuit.karate.driver.DriverOptions - unknown character / key code: R
18:11:57.061 [com.intuit.karate.cli.Main.main()] WARN  c.intuit.karate.driver.DriverOptions - unknown character / key code: I
18:11:57.079 [com.intuit.karate.cli.Main.main()] WARN  c.intuit.karate.driver.DriverOptions - unknown character / key code: N
18:11:57.120 [com.intuit.karate.cli.Main.main()] WARN  c.intuit.karate.driver.DriverOptions - unknown character / key code: E
18:12:06.666 [com.intuit.karate.cli.Main.main()] ERROR com.intuit.karate - src/test/karate-ui/principal.feature:23
* match html('#libre') contains '1'
match failed: CONTAINS
  $ | actual does not contain expected (STRING:STRING)
  '<span class="property-specs-number" id="libre">2</span>'
  '1'

src/test/karate-ui/principal.feature:23
18:12:07.744 [chrome_1618762307486] WARN  com.intuit.karate.shell.Command - exit code was non-zero: 137 - [/opt/google/chrome/google-chrome, --remote-debugging-port=9222, --no-first-run, --user-data-dir=/home/alumno/Escritorio/IW/GoTour/target/chrome_1618762307486, --disable-popup-blocking] working dir: target/chrome_1618762307486
18:12:11.371 [com.intuit.karate.cli.Main.main()] INFO  com.intuit.karate.Suite - <<fail>> feature 1 of 1 (0 remaining) src/test/karate-ui/principal.feature
18:13:32.978 [com.intuit.karate.cli.Main.main()] INFO  com.intuit.karate - Karate version: 1.0.1
18:13:33.564 [com.intuit.karate.cli.Main.main()] INFO  com.intuit.karate.Suite - backed up existing 'target/karate-reports' dir to: target/karate-reports_1618762413564
18:13:45.121 [com.intuit.karate.cli.Main.main()] WARN  c.intuit.karate.driver.DriverOptions - unknown character / key code: S
18:13:45.176 [com.intuit.karate.cli.Main.main()] WARN  c.intuit.karate.driver.DriverOptions - unknown character / key code: P
18:13:45.195 [com.intuit.karate.cli.Main.main()] WARN  c.intuit.karate.driver.DriverOptions - unknown character / key code: A
18:13:45.218 [com.intuit.karate.cli.Main.main()] WARN  c.intuit.karate.driver.DriverOptions - unknown character / key code: C
18:13:45.237 [com.intuit.karate.cli.Main.main()] WARN  c.intuit.karate.driver.DriverOptions - unknown character / key code: E
18:13:45.247 [com.intuit.karate.cli.Main.main()] WARN  c.intuit.karate.driver.DriverOptions - unknown character / key code: M
18:13:45.267 [com.intuit.karate.cli.Main.main()] WARN  c.intuit.karate.driver.DriverOptions - unknown character / key code: A
18:13:45.302 [com.intuit.karate.cli.Main.main()] WARN  c.intuit.karate.driver.DriverOptions - unknown character / key code: R
18:13:45.330 [com.intuit.karate.cli.Main.main()] WARN  c.intuit.karate.driver.DriverOptions - unknown character / key code: I
18:13:45.341 [com.intuit.karate.cli.Main.main()] WARN  c.intuit.karate.driver.DriverOptions - unknown character / key code: N
18:13:45.374 [com.intuit.karate.cli.Main.main()] WARN  c.intuit.karate.driver.DriverOptions - unknown character / key code: E
18:13:46.784 [nioEventLoopGroup-2-1] WARN  c.intuit.karate.driver.DriverOptions - devtools error: [id: 29, result: [type: MAP, value: {type=object, subtype=error, className=TypeError, description=TypeError: Cannot read property 'outerHTML' of null
    at <anonymous>:1:32, objectId={"injectedScriptId":3,"id":1}}]]
18:13:46.852 [com.intuit.karate.cli.Main.main()] WARN  c.intuit.karate.driver.DriverOptions - js eval failed once:document.querySelector("title")['outerHTML'], error: {"type":"object","subtype":"error","className":"TypeError","description":"TypeError: Cannot read property 'outerHTML' of null\n    at <anonymous>:1:32","objectId":"{\"injectedScriptId\":3,\"id\":1}"}
18:13:53.016 [nioEventLoopGroup-2-1] WARN  c.intuit.karate.driver.DriverOptions - devtools error: [id: 33, result: [type: MAP, value: {type=object, subtype=error, className=TypeError, description=TypeError: Cannot read property 'outerHTML' of null
    at <anonymous>:1:32, objectId={"injectedScriptId":4,"id":1}}]]
18:13:53.021 [com.intuit.karate.cli.Main.main()] WARN  c.intuit.karate.driver.DriverOptions - js eval failed once:document.querySelector("title")['outerHTML'], error: {"type":"object","subtype":"error","className":"TypeError","description":"TypeError: Cannot read property 'outerHTML' of null\n    at <anonymous>:1:32","objectId":"{\"injectedScriptId\":4,\"id\":1}"}
18:13:56.654 [com.intuit.karate.cli.Main.main()] ERROR com.intuit.karate - src/test/karate-ui/principal.feature:24
* match html('#libre') contains '1'
match failed: CONTAINS
  $ | actual does not contain expected (STRING:STRING)
  '<span class="property-specs-number" id="libre">2</span>'
  '1'

src/test/karate-ui/principal.feature:24
18:13:57.385 [chrome_1618762416792] WARN  com.intuit.karate.shell.Command - exit code was non-zero: 137 - [/opt/google/chrome/google-chrome, --remote-debugging-port=9222, --no-first-run, --user-data-dir=/home/alumno/Escritorio/IW/GoTour/target/chrome_1618762416792, --disable-popup-blocking] working dir: target/chrome_1618762416792
18:14:00.904 [com.intuit.karate.cli.Main.main()] INFO  com.intuit.karate.Suite - <<fail>> feature 1 of 1 (0 remaining) src/test/karate-ui/principal.feature
18:16:49.449 [com.intuit.karate.cli.Main.main()] INFO  com.intuit.karate - Karate version: 1.0.1
18:16:50.275 [com.intuit.karate.cli.Main.main()] INFO  com.intuit.karate.Suite - backed up existing 'target/karate-reports' dir to: target/karate-reports_1618762610275
18:17:03.526 [com.intuit.karate.cli.Main.main()] WARN  c.intuit.karate.driver.DriverOptions - unknown character / key code: S
18:17:03.575 [com.intuit.karate.cli.Main.main()] WARN  c.intuit.karate.driver.DriverOptions - unknown character / key code: P
18:17:03.647 [com.intuit.karate.cli.Main.main()] WARN  c.intuit.karate.driver.DriverOptions - unknown character / key code: A
18:17:03.659 [com.intuit.karate.cli.Main.main()] WARN  c.intuit.karate.driver.DriverOptions - unknown character / key code: C
18:17:03.710 [com.intuit.karate.cli.Main.main()] WARN  c.intuit.karate.driver.DriverOptions - unknown character / key code: E
18:17:03.759 [com.intuit.karate.cli.Main.main()] WARN  c.intuit.karate.driver.DriverOptions - unknown character / key code: M
18:17:03.772 [com.intuit.karate.cli.Main.main()] WARN  c.intuit.karate.driver.DriverOptions - unknown character / key code: A
18:17:03.786 [com.intuit.karate.cli.Main.main()] WARN  c.intuit.karate.driver.DriverOptions - unknown character / key code: R
18:17:03.792 [com.intuit.karate.cli.Main.main()] WARN  c.intuit.karate.driver.DriverOptions - unknown character / key code: I
18:17:03.802 [com.intuit.karate.cli.Main.main()] WARN  c.intuit.karate.driver.DriverOptions - unknown character / key code: N
18:17:03.855 [com.intuit.karate.cli.Main.main()] WARN  c.intuit.karate.driver.DriverOptions - unknown character / key code: E
18:17:05.354 [nioEventLoopGroup-2-1] WARN  c.intuit.karate.driver.DriverOptions - devtools error: [id: 29, result: [type: MAP, value: {type=object, subtype=error, className=TypeError, description=TypeError: Cannot read property 'outerHTML' of null
    at <anonymous>:1:32, objectId={"injectedScriptId":3,"id":1}}]]
18:17:05.408 [com.intuit.karate.cli.Main.main()] WARN  c.intuit.karate.driver.DriverOptions - js eval failed once:document.querySelector("title")['outerHTML'], error: {"type":"object","subtype":"error","className":"TypeError","description":"TypeError: Cannot read property 'outerHTML' of null\n    at <anonymous>:1:32","objectId":"{\"injectedScriptId\":3,\"id\":1}"}
18:17:15.048 [nioEventLoopGroup-2-1] WARN  c.intuit.karate.driver.DriverOptions - devtools error: [id: 33, result: [type: MAP, value: {type=object, subtype=error, className=TypeError, description=TypeError: Cannot read property 'outerHTML' of null
    at <anonymous>:1:32, objectId={"injectedScriptId":4,"id":1}}]]
18:17:15.125 [com.intuit.karate.cli.Main.main()] WARN  c.intuit.karate.driver.DriverOptions - js eval failed once:document.querySelector("title")['outerHTML'], error: {"type":"object","subtype":"error","className":"TypeError","description":"TypeError: Cannot read property 'outerHTML' of null\n    at <anonymous>:1:32","objectId":"{\"injectedScriptId\":4,\"id\":1}"}
18:17:24.403 [chrome_1618762613355] WARN  com.intuit.karate.shell.Command - exit code was non-zero: 137 - [/opt/google/chrome/google-chrome, --remote-debugging-port=9222, --no-first-run, --user-data-dir=/home/alumno/Escritorio/IW/GoTour/target/chrome_1618762613355, --disable-popup-blocking] working dir: target/chrome_1618762613355
18:17:29.542 [com.intuit.karate.cli.Main.main()] INFO  com.intuit.karate.Suite - <<pass>> feature 1 of 1 (0 remaining) src/test/karate-ui/principal.feature
18:18:00.715 [com.intuit.karate.cli.Main.main()] INFO  com.intuit.karate - Karate version: 1.0.1
18:18:01.380 [com.intuit.karate.cli.Main.main()] INFO  com.intuit.karate.Suite - backed up existing 'target/karate-reports' dir to: target/karate-reports_1618762681374
18:18:11.592 [com.intuit.karate.cli.Main.main()] WARN  c.intuit.karate.driver.DriverOptions - unknown character / key code: S
18:18:11.630 [com.intuit.karate.cli.Main.main()] WARN  c.intuit.karate.driver.DriverOptions - unknown character / key code: P
18:18:11.652 [com.intuit.karate.cli.Main.main()] WARN  c.intuit.karate.driver.DriverOptions - unknown character / key code: A
18:18:11.677 [com.intuit.karate.cli.Main.main()] WARN  c.intuit.karate.driver.DriverOptions - unknown character / key code: C
18:18:11.725 [com.intuit.karate.cli.Main.main()] WARN  c.intuit.karate.driver.DriverOptions - unknown character / key code: E
18:18:11.750 [com.intuit.karate.cli.Main.main()] WARN  c.intuit.karate.driver.DriverOptions - unknown character / key code: M
18:18:11.775 [com.intuit.karate.cli.Main.main()] WARN  c.intuit.karate.driver.DriverOptions - unknown character / key code: A
18:18:11.802 [com.intuit.karate.cli.Main.main()] WARN  c.intuit.karate.driver.DriverOptions - unknown character / key code: R
18:18:11.820 [com.intuit.karate.cli.Main.main()] WARN  c.intuit.karate.driver.DriverOptions - unknown character / key code: I
18:18:11.841 [com.intuit.karate.cli.Main.main()] WARN  c.intuit.karate.driver.DriverOptions - unknown character / key code: N
18:18:11.858 [com.intuit.karate.cli.Main.main()] WARN  c.intuit.karate.driver.DriverOptions - unknown character / key code: E
18:18:26.441 [chrome_1618762683935] WARN  com.intuit.karate.shell.Command - exit code was non-zero: 137 - [/opt/google/chrome/google-chrome, --remote-debugging-port=9222, --no-first-run, --user-data-dir=/home/alumno/Escritorio/IW/GoTour/target/chrome_1618762683935, --disable-popup-blocking] working dir: target/chrome_1618762683935
18:18:28.281 [com.intuit.karate.cli.Main.main()] INFO  com.intuit.karate.Suite - <<pass>> feature 1 of 1 (0 remaining) src/test/karate-ui/principal.feature
18:18:52.157 [com.intuit.karate.cli.Main.main()] INFO  com.intuit.karate - Karate version: 1.0.1
18:18:52.870 [com.intuit.karate.cli.Main.main()] INFO  com.intuit.karate.Suite - backed up existing 'target/karate-reports' dir to: target/karate-reports_1618762732868
18:19:03.733 [com.intuit.karate.cli.Main.main()] WARN  c.intuit.karate.driver.DriverOptions - unknown character / key code: S
18:19:03.771 [com.intuit.karate.cli.Main.main()] WARN  c.intuit.karate.driver.DriverOptions - unknown character / key code: P
18:19:03.802 [com.intuit.karate.cli.Main.main()] WARN  c.intuit.karate.driver.DriverOptions - unknown character / key code: A
18:19:03.840 [com.intuit.karate.cli.Main.main()] WARN  c.intuit.karate.driver.DriverOptions - unknown character / key code: C
18:19:03.891 [com.intuit.karate.cli.Main.main()] WARN  c.intuit.karate.driver.DriverOptions - unknown character / key code: E
18:19:03.935 [com.intuit.karate.cli.Main.main()] WARN  c.intuit.karate.driver.DriverOptions - unknown character / key code: M
18:19:03.968 [com.intuit.karate.cli.Main.main()] WARN  c.intuit.karate.driver.DriverOptions - unknown character / key code: A
18:19:04.020 [com.intuit.karate.cli.Main.main()] WARN  c.intuit.karate.driver.DriverOptions - unknown character / key code: R
18:19:04.040 [com.intuit.karate.cli.Main.main()] WARN  c.intuit.karate.driver.DriverOptions - unknown character / key code: I
18:19:04.057 [com.intuit.karate.cli.Main.main()] WARN  c.intuit.karate.driver.DriverOptions - unknown character / key code: N
18:19:04.090 [com.intuit.karate.cli.Main.main()] WARN  c.intuit.karate.driver.DriverOptions - unknown character / key code: E
18:19:11.608 [nioEventLoopGroup-2-1] WARN  c.intuit.karate.driver.DriverOptions - devtools error: [id: 32, result: [type: MAP, value: {type=object, subtype=error, className=TypeError, description=TypeError: Cannot read property 'outerHTML' of null
    at <anonymous>:1:32, objectId={"injectedScriptId":4,"id":1}}]]
18:19:11.641 [com.intuit.karate.cli.Main.main()] WARN  c.intuit.karate.driver.DriverOptions - js eval failed once:document.querySelector("title")['outerHTML'], error: {"type":"object","subtype":"error","className":"TypeError","description":"TypeError: Cannot read property 'outerHTML' of null\n    at <anonymous>:1:32","objectId":"{\"injectedScriptId\":4,\"id\":1}"}
18:19:44.665 [com.intuit.karate.cli.Main.main()] ERROR c.intuit.karate.driver.DriverOptions - << timed out after milliseconds: 30000 - [id: 34, method: Runtime.evaluate, params: {"expression":"document.querySelector(\"button[type=submit]\").click()","returnByValue":true}]
18:19:44.726 [com.intuit.karate.cli.Main.main()] ERROR com.intuit.karate - src/test/karate-ui/principal.feature:22
* submit().click("button[type=submit]")
>>>> js failed:
01: submit().click("button[type=submit]")
<<<<
org.graalvm.polyglot.PolyglotException
- com.intuit.karate.driver.DevToolsDriver.eval(DevToolsDriver.java:261)
- com.intuit.karate.driver.DevToolsDriver.eval(DevToolsDriver.java:256)
- com.intuit.karate.driver.DevToolsDriver.click(DevToolsDriver.java:477)
- <js>.:program(Unnamed:1)

src/test/karate-ui/principal.feature:22
18:19:45.988 [chrome_1618762735746] WARN  com.intuit.karate.shell.Command - exit code was non-zero: 137 - [/opt/google/chrome/google-chrome, --remote-debugging-port=9222, --no-first-run, --user-data-dir=/home/alumno/Escritorio/IW/GoTour/target/chrome_1618762735746, --disable-popup-blocking] working dir: target/chrome_1618762735746
18:19:47.938 [com.intuit.karate.cli.Main.main()] INFO  com.intuit.karate.Suite - <<fail>> feature 1 of 1 (0 remaining) src/test/karate-ui/principal.feature
18:20:30.771 [com.intuit.karate.cli.Main.main()] INFO  com.intuit.karate - Karate version: 1.0.1
18:20:31.676 [com.intuit.karate.cli.Main.main()] INFO  com.intuit.karate.Suite - backed up existing 'target/karate-reports' dir to: target/karate-reports_1618762831666
18:20:43.236 [com.intuit.karate.cli.Main.main()] WARN  c.intuit.karate.driver.DriverOptions - unknown character / key code: S
18:20:43.265 [com.intuit.karate.cli.Main.main()] WARN  c.intuit.karate.driver.DriverOptions - unknown character / key code: P
18:20:43.292 [com.intuit.karate.cli.Main.main()] WARN  c.intuit.karate.driver.DriverOptions - unknown character / key code: A
18:20:43.317 [com.intuit.karate.cli.Main.main()] WARN  c.intuit.karate.driver.DriverOptions - unknown character / key code: C
18:20:43.337 [com.intuit.karate.cli.Main.main()] WARN  c.intuit.karate.driver.DriverOptions - unknown character / key code: E
18:20:43.351 [com.intuit.karate.cli.Main.main()] WARN  c.intuit.karate.driver.DriverOptions - unknown character / key code: M
18:20:43.371 [com.intuit.karate.cli.Main.main()] WARN  c.intuit.karate.driver.DriverOptions - unknown character / key code: A
18:20:43.402 [com.intuit.karate.cli.Main.main()] WARN  c.intuit.karate.driver.DriverOptions - unknown character / key code: R
18:20:43.420 [com.intuit.karate.cli.Main.main()] WARN  c.intuit.karate.driver.DriverOptions - unknown character / key code: I
18:20:43.453 [com.intuit.karate.cli.Main.main()] WARN  c.intuit.karate.driver.DriverOptions - unknown character / key code: N
18:20:43.511 [com.intuit.karate.cli.Main.main()] WARN  c.intuit.karate.driver.DriverOptions - unknown character / key code: E
18:20:44.657 [nioEventLoopGroup-2-1] WARN  c.intuit.karate.driver.DriverOptions - devtools error: [id: 29, result: [type: MAP, value: {type=object, subtype=error, className=TypeError, description=TypeError: Cannot read property 'outerHTML' of null
    at <anonymous>:1:32, objectId={"injectedScriptId":3,"id":1}}]]
18:20:44.679 [com.intuit.karate.cli.Main.main()] WARN  c.intuit.karate.driver.DriverOptions - js eval failed once:document.querySelector("title")['outerHTML'], error: {"type":"object","subtype":"error","className":"TypeError","description":"TypeError: Cannot read property 'outerHTML' of null\n    at <anonymous>:1:32","objectId":"{\"injectedScriptId\":3,\"id\":1}"}
18:20:55.641 [nioEventLoopGroup-2-1] WARN  c.intuit.karate.driver.DriverOptions - devtools error: [id: 33, result: [type: MAP, value: {type=object, subtype=error, className=TypeError, description=TypeError: Cannot read property 'outerHTML' of null
    at <anonymous>:1:32, objectId={"injectedScriptId":4,"id":1}}]]
18:20:55.695 [com.intuit.karate.cli.Main.main()] WARN  c.intuit.karate.driver.DriverOptions - js eval failed once:document.querySelector("title")['outerHTML'], error: {"type":"object","subtype":"error","className":"TypeError","description":"TypeError: Cannot read property 'outerHTML' of null\n    at <anonymous>:1:32","objectId":"{\"injectedScriptId\":4,\"id\":1}"}
18:21:00.523 [com.intuit.karate.cli.Main.main()] ERROR com.intuit.karate - src/test/karate-ui/principal.feature:24
* match html('#libre') contains '1'
match failed: CONTAINS
  $ | actual does not contain expected (STRING:STRING)
  '<span class="property-specs-number" id="libre">0</span>'
  '1'

src/test/karate-ui/principal.feature:24
18:21:01.106 [chrome_1618762835187] WARN  com.intuit.karate.shell.Command - exit code was non-zero: 137 - [/opt/google/chrome/google-chrome, --remote-debugging-port=9222, --no-first-run, --user-data-dir=/home/alumno/Escritorio/IW/GoTour/target/chrome_1618762835187, --disable-popup-blocking] working dir: target/chrome_1618762835187
18:21:04.566 [com.intuit.karate.cli.Main.main()] INFO  com.intuit.karate.Suite - <<fail>> feature 1 of 1 (0 remaining) src/test/karate-ui/principal.feature
18:22:33.434 [com.intuit.karate.cli.Main.main()] INFO  com.intuit.karate - Karate version: 1.0.1
18:22:35.298 [com.intuit.karate.cli.Main.main()] INFO  com.intuit.karate.Suite - backed up existing 'target/karate-reports' dir to: target/karate-reports_1618762955298
18:23:06.248 [com.intuit.karate.cli.Main.main()] WARN  c.intuit.karate.driver.DriverOptions - unknown character / key code: S
18:23:06.298 [com.intuit.karate.cli.Main.main()] WARN  c.intuit.karate.driver.DriverOptions - unknown character / key code: P
18:23:06.353 [com.intuit.karate.cli.Main.main()] WARN  c.intuit.karate.driver.DriverOptions - unknown character / key code: A
18:23:06.387 [com.intuit.karate.cli.Main.main()] WARN  c.intuit.karate.driver.DriverOptions - unknown character / key code: C
18:23:06.405 [com.intuit.karate.cli.Main.main()] WARN  c.intuit.karate.driver.DriverOptions - unknown character / key code: E
18:23:06.448 [com.intuit.karate.cli.Main.main()] WARN  c.intuit.karate.driver.DriverOptions - unknown character / key code: M
18:23:06.474 [com.intuit.karate.cli.Main.main()] WARN  c.intuit.karate.driver.DriverOptions - unknown character / key code: A
18:23:06.545 [com.intuit.karate.cli.Main.main()] WARN  c.intuit.karate.driver.DriverOptions - unknown character / key code: R
18:23:06.584 [com.intuit.karate.cli.Main.main()] WARN  c.intuit.karate.driver.DriverOptions - unknown character / key code: I
18:23:06.617 [com.intuit.karate.cli.Main.main()] WARN  c.intuit.karate.driver.DriverOptions - unknown character / key code: N
18:23:06.636 [com.intuit.karate.cli.Main.main()] WARN  c.intuit.karate.driver.DriverOptions - unknown character / key code: E
18:23:10.930 [nioEventLoopGroup-2-1] WARN  c.intuit.karate.driver.DriverOptions - devtools error: [id: 29, result: [type: MAP, value: {type=object, subtype=error, className=TypeError, description=TypeError: Cannot read property 'outerHTML' of null
    at <anonymous>:1:32, objectId={"injectedScriptId":3,"id":1}}]]
18:23:10.971 [com.intuit.karate.cli.Main.main()] WARN  c.intuit.karate.driver.DriverOptions - js eval failed once:document.querySelector("title")['outerHTML'], error: {"type":"object","subtype":"error","className":"TypeError","description":"TypeError: Cannot read property 'outerHTML' of null\n    at <anonymous>:1:32","objectId":"{\"injectedScriptId\":3,\"id\":1}"}
18:23:20.093 [nioEventLoopGroup-2-1] WARN  c.intuit.karate.driver.DriverOptions - devtools error: [id: 33, result: [type: MAP, value: {type=object, subtype=error, className=TypeError, description=TypeError: Cannot read property 'outerHTML' of null
    at <anonymous>:1:32, objectId={"injectedScriptId":4,"id":1}}]]
18:23:20.102 [com.intuit.karate.cli.Main.main()] WARN  c.intuit.karate.driver.DriverOptions - js eval failed once:document.querySelector("title")['outerHTML'], error: {"type":"object","subtype":"error","className":"TypeError","description":"TypeError: Cannot read property 'outerHTML' of null\n    at <anonymous>:1:32","objectId":"{\"injectedScriptId\":4,\"id\":1}"}
18:23:24.237 [com.intuit.karate.cli.Main.main()] ERROR com.intuit.karate - src/test/karate-ui/principal.feature:24
* match html('#libre') contains '1'
match failed: CONTAINS
  $ | actual does not contain expected (STRING:STRING)
  '<span class="property-specs-number" id="libre">2</span>'
  '1'

src/test/karate-ui/principal.feature:24
18:23:24.553 [chrome_1618762975816] WARN  com.intuit.karate.shell.Command - exit code was non-zero: 137 - [/opt/google/chrome/google-chrome, --remote-debugging-port=9222, --no-first-run, --user-data-dir=/home/alumno/Escritorio/IW/GoTour/target/chrome_1618762975816, --disable-popup-blocking] working dir: target/chrome_1618762975816
18:23:27.204 [com.intuit.karate.cli.Main.main()] INFO  com.intuit.karate.Suite - <<fail>> feature 1 of 1 (0 remaining) src/test/karate-ui/principal.feature
18:24:14.306 [com.intuit.karate.cli.Main.main()] INFO  com.intuit.karate - Karate version: 1.0.1
18:24:14.812 [com.intuit.karate.cli.Main.main()] INFO  com.intuit.karate.Suite - backed up existing 'target/karate-reports' dir to: target/karate-reports_1618763054805
18:24:23.255 [com.intuit.karate.cli.Main.main()] WARN  c.intuit.karate.driver.DriverOptions - unknown character / key code: S
18:24:23.289 [com.intuit.karate.cli.Main.main()] WARN  c.intuit.karate.driver.DriverOptions - unknown character / key code: P
18:24:23.295 [com.intuit.karate.cli.Main.main()] WARN  c.intuit.karate.driver.DriverOptions - unknown character / key code: A
18:24:23.310 [com.intuit.karate.cli.Main.main()] WARN  c.intuit.karate.driver.DriverOptions - unknown character / key code: C
18:24:23.326 [com.intuit.karate.cli.Main.main()] WARN  c.intuit.karate.driver.DriverOptions - unknown character / key code: E
18:24:23.338 [com.intuit.karate.cli.Main.main()] WARN  c.intuit.karate.driver.DriverOptions - unknown character / key code: M
18:24:23.353 [com.intuit.karate.cli.Main.main()] WARN  c.intuit.karate.driver.DriverOptions - unknown character / key code: A
18:24:23.374 [com.intuit.karate.cli.Main.main()] WARN  c.intuit.karate.driver.DriverOptions - unknown character / key code: R
18:24:23.385 [com.intuit.karate.cli.Main.main()] WARN  c.intuit.karate.driver.DriverOptions - unknown character / key code: I
18:24:23.396 [com.intuit.karate.cli.Main.main()] WARN  c.intuit.karate.driver.DriverOptions - unknown character / key code: N
18:24:23.412 [com.intuit.karate.cli.Main.main()] WARN  c.intuit.karate.driver.DriverOptions - unknown character / key code: E
18:24:24.494 [nioEventLoopGroup-2-1] WARN  c.intuit.karate.driver.DriverOptions - devtools error: [id: 29, result: [type: MAP, value: {type=object, subtype=error, className=TypeError, description=TypeError: Cannot read property 'outerHTML' of null
    at <anonymous>:1:32, objectId={"injectedScriptId":3,"id":1}}]]
18:24:24.502 [com.intuit.karate.cli.Main.main()] WARN  c.intuit.karate.driver.DriverOptions - js eval failed once:document.querySelector("title")['outerHTML'], error: {"type":"object","subtype":"error","className":"TypeError","description":"TypeError: Cannot read property 'outerHTML' of null\n    at <anonymous>:1:32","objectId":"{\"injectedScriptId\":3,\"id\":1}"}
18:24:32.918 [nioEventLoopGroup-2-1] WARN  c.intuit.karate.driver.DriverOptions - devtools error: [id: 33, result: [type: MAP, value: {type=object, subtype=error, className=TypeError, description=TypeError: Cannot read property 'outerHTML' of null
    at <anonymous>:1:32, objectId={"injectedScriptId":4,"id":1}}]]
18:24:32.928 [com.intuit.karate.cli.Main.main()] WARN  c.intuit.karate.driver.DriverOptions - js eval failed once:document.querySelector("title")['outerHTML'], error: {"type":"object","subtype":"error","className":"TypeError","description":"TypeError: Cannot read property 'outerHTML' of null\n    at <anonymous>:1:32","objectId":"{\"injectedScriptId\":4,\"id\":1}"}
18:25:05.936 [com.intuit.karate.cli.Main.main()] ERROR c.intuit.karate.driver.DriverOptions - << timed out after milliseconds: 30000 - [id: 35, method: Runtime.evaluate, params: {"expression":"document.querySelector(\"button[type=submit]\").click()","returnByValue":true}]
18:25:06.005 [com.intuit.karate.cli.Main.main()] ERROR com.intuit.karate - src/test/karate-ui/principal.feature:22
* submit().click("button[type=submit]")
>>>> js failed:
01: submit().click("button[type=submit]")
<<<<
org.graalvm.polyglot.PolyglotException
- com.intuit.karate.driver.DevToolsDriver.eval(DevToolsDriver.java:261)
- com.intuit.karate.driver.DevToolsDriver.eval(DevToolsDriver.java:256)
- com.intuit.karate.driver.DevToolsDriver.click(DevToolsDriver.java:477)
- <js>.:program(Unnamed:1)

src/test/karate-ui/principal.feature:22
18:25:06.409 [chrome_1618763057195] WARN  com.intuit.karate.shell.Command - exit code was non-zero: 137 - [/opt/google/chrome/google-chrome, --remote-debugging-port=9222, --no-first-run, --user-data-dir=/home/alumno/Escritorio/IW/GoTour/target/chrome_1618763057195, --disable-popup-blocking] working dir: target/chrome_1618763057195
18:25:08.683 [com.intuit.karate.cli.Main.main()] INFO  com.intuit.karate.Suite - <<fail>> feature 1 of 1 (0 remaining) src/test/karate-ui/principal.feature
18:26:47.871 [com.intuit.karate.cli.Main.main()] INFO  com.intuit.karate - Karate version: 1.0.1
18:26:48.325 [com.intuit.karate.cli.Main.main()] INFO  com.intuit.karate.Suite - backed up existing 'target/karate-reports' dir to: target/karate-reports_1618763208325
18:26:57.012 [com.intuit.karate.cli.Main.main()] WARN  c.intuit.karate.driver.DriverOptions - unknown character / key code: S
18:26:57.060 [com.intuit.karate.cli.Main.main()] WARN  c.intuit.karate.driver.DriverOptions - unknown character / key code: P
18:26:57.086 [com.intuit.karate.cli.Main.main()] WARN  c.intuit.karate.driver.DriverOptions - unknown character / key code: A
18:26:57.132 [com.intuit.karate.cli.Main.main()] WARN  c.intuit.karate.driver.DriverOptions - unknown character / key code: C
18:26:57.156 [com.intuit.karate.cli.Main.main()] WARN  c.intuit.karate.driver.DriverOptions - unknown character / key code: E
18:26:57.171 [com.intuit.karate.cli.Main.main()] WARN  c.intuit.karate.driver.DriverOptions - unknown character / key code: M
18:26:57.215 [com.intuit.karate.cli.Main.main()] WARN  c.intuit.karate.driver.DriverOptions - unknown character / key code: A
18:26:57.231 [com.intuit.karate.cli.Main.main()] WARN  c.intuit.karate.driver.DriverOptions - unknown character / key code: R
18:26:57.245 [com.intuit.karate.cli.Main.main()] WARN  c.intuit.karate.driver.DriverOptions - unknown character / key code: I
18:26:57.262 [com.intuit.karate.cli.Main.main()] WARN  c.intuit.karate.driver.DriverOptions - unknown character / key code: N
18:26:57.276 [com.intuit.karate.cli.Main.main()] WARN  c.intuit.karate.driver.DriverOptions - unknown character / key code: E
18:27:05.262 [nioEventLoopGroup-2-1] WARN  c.intuit.karate.driver.DriverOptions - devtools error: [id: 32, result: [type: MAP, value: {type=object, subtype=error, className=TypeError, description=TypeError: Cannot read property 'outerHTML' of null
    at <anonymous>:1:32, objectId={"injectedScriptId":4,"id":1}}]]
18:27:05.274 [com.intuit.karate.cli.Main.main()] WARN  c.intuit.karate.driver.DriverOptions - js eval failed once:document.querySelector("title")['outerHTML'], error: {"type":"object","subtype":"error","className":"TypeError","description":"TypeError: Cannot read property 'outerHTML' of null\n    at <anonymous>:1:32","objectId":"{\"injectedScriptId\":4,\"id\":1}"}
18:27:29.968 [chrome_1618763210713] WARN  com.intuit.karate.shell.Command - exit code was non-zero: 137 - [/opt/google/chrome/google-chrome, --remote-debugging-port=9222, --no-first-run, --user-data-dir=/home/alumno/Escritorio/IW/GoTour/target/chrome_1618763210713, --disable-popup-blocking] working dir: target/chrome_1618763210713
18:27:32.282 [com.intuit.karate.cli.Main.main()] INFO  com.intuit.karate.Suite - <<pass>> feature 1 of 1 (0 remaining) src/test/karate-ui/principal.feature
18:28:04.068 [com.intuit.karate.cli.Main.main()] INFO  com.intuit.karate - Karate version: 1.0.1
18:28:04.862 [com.intuit.karate.cli.Main.main()] INFO  com.intuit.karate.Suite - backed up existing 'target/karate-reports' dir to: target/karate-reports_1618763284862
18:28:33.776 [com.intuit.karate.cli.Main.main()] INFO  com.intuit.karate - Karate version: 1.0.1
18:28:42.083 [com.intuit.karate.cli.Main.main()] WARN  c.intuit.karate.driver.DriverOptions - unknown character / key code: S
18:28:42.137 [com.intuit.karate.cli.Main.main()] WARN  c.intuit.karate.driver.DriverOptions - unknown character / key code: P
18:28:42.174 [com.intuit.karate.cli.Main.main()] WARN  c.intuit.karate.driver.DriverOptions - unknown character / key code: A
18:28:42.195 [com.intuit.karate.cli.Main.main()] WARN  c.intuit.karate.driver.DriverOptions - unknown character / key code: C
18:28:42.220 [com.intuit.karate.cli.Main.main()] WARN  c.intuit.karate.driver.DriverOptions - unknown character / key code: E
18:28:42.242 [com.intuit.karate.cli.Main.main()] WARN  c.intuit.karate.driver.DriverOptions - unknown character / key code: M
18:28:42.264 [com.intuit.karate.cli.Main.main()] WARN  c.intuit.karate.driver.DriverOptions - unknown character / key code: A
18:28:42.289 [com.intuit.karate.cli.Main.main()] WARN  c.intuit.karate.driver.DriverOptions - unknown character / key code: R
18:28:42.316 [com.intuit.karate.cli.Main.main()] WARN  c.intuit.karate.driver.DriverOptions - unknown character / key code: I
18:28:42.335 [com.intuit.karate.cli.Main.main()] WARN  c.intuit.karate.driver.DriverOptions - unknown character / key code: N
18:28:42.358 [com.intuit.karate.cli.Main.main()] WARN  c.intuit.karate.driver.DriverOptions - unknown character / key code: E
18:28:43.524 [nioEventLoopGroup-2-1] WARN  c.intuit.karate.driver.DriverOptions - devtools error: [id: 29, result: [type: MAP, value: {type=object, subtype=error, className=TypeError, description=TypeError: Cannot read property 'outerHTML' of null
    at <anonymous>:1:32, objectId={"injectedScriptId":3,"id":1}}]]
18:28:43.553 [com.intuit.karate.cli.Main.main()] WARN  c.intuit.karate.driver.DriverOptions - js eval failed once:document.querySelector("title")['outerHTML'], error: {"type":"object","subtype":"error","className":"TypeError","description":"TypeError: Cannot read property 'outerHTML' of null\n    at <anonymous>:1:32","objectId":"{\"injectedScriptId\":3,\"id\":1}"}
18:28:50.017 [nioEventLoopGroup-2-1] WARN  c.intuit.karate.driver.DriverOptions - devtools error: [id: 33, result: [type: MAP, value: {type=object, subtype=error, className=TypeError, description=TypeError: Cannot read property 'outerHTML' of null
    at <anonymous>:1:32, objectId={"injectedScriptId":4,"id":1}}]]
18:28:50.018 [com.intuit.karate.cli.Main.main()] WARN  c.intuit.karate.driver.DriverOptions - js eval failed once:document.querySelector("title")['outerHTML'], error: {"type":"object","subtype":"error","className":"TypeError","description":"TypeError: Cannot read property 'outerHTML' of null\n    at <anonymous>:1:32","objectId":"{\"injectedScriptId\":4,\"id\":1}"}
18:29:23.055 [com.intuit.karate.cli.Main.main()] ERROR c.intuit.karate.driver.DriverOptions - << timed out after milliseconds: 30000 - [id: 35, method: Runtime.evaluate, params: {"expression":"document.querySelector(\"button[type=submit]\").click()","returnByValue":true}]
18:29:23.129 [com.intuit.karate.cli.Main.main()] ERROR com.intuit.karate - src/test/karate-ui/principal.feature:22
* submit().click("button[type=submit]")
>>>> js failed:
01: submit().click("button[type=submit]")
<<<<
org.graalvm.polyglot.PolyglotException
- com.intuit.karate.driver.DevToolsDriver.eval(DevToolsDriver.java:261)
- com.intuit.karate.driver.DevToolsDriver.eval(DevToolsDriver.java:256)
- com.intuit.karate.driver.DevToolsDriver.click(DevToolsDriver.java:477)
- <js>.:program(Unnamed:1)

src/test/karate-ui/principal.feature:22
18:29:23.777 [chrome_1618763316472] WARN  com.intuit.karate.shell.Command - exit code was non-zero: 137 - [/opt/google/chrome/google-chrome, --remote-debugging-port=9222, --no-first-run, --user-data-dir=/home/alumno/Escritorio/IW/GoTour/target/chrome_1618763316472, --disable-popup-blocking] working dir: target/chrome_1618763316472
18:29:25.847 [com.intuit.karate.cli.Main.main()] INFO  com.intuit.karate.Suite - <<fail>> feature 1 of 1 (0 remaining) src/test/karate-ui/principal.feature
18:31:17.287 [com.intuit.karate.cli.Main.main()] INFO  com.intuit.karate - Karate version: 1.0.1
18:31:17.968 [com.intuit.karate.cli.Main.main()] INFO  com.intuit.karate.Suite - backed up existing 'target/karate-reports' dir to: target/karate-reports_1618763477968
18:31:29.006 [com.intuit.karate.cli.Main.main()] WARN  c.intuit.karate.driver.DriverOptions - unknown character / key code: S
18:31:29.088 [com.intuit.karate.cli.Main.main()] WARN  c.intuit.karate.driver.DriverOptions - unknown character / key code: P
18:31:29.128 [com.intuit.karate.cli.Main.main()] WARN  c.intuit.karate.driver.DriverOptions - unknown character / key code: A
18:31:29.158 [com.intuit.karate.cli.Main.main()] WARN  c.intuit.karate.driver.DriverOptions - unknown character / key code: C
18:31:29.191 [com.intuit.karate.cli.Main.main()] WARN  c.intuit.karate.driver.DriverOptions - unknown character / key code: E
18:31:29.208 [com.intuit.karate.cli.Main.main()] WARN  c.intuit.karate.driver.DriverOptions - unknown character / key code: M
18:31:29.226 [com.intuit.karate.cli.Main.main()] WARN  c.intuit.karate.driver.DriverOptions - unknown character / key code: A
18:31:29.240 [com.intuit.karate.cli.Main.main()] WARN  c.intuit.karate.driver.DriverOptions - unknown character / key code: R
18:31:29.289 [com.intuit.karate.cli.Main.main()] WARN  c.intuit.karate.driver.DriverOptions - unknown character / key code: I
18:31:29.300 [com.intuit.karate.cli.Main.main()] WARN  c.intuit.karate.driver.DriverOptions - unknown character / key code: N
18:31:29.322 [com.intuit.karate.cli.Main.main()] WARN  c.intuit.karate.driver.DriverOptions - unknown character / key code: E
18:31:31.838 [nioEventLoopGroup-2-1] WARN  c.intuit.karate.driver.DriverOptions - devtools error: [id: 29, result: [type: MAP, value: {type=object, subtype=error, className=TypeError, description=TypeError: Cannot read property 'outerHTML' of null
    at <anonymous>:1:32, objectId={"injectedScriptId":3,"id":1}}]]
18:31:31.861 [com.intuit.karate.cli.Main.main()] WARN  c.intuit.karate.driver.DriverOptions - js eval failed once:document.querySelector("title")['outerHTML'], error: {"type":"object","subtype":"error","className":"TypeError","description":"TypeError: Cannot read property 'outerHTML' of null\n    at <anonymous>:1:32","objectId":"{\"injectedScriptId\":3,\"id\":1}"}
18:31:36.885 [nioEventLoopGroup-2-1] WARN  c.intuit.karate.driver.DriverOptions - devtools error: [id: 33, result: [type: MAP, value: {type=object, subtype=error, className=TypeError, description=TypeError: Cannot read property 'outerHTML' of null
    at <anonymous>:1:32, objectId={"injectedScriptId":4,"id":1}}]]
18:31:36.888 [com.intuit.karate.cli.Main.main()] WARN  c.intuit.karate.driver.DriverOptions - js eval failed once:document.querySelector("title")['outerHTML'], error: {"type":"object","subtype":"error","className":"TypeError","description":"TypeError: Cannot read property 'outerHTML' of null\n    at <anonymous>:1:32","objectId":"{\"injectedScriptId\":4,\"id\":1}"}
18:32:09.915 [com.intuit.karate.cli.Main.main()] ERROR c.intuit.karate.driver.DriverOptions - << timed out after milliseconds: 30000 - [id: 35, method: Runtime.evaluate, params: {"expression":"document.querySelector(\"button[type=submit]\").click()","returnByValue":true}]
18:32:09.977 [com.intuit.karate.cli.Main.main()] ERROR com.intuit.karate - src/test/karate-ui/principal.feature:22
* submit().click("button[type=submit]")
>>>> js failed:
01: submit().click("button[type=submit]")
<<<<
org.graalvm.polyglot.PolyglotException
- com.intuit.karate.driver.DevToolsDriver.eval(DevToolsDriver.java:261)
- com.intuit.karate.driver.DevToolsDriver.eval(DevToolsDriver.java:256)
- com.intuit.karate.driver.DevToolsDriver.click(DevToolsDriver.java:477)
- <js>.:program(Unnamed:1)

src/test/karate-ui/principal.feature:22
18:32:10.464 [chrome_1618763480221] WARN  com.intuit.karate.shell.Command - exit code was non-zero: 137 - [/opt/google/chrome/google-chrome, --remote-debugging-port=9222, --no-first-run, --user-data-dir=/home/alumno/Escritorio/IW/GoTour/target/chrome_1618763480221, --disable-popup-blocking] working dir: target/chrome_1618763480221
18:32:12.534 [com.intuit.karate.cli.Main.main()] INFO  com.intuit.karate.Suite - <<fail>> feature 1 of 1 (0 remaining) src/test/karate-ui/principal.feature
18:44:24.529 [com.intuit.karate.cli.Main.main()] INFO  com.intuit.karate - Karate version: 1.0.1
18:44:25.084 [com.intuit.karate.cli.Main.main()] INFO  com.intuit.karate.Suite - backed up existing 'target/karate-reports' dir to: target/karate-reports_1618764265084
18:44:33.226 [com.intuit.karate.cli.Main.main()] WARN  c.intuit.karate.driver.DriverOptions - unknown character / key code: S
18:44:33.258 [com.intuit.karate.cli.Main.main()] WARN  c.intuit.karate.driver.DriverOptions - unknown character / key code: P
18:44:33.276 [com.intuit.karate.cli.Main.main()] WARN  c.intuit.karate.driver.DriverOptions - unknown character / key code: A
18:44:33.303 [com.intuit.karate.cli.Main.main()] WARN  c.intuit.karate.driver.DriverOptions - unknown character / key code: C
18:44:33.336 [com.intuit.karate.cli.Main.main()] WARN  c.intuit.karate.driver.DriverOptions - unknown character / key code: E
18:44:33.357 [com.intuit.karate.cli.Main.main()] WARN  c.intuit.karate.driver.DriverOptions - unknown character / key code: M
18:44:33.380 [com.intuit.karate.cli.Main.main()] WARN  c.intuit.karate.driver.DriverOptions - unknown character / key code: A
18:44:33.398 [com.intuit.karate.cli.Main.main()] WARN  c.intuit.karate.driver.DriverOptions - unknown character / key code: R
18:44:33.411 [com.intuit.karate.cli.Main.main()] WARN  c.intuit.karate.driver.DriverOptions - unknown character / key code: I
18:44:33.445 [com.intuit.karate.cli.Main.main()] WARN  c.intuit.karate.driver.DriverOptions - unknown character / key code: N
18:44:33.455 [com.intuit.karate.cli.Main.main()] WARN  c.intuit.karate.driver.DriverOptions - unknown character / key code: E
18:44:34.536 [nioEventLoopGroup-2-1] WARN  c.intuit.karate.driver.DriverOptions - devtools error: [id: 29, result: [type: MAP, value: {type=object, subtype=error, className=TypeError, description=TypeError: Cannot read property 'outerHTML' of null
    at <anonymous>:1:32, objectId={"injectedScriptId":3,"id":1}}]]
18:44:34.567 [com.intuit.karate.cli.Main.main()] WARN  c.intuit.karate.driver.DriverOptions - js eval failed once:document.querySelector("title")['outerHTML'], error: {"type":"object","subtype":"error","className":"TypeError","description":"TypeError: Cannot read property 'outerHTML' of null\n    at <anonymous>:1:32","objectId":"{\"injectedScriptId\":3,\"id\":1}"}
18:44:49.072 [chrome_1618764267322] WARN  com.intuit.karate.shell.Command - exit code was non-zero: 137 - [/opt/google/chrome/google-chrome, --remote-debugging-port=9222, --no-first-run, --user-data-dir=/home/alumno/Escritorio/IW/GoTour/target/chrome_1618764267322, --disable-popup-blocking] working dir: target/chrome_1618764267322
18:44:51.302 [com.intuit.karate.cli.Main.main()] INFO  com.intuit.karate.Suite - <<pass>> feature 1 of 1 (0 remaining) src/test/karate-ui/principal.feature
18:45:44.027 [com.intuit.karate.cli.Main.main()] INFO  com.intuit.karate - Karate version: 1.0.1
18:45:44.636 [com.intuit.karate.cli.Main.main()] INFO  com.intuit.karate.Suite - backed up existing 'target/karate-reports' dir to: target/karate-reports_1618764344636
18:45:57.303 [com.intuit.karate.cli.Main.main()] WARN  c.intuit.karate.driver.DriverOptions - unknown character / key code: S
18:45:57.349 [com.intuit.karate.cli.Main.main()] WARN  c.intuit.karate.driver.DriverOptions - unknown character / key code: P
18:45:57.385 [com.intuit.karate.cli.Main.main()] WARN  c.intuit.karate.driver.DriverOptions - unknown character / key code: A
18:45:57.409 [com.intuit.karate.cli.Main.main()] WARN  c.intuit.karate.driver.DriverOptions - unknown character / key code: C
18:45:57.420 [com.intuit.karate.cli.Main.main()] WARN  c.intuit.karate.driver.DriverOptions - unknown character / key code: E
18:45:57.433 [com.intuit.karate.cli.Main.main()] WARN  c.intuit.karate.driver.DriverOptions - unknown character / key code: M
18:45:57.450 [com.intuit.karate.cli.Main.main()] WARN  c.intuit.karate.driver.DriverOptions - unknown character / key code: A
18:45:57.466 [com.intuit.karate.cli.Main.main()] WARN  c.intuit.karate.driver.DriverOptions - unknown character / key code: R
18:45:57.481 [com.intuit.karate.cli.Main.main()] WARN  c.intuit.karate.driver.DriverOptions - unknown character / key code: I
18:45:57.515 [com.intuit.karate.cli.Main.main()] WARN  c.intuit.karate.driver.DriverOptions - unknown character / key code: N
18:45:57.531 [com.intuit.karate.cli.Main.main()] WARN  c.intuit.karate.driver.DriverOptions - unknown character / key code: E
18:46:05.237 [nioEventLoopGroup-2-1] WARN  c.intuit.karate.driver.DriverOptions - devtools error: [id: 32, result: [type: MAP, value: {type=object, subtype=error, className=TypeError, description=TypeError: Cannot read property 'outerHTML' of null
    at <anonymous>:1:32, objectId={"injectedScriptId":4,"id":1}}]]
18:46:05.248 [com.intuit.karate.cli.Main.main()] WARN  c.intuit.karate.driver.DriverOptions - js eval failed once:document.querySelector("title")['outerHTML'], error: {"type":"object","subtype":"error","className":"TypeError","description":"TypeError: Cannot read property 'outerHTML' of null\n    at <anonymous>:1:32","objectId":"{\"injectedScriptId\":4,\"id\":1}"}
18:46:38.311 [com.intuit.karate.cli.Main.main()] ERROR c.intuit.karate.driver.DriverOptions - << timed out after milliseconds: 30000 - [id: 34, method: Runtime.evaluate, params: {"expression":"document.querySelector(\"button[type=submit]\").click()","returnByValue":true}]
18:46:38.370 [com.intuit.karate.cli.Main.main()] ERROR com.intuit.karate - src/test/karate-ui/principal.feature:22
* submit().click("button[type=submit]")
>>>> js failed:
01: submit().click("button[type=submit]")
<<<<
org.graalvm.polyglot.PolyglotException
- com.intuit.karate.driver.DevToolsDriver.eval(DevToolsDriver.java:261)
- com.intuit.karate.driver.DevToolsDriver.eval(DevToolsDriver.java:256)
- com.intuit.karate.driver.DevToolsDriver.click(DevToolsDriver.java:477)
- <js>.:program(Unnamed:1)

src/test/karate-ui/principal.feature:22
18:46:38.837 [chrome_1618764348072] WARN  com.intuit.karate.shell.Command - exit code was non-zero: 137 - [/opt/google/chrome/google-chrome, --remote-debugging-port=9222, --no-first-run, --user-data-dir=/home/alumno/Escritorio/IW/GoTour/target/chrome_1618764348072, --disable-popup-blocking] working dir: target/chrome_1618764348072
18:46:40.672 [com.intuit.karate.cli.Main.main()] INFO  com.intuit.karate.Suite - <<fail>> feature 1 of 1 (0 remaining) src/test/karate-ui/principal.feature
18:47:42.718 [com.intuit.karate.cli.Main.main()] INFO  com.intuit.karate - Karate version: 1.0.1
18:47:43.318 [com.intuit.karate.cli.Main.main()] INFO  com.intuit.karate.Suite - backed up existing 'target/karate-reports' dir to: target/karate-reports_1618764463310
18:47:52.099 [com.intuit.karate.cli.Main.main()] WARN  c.intuit.karate.driver.DriverOptions - unknown character / key code: S
18:47:52.115 [com.intuit.karate.cli.Main.main()] WARN  c.intuit.karate.driver.DriverOptions - unknown character / key code: P
18:47:52.133 [com.intuit.karate.cli.Main.main()] WARN  c.intuit.karate.driver.DriverOptions - unknown character / key code: A
18:47:52.166 [com.intuit.karate.cli.Main.main()] WARN  c.intuit.karate.driver.DriverOptions - unknown character / key code: C
18:47:52.191 [com.intuit.karate.cli.Main.main()] WARN  c.intuit.karate.driver.DriverOptions - unknown character / key code: E
18:47:52.215 [com.intuit.karate.cli.Main.main()] WARN  c.intuit.karate.driver.DriverOptions - unknown character / key code: M
18:47:52.229 [com.intuit.karate.cli.Main.main()] WARN  c.intuit.karate.driver.DriverOptions - unknown character / key code: A
18:47:52.238 [com.intuit.karate.cli.Main.main()] WARN  c.intuit.karate.driver.DriverOptions - unknown character / key code: R
18:47:52.246 [com.intuit.karate.cli.Main.main()] WARN  c.intuit.karate.driver.DriverOptions - unknown character / key code: I
18:47:52.270 [com.intuit.karate.cli.Main.main()] WARN  c.intuit.karate.driver.DriverOptions - unknown character / key code: N
18:47:52.286 [com.intuit.karate.cli.Main.main()] WARN  c.intuit.karate.driver.DriverOptions - unknown character / key code: E
18:47:53.571 [nioEventLoopGroup-2-1] WARN  c.intuit.karate.driver.DriverOptions - devtools error: [id: 29, result: [type: MAP, value: {type=object, subtype=error, className=TypeError, description=TypeError: Cannot read property 'outerHTML' of null
    at <anonymous>:1:32, objectId={"injectedScriptId":3,"id":1}}]]
18:47:53.583 [com.intuit.karate.cli.Main.main()] WARN  c.intuit.karate.driver.DriverOptions - js eval failed once:document.querySelector("title")['outerHTML'], error: {"type":"object","subtype":"error","className":"TypeError","description":"TypeError: Cannot read property 'outerHTML' of null\n    at <anonymous>:1:32","objectId":"{\"injectedScriptId\":3,\"id\":1}"}
18:47:59.777 [nioEventLoopGroup-2-1] WARN  c.intuit.karate.driver.DriverOptions - devtools error: [id: 33, result: [type: MAP, value: {type=object, subtype=error, className=TypeError, description=TypeError: Cannot read property 'outerHTML' of null
    at <anonymous>:1:32, objectId={"injectedScriptId":4,"id":1}}]]
18:47:59.778 [com.intuit.karate.cli.Main.main()] WARN  c.intuit.karate.driver.DriverOptions - js eval failed once:document.querySelector("title")['outerHTML'], error: {"type":"object","subtype":"error","className":"TypeError","description":"TypeError: Cannot read property 'outerHTML' of null\n    at <anonymous>:1:32","objectId":"{\"injectedScriptId\":4,\"id\":1}"}
18:48:10.693 [chrome_1618764465490] WARN  com.intuit.karate.shell.Command - exit code was non-zero: 137 - [/opt/google/chrome/google-chrome, --remote-debugging-port=9222, --no-first-run, --user-data-dir=/home/alumno/Escritorio/IW/GoTour/target/chrome_1618764465490, --disable-popup-blocking] working dir: target/chrome_1618764465490
18:48:12.730 [com.intuit.karate.cli.Main.main()] INFO  com.intuit.karate.Suite - <<pass>> feature 1 of 1 (0 remaining) src/test/karate-ui/principal.feature
